<?xml version="1.0" encoding="utf-8"?>
<!DOCTYPE coverage SYSTEM "http://cobertura.sourceforge.net/xml/coverage-04.dtd">
<coverage line-rate="0.7282352941176471" branch-rate="0.49707602339181284" lines-covered="619" lines-valid="850" branches-covered="170" branches-valid="342" complexity="426" version="0" timestamp="1758261451">
  <sources>
    <source>C:\Users\gianl\source\repos\Progesi\src\ProgesiCore\</source>
    <source>C:\Users\gianl\source\repos\Progesi\src\</source>
  </sources>
  <packages>
    <package name="ProgesiCore" line-rate="0.823045267489712" branch-rate="0.6052631578947368" complexity="177">
      <classes>
        <class name="ProgesiCore.ProgesiHash" filename="C:\Users\gianl\source\repos\Progesi\src\ProgesiCore\ProgesiHash.cs" line-rate="0.9402985074626866" branch-rate="0.5869565217391305" complexity="47">
          <methods>
            <method name="CanonicalValue" signature="(System.Object)" line-rate="0.6923076923076923" branch-rate="0.55" complexity="20">
              <lines>
                <line number="19" hits="116" branch="true" condition-coverage="63% (10/16)" />
                <line number="20" hits="116" branch="false" />
                <line number="21" hits="116" branch="false" />
                <line number="22" hits="116" branch="false" />
                <line number="23" hits="8" branch="false" />
                <line number="24" hits="4" branch="true" condition-coverage="50% (1/2)" />
                <line number="25" hits="72" branch="false" />
                <line number="26" hits="0" branch="false" />
                <line number="27" hits="4" branch="false" />
                <line number="28" hits="0" branch="false" />
                <line number="29" hits="0" branch="false" />
                <line number="30" hits="0" branch="true" condition-coverage="0% (0/2)" />
                <line number="31" hits="116" branch="false" />
              </lines>
            </method>
            <method name="Sha256Hex" signature="(System.String)" line-rate="1" branch-rate="0.5" complexity="2">
              <lines>
                <line number="36" hits="532" branch="false" />
                <line number="37" hits="532" branch="true" condition-coverage="50% (1/2)" />
                <line number="38" hits="532" branch="false" />
                <line number="39" hits="17556" branch="false" />
                <line number="40" hits="532" branch="false" />
              </lines>
            </method>
            <method name="Sha256Hex" signature="(System.Byte[])" line-rate="1" branch-rate="0.5" complexity="2">
              <lines>
                <line number="44" hits="472" branch="false" />
                <line number="45" hits="472" branch="true" condition-coverage="50% (1/2)" />
                <line number="46" hits="15576" branch="false" />
                <line number="47" hits="472" branch="false" />
              </lines>
            </method>
            <method name="NormalizeUri" signature="(System.Uri)" line-rate="1" branch-rate="1" complexity="4">
              <lines>
                <line number="52" hits="884" branch="false" />
                <line number="53" hits="884" branch="true" condition-coverage="100% (2/2)" />
                <line number="55" hits="884" branch="false" />
                <line number="56" hits="884" branch="false" />
                <line number="58" hits="884" branch="true" condition-coverage="100% (2/2)" />
                <line number="60" hits="832" branch="false" />
                <line number="63" hits="884" branch="false" />
              </lines>
            </method>
            <method name="Compute" signature="(ProgesiCore.ProgesiVariable)" line-rate="1" branch-rate="0.5" complexity="4">
              <lines>
                <line number="69" hits="272" branch="true" condition-coverage="50% (1/2)" />
                <line number="70" hits="68" branch="false" />
                <line number="71" hits="68" branch="false" />
                <line number="72" hits="68" branch="false" />
                <line number="73" hits="68" branch="false" />
                <line number="74" hits="68" branch="false" />
                <line number="75" hits="68" branch="false" />
                <line number="76" hits="68" branch="false" />
                <line number="77" hits="68" branch="true" condition-coverage="50% (1/2)" />
                <line number="78" hits="68" branch="false" />
              </lines>
            </method>
            <method name="Compute" signature="(ProgesiCore.ProgesiMetadata)" line-rate="1" branch-rate="0.5714285714285714" complexity="14">
              <lines>
                <line number="84" hits="464" branch="true" condition-coverage="50% (1/2)" />
                <line number="85" hits="464" branch="false" />
                <line number="86" hits="884" branch="false" />
                <line number="87" hits="464" branch="false" />
                <line number="89" hits="464" branch="true" condition-coverage="50% (1/2)" />
                <line number="90" hits="472" branch="true" condition-coverage="67% (4/6)" />
                <line number="91" hits="472" branch="false" />
                <line number="92" hits="472" branch="false" />
                <line number="93" hits="472" branch="false" />
                <line number="94" hits="472" branch="false" />
                <line number="95" hits="472" branch="false" />
                <line number="96" hits="472" branch="false" />
                <line number="97" hits="472" branch="false" />
                <line number="98" hits="472" branch="false" />
                <line number="99" hits="464" branch="false" />
                <line number="101" hits="464" branch="true" condition-coverage="50% (1/2)" />
                <line number="102" hits="464" branch="false" />
                <line number="103" hits="464" branch="false" />
                <line number="104" hits="464" branch="false" />
                <line number="105" hits="464" branch="false" />
                <line number="106" hits="464" branch="false" />
                <line number="107" hits="464" branch="false" />
                <line number="109" hits="464" branch="true" condition-coverage="50% (1/2)" />
                <line number="110" hits="464" branch="false" />
              </lines>
            </method>
            <method name=".cctor" signature="()" line-rate="1" branch-rate="1" complexity="1">
              <lines>
                <line number="11" hits="8" branch="false" />
                <line number="12" hits="8" branch="false" />
                <line number="13" hits="8" branch="false" />
                <line number="14" hits="8" branch="false" />
              </lines>
            </method>
          </methods>
          <lines>
            <line number="11" hits="8" branch="false" />
            <line number="12" hits="8" branch="false" />
            <line number="13" hits="8" branch="false" />
            <line number="14" hits="8" branch="false" />
            <line number="19" hits="116" branch="true" condition-coverage="63% (10/16)" />
            <line number="20" hits="116" branch="false" />
            <line number="21" hits="116" branch="false" />
            <line number="22" hits="116" branch="false" />
            <line number="23" hits="8" branch="false" />
            <line number="24" hits="4" branch="true" condition-coverage="50% (1/2)" />
            <line number="25" hits="72" branch="false" />
            <line number="26" hits="0" branch="false" />
            <line number="27" hits="4" branch="false" />
            <line number="28" hits="0" branch="false" />
            <line number="29" hits="0" branch="false" />
            <line number="30" hits="0" branch="true" condition-coverage="0% (0/2)" />
            <line number="31" hits="116" branch="false" />
            <line number="36" hits="532" branch="false" />
            <line number="37" hits="532" branch="true" condition-coverage="50% (1/2)" />
            <line number="38" hits="532" branch="false" />
            <line number="39" hits="17556" branch="false" />
            <line number="40" hits="532" branch="false" />
            <line number="44" hits="472" branch="false" />
            <line number="45" hits="472" branch="true" condition-coverage="50% (1/2)" />
            <line number="46" hits="15576" branch="false" />
            <line number="47" hits="472" branch="false" />
            <line number="52" hits="884" branch="false" />
            <line number="53" hits="884" branch="true" condition-coverage="100% (2/2)" />
            <line number="55" hits="884" branch="false" />
            <line number="56" hits="884" branch="false" />
            <line number="58" hits="884" branch="true" condition-coverage="100% (2/2)" />
            <line number="60" hits="832" branch="false" />
            <line number="63" hits="884" branch="false" />
            <line number="69" hits="272" branch="true" condition-coverage="50% (1/2)" />
            <line number="70" hits="68" branch="false" />
            <line number="71" hits="68" branch="false" />
            <line number="72" hits="68" branch="false" />
            <line number="73" hits="68" branch="false" />
            <line number="74" hits="68" branch="false" />
            <line number="75" hits="68" branch="false" />
            <line number="76" hits="68" branch="false" />
            <line number="77" hits="68" branch="true" condition-coverage="50% (1/2)" />
            <line number="78" hits="68" branch="false" />
            <line number="84" hits="464" branch="true" condition-coverage="50% (1/2)" />
            <line number="85" hits="464" branch="false" />
            <line number="86" hits="884" branch="false" />
            <line number="87" hits="464" branch="false" />
            <line number="89" hits="464" branch="true" condition-coverage="50% (1/2)" />
            <line number="90" hits="472" branch="true" condition-coverage="67% (4/6)" />
            <line number="91" hits="472" branch="false" />
            <line number="92" hits="472" branch="false" />
            <line number="93" hits="472" branch="false" />
            <line number="94" hits="472" branch="false" />
            <line number="95" hits="472" branch="false" />
            <line number="96" hits="472" branch="false" />
            <line number="97" hits="472" branch="false" />
            <line number="98" hits="472" branch="false" />
            <line number="99" hits="464" branch="false" />
            <line number="101" hits="464" branch="true" condition-coverage="50% (1/2)" />
            <line number="102" hits="464" branch="false" />
            <line number="103" hits="464" branch="false" />
            <line number="104" hits="464" branch="false" />
            <line number="105" hits="464" branch="false" />
            <line number="106" hits="464" branch="false" />
            <line number="107" hits="464" branch="false" />
            <line number="109" hits="464" branch="true" condition-coverage="50% (1/2)" />
            <line number="110" hits="464" branch="false" />
          </lines>
        </class>
        <class name="ProgesiCore.ProgesiMetadata" filename="C:\Users\gianl\source\repos\Progesi\src\ProgesiCore\ProgesiMetadata.cs" line-rate="0.7023809523809523" branch-rate="0.5909090909090909" complexity="53">
          <methods>
            <method name="Create" signature="(System.String,System.String,System.Collections.Generic.IEnumerable`1&lt;System.Uri&gt;,System.Collections.Generic.IEnumerable`1&lt;ProgesiCore.ProgesiSnip&gt;,System.Nullable`1&lt;System.DateTime&gt;,System.Nullable`1&lt;System.Int32&gt;)" line-rate="1" branch-rate="1" complexity="2">
              <lines>
                <line number="66" hits="508" branch="true" condition-coverage="100% (2/2)" />
                <line number="67" hits="508" branch="false" />
                <line number="68" hits="508" branch="false" />
                <line number="69" hits="508" branch="false" />
                <line number="70" hits="508" branch="false" />
                <line number="71" hits="508" branch="false" />
                <line number="72" hits="508" branch="false" />
              </lines>
            </method>
            <method name="get_Id" signature="()" line-rate="1" branch-rate="1" complexity="1">
              <lines>
                <line number="78" hits="1444" branch="false" />
              </lines>
            </method>
            <method name="get_LastModified" signature="()" line-rate="1" branch-rate="1" complexity="1">
              <lines>
                <line number="80" hits="1272" branch="false" />
              </lines>
            </method>
            <method name="get_CreatedBy" signature="()" line-rate="1" branch-rate="1" complexity="1">
              <lines>
                <line number="81" hits="1812" branch="false" />
              </lines>
            </method>
            <method name="get_AdditionalInfo" signature="()" line-rate="1" branch-rate="1" complexity="1">
              <lines>
                <line number="82" hits="1800" branch="false" />
              </lines>
            </method>
            <method name="get_References" signature="()" line-rate="1" branch-rate="1" complexity="1">
              <lines>
                <line number="85" hits="2304" branch="false" />
              </lines>
            </method>
            <method name="get_Snips" signature="()" line-rate="1" branch-rate="1" complexity="1">
              <lines>
                <line number="87" hits="796" branch="false" />
              </lines>
            </method>
            <method name="UpdateAdditionalInfo" signature="(System.String)" line-rate="0" branch-rate="0" complexity="2">
              <lines>
                <line number="91" hits="0" branch="true" condition-coverage="0% (0/2)" />
                <line number="92" hits="0" branch="false" />
                <line number="93" hits="0" branch="false" />
              </lines>
            </method>
            <method name="AddReference" signature="(System.Uri)" line-rate="0.8571428571428571" branch-rate="0.75" complexity="4">
              <lines>
                <line number="97" hits="32" branch="true" condition-coverage="50% (1/2)" />
                <line number="99" hits="0" branch="false" />
                <line number="102" hits="32" branch="false" />
                <line number="103" hits="32" branch="true" condition-coverage="100% (2/2)" />
                <line number="105" hits="28" branch="false" />
                <line number="108" hits="32" branch="false" />
                <line number="109" hits="32" branch="false" />
              </lines>
            </method>
            <method name="AddReferences" signature="(System.Collections.Generic.IEnumerable`1&lt;System.Uri&gt;)" line-rate="0" branch-rate="0" complexity="8">
              <lines>
                <line number="113" hits="0" branch="true" condition-coverage="0% (0/2)" />
                <line number="115" hits="0" branch="false" />
                <line number="118" hits="0" branch="true" condition-coverage="0% (0/2)" />
                <line number="120" hits="0" branch="true" condition-coverage="0% (0/2)" />
                <line number="125" hits="0" branch="false" />
                <line number="126" hits="0" branch="true" condition-coverage="0% (0/2)" />
                <line number="128" hits="0" branch="false" />
                <line number="131" hits="0" branch="false" />
                <line number="132" hits="0" branch="false" />
              </lines>
            </method>
            <method name="RemoveReference" signature="(System.Uri)" line-rate="0.8333333333333334" branch-rate="0.75" complexity="4">
              <lines>
                <line number="136" hits="4" branch="true" condition-coverage="50% (1/2)" />
                <line number="138" hits="0" branch="false" />
                <line number="141" hits="4" branch="false" />
                <line number="142" hits="4" branch="true" condition-coverage="100% (2/2)" />
                <line number="144" hits="4" branch="false" />
                <line number="147" hits="4" branch="false" />
              </lines>
            </method>
            <method name="AddSnip" signature="(System.Byte[],System.String,System.String,System.Uri)" line-rate="1" branch-rate="1" complexity="1">
              <lines>
                <line number="152" hits="80" branch="false" />
                <line number="153" hits="72" branch="false" />
                <line number="154" hits="72" branch="false" />
                <line number="155" hits="72" branch="false" />
              </lines>
            </method>
            <method name="RemoveSnip" signature="(System.Guid)" line-rate="1" branch-rate="1" complexity="2">
              <lines>
                <line number="160" hits="16" branch="false" />
                <line number="161" hits="8" branch="true" condition-coverage="100% (2/2)" />
                <line number="163" hits="4" branch="false" />
                <line number="166" hits="4" branch="false" />
                <line number="167" hits="4" branch="false" />
                <line number="168" hits="4" branch="false" />
              </lines>
            </method>
            <method name="Touch" signature="()" line-rate="1" branch-rate="1" complexity="1">
              <lines>
                <line number="173" hits="116" branch="false" />
                <line number="174" hits="116" branch="false" />
              </lines>
            </method>
            <method name=".ctor" signature="()" line-rate="0.6666666666666666" branch-rate="1" complexity="1">
              <lines>
                <line number="9" hits="508" branch="false" />
                <line number="10" hits="508" branch="false" />
                <line number="12" hits="0" branch="false" />
              </lines>
            </method>
            <method name=".ctor" signature="(System.Int32,System.DateTime,System.String,System.String,System.Collections.Generic.IEnumerable`1&lt;System.Uri&gt;,System.Collections.Generic.IEnumerable`1&lt;ProgesiCore.ProgesiSnip&gt;)" line-rate="0.9545454545454546" branch-rate="0.8888888888888888" complexity="18">
              <lines>
                <line number="14" hits="508" branch="false" />
                <line number="15" hits="508" branch="false" />
                <line number="16" hits="508" branch="false" />
                <line number="17" hits="508" branch="false" />
                <line number="18" hits="508" branch="false" />
                <line number="19" hits="508" branch="false" />
                <line number="20" hits="508" branch="false" />
                <line number="22" hits="508" branch="true" condition-coverage="50% (1/2)" />
                <line number="24" hits="0" branch="false" />
                <line number="27" hits="508" branch="false" />
                <line number="28" hits="508" branch="false" />
                <line number="29" hits="508" branch="true" condition-coverage="50% (1/2)" />
                <line number="30" hits="508" branch="true" condition-coverage="100% (2/2)" />
                <line number="32" hits="508" branch="true" condition-coverage="100% (2/2)" />
                <line number="34" hits="2784" branch="true" condition-coverage="100% (2/2)" />
                <line number="36" hits="920" branch="true" condition-coverage="100% (2/2)" />
                <line number="41" hits="920" branch="false" />
                <line number="45" hits="508" branch="true" condition-coverage="100% (2/2)" />
                <line number="47" hits="1736" branch="true" condition-coverage="100% (2/2)" />
                <line number="50" hits="440" branch="true" condition-coverage="100% (2/2)" />
                <line number="52" hits="440" branch="false" />
                <line number="56" hits="508" branch="false" />
              </lines>
            </method>
            <method name="GetEqualityComponents" signature="()" line-rate="0" branch-rate="0" complexity="4">
              <lines>
                <line number="178" hits="0" branch="false" />
                <line number="179" hits="0" branch="false" />
                <line number="180" hits="0" branch="false" />
                <line number="182" hits="0" branch="true" condition-coverage="0% (0/2)" />
                <line number="184" hits="0" branch="false" />
                <line number="187" hits="0" branch="true" condition-coverage="0% (0/2)" />
                <line number="189" hits="0" branch="false" />
                <line number="192" hits="0" branch="false" />
                <line number="193" hits="0" branch="false" />
              </lines>
            </method>
          </methods>
          <lines>
            <line number="9" hits="508" branch="false" />
            <line number="10" hits="508" branch="false" />
            <line number="12" hits="0" branch="false" />
            <line number="14" hits="508" branch="false" />
            <line number="15" hits="508" branch="false" />
            <line number="16" hits="508" branch="false" />
            <line number="17" hits="508" branch="false" />
            <line number="18" hits="508" branch="false" />
            <line number="19" hits="508" branch="false" />
            <line number="20" hits="508" branch="false" />
            <line number="22" hits="508" branch="true" condition-coverage="50% (1/2)" />
            <line number="24" hits="0" branch="false" />
            <line number="27" hits="508" branch="false" />
            <line number="28" hits="508" branch="false" />
            <line number="29" hits="508" branch="true" condition-coverage="50% (1/2)" />
            <line number="30" hits="508" branch="true" condition-coverage="100% (2/2)" />
            <line number="32" hits="508" branch="true" condition-coverage="100% (2/2)" />
            <line number="34" hits="2784" branch="true" condition-coverage="100% (2/2)" />
            <line number="36" hits="920" branch="true" condition-coverage="100% (2/2)" />
            <line number="41" hits="920" branch="false" />
            <line number="45" hits="508" branch="true" condition-coverage="100% (2/2)" />
            <line number="47" hits="1736" branch="true" condition-coverage="100% (2/2)" />
            <line number="50" hits="440" branch="true" condition-coverage="100% (2/2)" />
            <line number="52" hits="440" branch="false" />
            <line number="56" hits="508" branch="false" />
            <line number="66" hits="508" branch="true" condition-coverage="100% (2/2)" />
            <line number="67" hits="508" branch="false" />
            <line number="68" hits="508" branch="false" />
            <line number="69" hits="508" branch="false" />
            <line number="70" hits="508" branch="false" />
            <line number="71" hits="508" branch="false" />
            <line number="72" hits="508" branch="false" />
            <line number="78" hits="1444" branch="false" />
            <line number="80" hits="1272" branch="false" />
            <line number="81" hits="1812" branch="false" />
            <line number="82" hits="1800" branch="false" />
            <line number="85" hits="2304" branch="false" />
            <line number="87" hits="796" branch="false" />
            <line number="91" hits="0" branch="true" condition-coverage="0% (0/2)" />
            <line number="92" hits="0" branch="false" />
            <line number="93" hits="0" branch="false" />
            <line number="97" hits="32" branch="true" condition-coverage="50% (1/2)" />
            <line number="99" hits="0" branch="false" />
            <line number="102" hits="32" branch="false" />
            <line number="103" hits="32" branch="true" condition-coverage="100% (2/2)" />
            <line number="105" hits="28" branch="false" />
            <line number="108" hits="32" branch="false" />
            <line number="109" hits="32" branch="false" />
            <line number="113" hits="0" branch="true" condition-coverage="0% (0/2)" />
            <line number="115" hits="0" branch="false" />
            <line number="118" hits="0" branch="true" condition-coverage="0% (0/2)" />
            <line number="120" hits="0" branch="true" condition-coverage="0% (0/2)" />
            <line number="125" hits="0" branch="false" />
            <line number="126" hits="0" branch="true" condition-coverage="0% (0/2)" />
            <line number="128" hits="0" branch="false" />
            <line number="131" hits="0" branch="false" />
            <line number="132" hits="0" branch="false" />
            <line number="136" hits="4" branch="true" condition-coverage="50% (1/2)" />
            <line number="138" hits="0" branch="false" />
            <line number="141" hits="4" branch="false" />
            <line number="142" hits="4" branch="true" condition-coverage="100% (2/2)" />
            <line number="144" hits="4" branch="false" />
            <line number="147" hits="4" branch="false" />
            <line number="152" hits="80" branch="false" />
            <line number="153" hits="72" branch="false" />
            <line number="154" hits="72" branch="false" />
            <line number="155" hits="72" branch="false" />
            <line number="160" hits="16" branch="false" />
            <line number="161" hits="8" branch="true" condition-coverage="100% (2/2)" />
            <line number="163" hits="4" branch="false" />
            <line number="166" hits="4" branch="false" />
            <line number="167" hits="4" branch="false" />
            <line number="168" hits="4" branch="false" />
            <line number="173" hits="116" branch="false" />
            <line number="174" hits="116" branch="false" />
            <line number="178" hits="0" branch="false" />
            <line number="179" hits="0" branch="false" />
            <line number="180" hits="0" branch="false" />
            <line number="182" hits="0" branch="true" condition-coverage="0% (0/2)" />
            <line number="184" hits="0" branch="false" />
            <line number="187" hits="0" branch="true" condition-coverage="0% (0/2)" />
            <line number="189" hits="0" branch="false" />
            <line number="192" hits="0" branch="false" />
            <line number="193" hits="0" branch="false" />
          </lines>
        </class>
        <class name="ProgesiCore.ProgesiSnip" filename="C:\Users\gianl\source\repos\Progesi\src\ProgesiCore\ProgesiMetadata.cs" line-rate="0.72" branch-rate="0.7142857142857143" complexity="20">
          <methods>
            <method name="Create" signature="(System.Byte[],System.String,System.String,System.Uri)" line-rate="1" branch-rate="1" complexity="2">
              <lines>
                <line number="226" hits="512" branch="true" condition-coverage="100% (2/2)" />
              </lines>
            </method>
            <method name="get_Id" signature="()" line-rate="1" branch-rate="1" complexity="1">
              <lines>
                <line number="229" hits="840" branch="false" />
              </lines>
            </method>
            <method name="get_Content" signature="()" line-rate="1" branch-rate="1" complexity="1">
              <lines>
                <line number="230" hits="1816" branch="false" />
              </lines>
            </method>
            <method name="get_MimeType" signature="()" line-rate="1" branch-rate="1" complexity="1">
              <lines>
                <line number="231" hits="1812" branch="false" />
              </lines>
            </method>
            <method name="get_Caption" signature="()" line-rate="1" branch-rate="1" complexity="1">
              <lines>
                <line number="232" hits="1348" branch="false" />
              </lines>
            </method>
            <method name="get_Source" signature="()" line-rate="1" branch-rate="1" complexity="1">
              <lines>
                <line number="233" hits="1308" branch="false" />
              </lines>
            </method>
            <method name=".ctor" signature="()" line-rate="0" branch-rate="1" complexity="1">
              <lines>
                <line number="198" hits="0" branch="false" />
              </lines>
            </method>
            <method name=".ctor" signature="(System.Guid,System.Byte[],System.String,System.String,System.String)" line-rate="0.9230769230769231" branch-rate="0.8" complexity="10">
              <lines>
                <line number="200" hits="512" branch="false" />
                <line number="202" hits="512" branch="true" condition-coverage="50% (1/2)" />
                <line number="204" hits="0" branch="false" />
                <line number="207" hits="512" branch="true" condition-coverage="100% (4/4)" />
                <line number="209" hits="4" branch="false" />
                <line number="212" hits="508" branch="true" condition-coverage="100% (2/2)" />
                <line number="214" hits="4" branch="false" />
                <line number="217" hits="504" branch="false" />
                <line number="218" hits="504" branch="false" />
                <line number="219" hits="504" branch="false" />
                <line number="220" hits="504" branch="true" condition-coverage="50% (1/2)" />
                <line number="221" hits="504" branch="false" />
                <line number="222" hits="504" branch="false" />
              </lines>
            </method>
            <method name="GetEqualityComponents" signature="()" line-rate="0" branch-rate="0" complexity="2">
              <lines>
                <line number="237" hits="0" branch="false" />
                <line number="238" hits="0" branch="false" />
                <line number="239" hits="0" branch="false" />
                <line number="240" hits="0" branch="true" condition-coverage="0% (0/2)" />
                <line number="241" hits="0" branch="false" />
              </lines>
            </method>
          </methods>
          <lines>
            <line number="198" hits="0" branch="false" />
            <line number="200" hits="512" branch="false" />
            <line number="202" hits="512" branch="true" condition-coverage="50% (1/2)" />
            <line number="204" hits="0" branch="false" />
            <line number="207" hits="512" branch="true" condition-coverage="100% (4/4)" />
            <line number="209" hits="4" branch="false" />
            <line number="212" hits="508" branch="true" condition-coverage="100% (2/2)" />
            <line number="214" hits="4" branch="false" />
            <line number="217" hits="504" branch="false" />
            <line number="218" hits="504" branch="false" />
            <line number="219" hits="504" branch="false" />
            <line number="220" hits="504" branch="true" condition-coverage="50% (1/2)" />
            <line number="221" hits="504" branch="false" />
            <line number="222" hits="504" branch="false" />
            <line number="226" hits="512" branch="true" condition-coverage="100% (2/2)" />
            <line number="229" hits="840" branch="false" />
            <line number="230" hits="1816" branch="false" />
            <line number="231" hits="1812" branch="false" />
            <line number="232" hits="1348" branch="false" />
            <line number="233" hits="1308" branch="false" />
            <line number="237" hits="0" branch="false" />
            <line number="238" hits="0" branch="false" />
            <line number="239" hits="0" branch="false" />
            <line number="240" hits="0" branch="true" condition-coverage="0% (0/2)" />
            <line number="241" hits="0" branch="false" />
          </lines>
        </class>
        <class name="ProgesiCore.ProgesiVariable" filename="C:\Users\gianl\source\repos\Progesi\src\ProgesiCore\ProgesiVariable.cs" line-rate="1" branch-rate="0.625" complexity="15">
          <methods>
            <method name="get_Id" signature="()" line-rate="1" branch-rate="1" complexity="1">
              <lines>
                <line number="10" hits="248" branch="false" />
              </lines>
            </method>
            <method name="get_Name" signature="()" line-rate="1" branch-rate="1" complexity="1">
              <lines>
                <line number="11" hits="384" branch="false" />
              </lines>
            </method>
            <method name="get_Value" signature="()" line-rate="1" branch-rate="1" complexity="1">
              <lines>
                <line number="12" hits="292" branch="false" />
              </lines>
            </method>
            <method name="get_DependsFrom" signature="()" line-rate="1" branch-rate="1" complexity="1">
              <lines>
                <line number="13" hits="372" branch="false" />
              </lines>
            </method>
            <method name="get_MetadataId" signature="()" line-rate="1" branch-rate="1" complexity="1">
              <lines>
                <line number="14" hits="272" branch="false" />
              </lines>
            </method>
            <method name=".ctor" signature="(System.Int32,System.String,System.Object,System.Collections.Generic.IEnumerable`1&lt;System.Int32&gt;,System.Nullable`1&lt;System.Int32&gt;)" line-rate="1" branch-rate="0.5" complexity="4">
              <lines>
                <line number="16" hits="132" branch="false" />
                <line number="18" hits="132" branch="false" />
                <line number="19" hits="132" branch="false" />
                <line number="21" hits="132" branch="false" />
                <line number="22" hits="132" branch="false" />
                <line number="23" hits="132" branch="false" />
                <line number="24" hits="132" branch="true" condition-coverage="50% (2/4)" />
                <line number="25" hits="132" branch="false" />
                <line number="26" hits="132" branch="false" />
              </lines>
            </method>
            <method name="GetEqualityComponents" signature="()" line-rate="1" branch-rate="0.75" complexity="6">
              <lines>
                <line number="31" hits="32" branch="false" />
                <line number="32" hits="32" branch="false" />
                <line number="34" hits="32" branch="true" condition-coverage="100% (2/2)" />
                <line number="35" hits="24" branch="false" />
                <line number="36" hits="264" branch="false" />
                <line number="38" hits="72" branch="false" />
                <line number="41" hits="24" branch="true" condition-coverage="50% (1/2)" />
                <line number="42" hits="24" branch="false" />
              </lines>
            </method>
          </methods>
          <lines>
            <line number="10" hits="248" branch="false" />
            <line number="11" hits="384" branch="false" />
            <line number="12" hits="292" branch="false" />
            <line number="13" hits="372" branch="false" />
            <line number="14" hits="272" branch="false" />
            <line number="16" hits="132" branch="false" />
            <line number="18" hits="132" branch="false" />
            <line number="19" hits="132" branch="false" />
            <line number="21" hits="132" branch="false" />
            <line number="22" hits="132" branch="false" />
            <line number="23" hits="132" branch="false" />
            <line number="24" hits="132" branch="true" condition-coverage="50% (2/4)" />
            <line number="25" hits="132" branch="false" />
            <line number="26" hits="132" branch="false" />
            <line number="31" hits="32" branch="false" />
            <line number="32" hits="32" branch="false" />
            <line number="34" hits="32" branch="true" condition-coverage="100% (2/2)" />
            <line number="35" hits="24" branch="false" />
            <line number="36" hits="264" branch="false" />
            <line number="38" hits="72" branch="false" />
            <line number="41" hits="24" branch="true" condition-coverage="50% (1/2)" />
            <line number="42" hits="24" branch="false" />
          </lines>
        </class>
        <class name="ProgesiCore.ValueObject" filename="C:\Users\gianl\source\repos\Progesi\src\ProgesiCore\ProgesiValuesObject.cs" line-rate="0.8444444444444444" branch-rate="0.6" complexity="42">
          <methods>
            <method name="Equals" signature="(System.Object)" line-rate="0.8333333333333334" branch-rate="0.75" complexity="4">
              <lines>
                <line number="19" hits="28" branch="true" condition-coverage="50% (1/2)" />
                <line number="21" hits="0" branch="false" />
                <line number="24" hits="28" branch="true" condition-coverage="100% (2/2)" />
                <line number="26" hits="4" branch="false" />
                <line number="29" hits="24" branch="false" />
                <line number="31" hits="24" branch="false" />
              </lines>
            </method>
            <method name="GetHashCode" signature="()" line-rate="1" branch-rate="0.75" complexity="4">
              <lines>
                <line number="36" hits="36" branch="true" condition-coverage="100% (2/2)" />
                <line number="38" hits="24" branch="false" />
                <line number="39" hits="24" branch="false" />
                <line number="40" hits="24" branch="false" />
                <line number="41" hits="24" branch="false" />
                <line number="42" hits="24" branch="false" />
                <line number="43" hits="96" branch="true" condition-coverage="50% (1/2)" />
                <line number="44" hits="24" branch="false" />
                <line number="45" hits="24" branch="false" />
                <line number="48" hits="36" branch="false" />
              </lines>
            </method>
            <method name="CompareTo" signature="(System.Object)" line-rate="0.8333333333333334" branch-rate="0.6666666666666666" complexity="6">
              <lines>
                <line number="53" hits="4" branch="false" />
                <line number="54" hits="4" branch="false" />
                <line number="56" hits="4" branch="true" condition-coverage="50% (1/2)" />
                <line number="58" hits="0" branch="false" />
                <line number="61" hits="4" branch="false" />
                <line number="63" hits="4" branch="false" />
                <line number="64" hits="4" branch="false" />
                <line number="66" hits="24" branch="true" condition-coverage="100% (2/2)" />
                <line number="68" hits="8" branch="false" />
                <line number="69" hits="8" branch="true" condition-coverage="50% (1/2)" />
                <line number="71" hits="0" branch="false" />
                <line number="75" hits="4" branch="false" />
              </lines>
            </method>
            <method name="CompareComponents" signature="(System.Object,System.Object)" line-rate="0.6666666666666666" branch-rate="0.42857142857142855" complexity="14">
              <lines>
                <line number="80" hits="8" branch="true" condition-coverage="50% (2/4)" />
                <line number="82" hits="0" branch="false" />
                <line number="85" hits="8" branch="true" condition-coverage="50% (1/2)" />
                <line number="87" hits="0" branch="false" />
                <line number="90" hits="8" branch="true" condition-coverage="50% (1/2)" />
                <line number="92" hits="0" branch="false" />
                <line number="95" hits="8" branch="true" condition-coverage="33% (2/6)" />
                <line number="96" hits="8" branch="false" />
                <line number="97" hits="8" branch="false" />
              </lines>
            </method>
            <method name="CompareTo" signature="(ProgesiCore.ValueObject)" line-rate="1" branch-rate="1" complexity="1">
              <lines>
                <line number="102" hits="4" branch="false" />
              </lines>
            </method>
            <method name="op_Equality" signature="(ProgesiCore.ValueObject,ProgesiCore.ValueObject)" line-rate="0.6666666666666666" branch-rate="0.75" complexity="8">
              <lines>
                <line number="107" hits="156" branch="true" condition-coverage="75% (3/4)" />
                <line number="109" hits="0" branch="false" />
                <line number="112" hits="156" branch="true" condition-coverage="75% (3/4)" />
              </lines>
            </method>
            <method name="op_Inequality" signature="(ProgesiCore.ValueObject,ProgesiCore.ValueObject)" line-rate="1" branch-rate="1" complexity="1">
              <lines>
                <line number="117" hits="148" branch="false" />
              </lines>
            </method>
            <method name="GetUnproxiedType" signature="(System.Object)" line-rate="1" branch-rate="0.5" complexity="4">
              <lines>
                <line number="125" hits="64" branch="false" />
                <line number="126" hits="64" branch="false" />
                <line number="128" hits="64" branch="true" condition-coverage="50% (2/4)" />
              </lines>
            </method>
          </methods>
          <lines>
            <line number="19" hits="28" branch="true" condition-coverage="50% (1/2)" />
            <line number="21" hits="0" branch="false" />
            <line number="24" hits="28" branch="true" condition-coverage="100% (2/2)" />
            <line number="26" hits="4" branch="false" />
            <line number="29" hits="24" branch="false" />
            <line number="31" hits="24" branch="false" />
            <line number="36" hits="36" branch="true" condition-coverage="100% (2/2)" />
            <line number="38" hits="24" branch="false" />
            <line number="39" hits="24" branch="false" />
            <line number="40" hits="24" branch="false" />
            <line number="41" hits="24" branch="false" />
            <line number="42" hits="24" branch="false" />
            <line number="43" hits="96" branch="true" condition-coverage="50% (1/2)" />
            <line number="44" hits="24" branch="false" />
            <line number="45" hits="24" branch="false" />
            <line number="48" hits="36" branch="false" />
            <line number="53" hits="4" branch="false" />
            <line number="54" hits="4" branch="false" />
            <line number="56" hits="4" branch="true" condition-coverage="50% (1/2)" />
            <line number="58" hits="0" branch="false" />
            <line number="61" hits="4" branch="false" />
            <line number="63" hits="4" branch="false" />
            <line number="64" hits="4" branch="false" />
            <line number="66" hits="24" branch="true" condition-coverage="100% (2/2)" />
            <line number="68" hits="8" branch="false" />
            <line number="69" hits="8" branch="true" condition-coverage="50% (1/2)" />
            <line number="71" hits="0" branch="false" />
            <line number="75" hits="4" branch="false" />
            <line number="80" hits="8" branch="true" condition-coverage="50% (2/4)" />
            <line number="82" hits="0" branch="false" />
            <line number="85" hits="8" branch="true" condition-coverage="50% (1/2)" />
            <line number="87" hits="0" branch="false" />
            <line number="90" hits="8" branch="true" condition-coverage="50% (1/2)" />
            <line number="92" hits="0" branch="false" />
            <line number="95" hits="8" branch="true" condition-coverage="33% (2/6)" />
            <line number="96" hits="8" branch="false" />
            <line number="97" hits="8" branch="false" />
            <line number="102" hits="4" branch="false" />
            <line number="107" hits="156" branch="true" condition-coverage="75% (3/4)" />
            <line number="109" hits="0" branch="false" />
            <line number="112" hits="156" branch="true" condition-coverage="75% (3/4)" />
            <line number="117" hits="148" branch="false" />
            <line number="125" hits="64" branch="false" />
            <line number="126" hits="64" branch="false" />
            <line number="128" hits="64" branch="true" condition-coverage="50% (2/4)" />
          </lines>
        </class>
      </classes>
    </package>
    <package name="ProgesiRepositories.Sqlite" line-rate="0.6902800658978583" branch-rate="0.4105263157894737" complexity="249">
      <classes>
        <class name="ProgesiRepositories.Sqlite.FileLogger" filename="C:\Users\gianl\source\repos\Progesi\src\ProgesiRepositories.Sqlite\Logging.ErrorImpl.cs" line-rate="0" branch-rate="1" complexity="2">
          <methods>
            <method name="Error" signature="(System.String)" line-rate="0" branch-rate="1" complexity="1">
              <lines>
                <line number="13" hits="0" branch="false" />
              </lines>
            </method>
            <method name="Error" signature="(System.Exception,System.String)" line-rate="0" branch-rate="1" complexity="1">
              <lines>
                <line number="14" hits="0" branch="false" />
              </lines>
            </method>
          </methods>
          <lines>
            <line number="13" hits="0" branch="false" />
            <line number="14" hits="0" branch="false" />
          </lines>
        </class>
        <class name="ProgesiRepositories.Sqlite.FileLogger" filename="C:\Users\gianl\source\repos\Progesi\src\ProgesiRepositories.Sqlite\Logging.Extras.cs" line-rate="0" branch-rate="0" complexity="15">
          <methods>
            <method name="Now" signature="()" line-rate="0" branch-rate="1" complexity="1">
              <lines>
                <line number="41" hits="0" branch="false" />
              </lines>
            </method>
            <method name="Prefix" signature="(System.String)" line-rate="0" branch-rate="1" complexity="1">
              <lines>
                <line number="42" hits="0" branch="false" />
              </lines>
            </method>
            <method name="WriteLine" signature="(System.String)" line-rate="0" branch-rate="1" complexity="1">
              <lines>
                <line number="46" hits="0" branch="false" />
                <line number="48" hits="0" branch="false" />
                <line number="49" hits="0" branch="false" />
                <line number="50" hits="0" branch="false" />
              </lines>
            </method>
            <method name="Debug" signature="(System.String)" line-rate="0" branch-rate="1" complexity="1">
              <lines>
                <line number="52" hits="0" branch="false" />
              </lines>
            </method>
            <method name="Info" signature="(System.String)" line-rate="0" branch-rate="1" complexity="1">
              <lines>
                <line number="53" hits="0" branch="false" />
              </lines>
            </method>
            <method name="Warn" signature="(System.String)" line-rate="0" branch-rate="1" complexity="1">
              <lines>
                <line number="54" hits="0" branch="false" />
              </lines>
            </method>
            <method name="Error" signature="(System.String,System.Exception)" line-rate="0" branch-rate="0" complexity="2">
              <lines>
                <line number="57" hits="0" branch="false" />
                <line number="58" hits="0" branch="true" condition-coverage="0% (0/2)" />
                <line number="59" hits="0" branch="false" />
              </lines>
            </method>
            <method name="Dispose" signature="()" line-rate="0" branch-rate="1" complexity="1">
              <lines>
                <line number="61" hits="0" branch="false" />
              </lines>
            </method>
            <method name=".ctor" signature="(System.String)" line-rate="0" branch-rate="0" complexity="6">
              <lines>
                <line number="30" hits="0" branch="false" />
                <line number="31" hits="0" branch="false" />
                <line number="33" hits="0" branch="false" />
                <line number="35" hits="0" branch="true" condition-coverage="0% (0/2)" />
                <line number="36" hits="0" branch="false" />
                <line number="37" hits="0" branch="true" condition-coverage="0% (0/4)" />
                <line number="38" hits="0" branch="false" />
                <line number="39" hits="0" branch="false" />
              </lines>
            </method>
          </methods>
          <lines>
            <line number="30" hits="0" branch="false" />
            <line number="31" hits="0" branch="false" />
            <line number="33" hits="0" branch="false" />
            <line number="35" hits="0" branch="true" condition-coverage="0% (0/2)" />
            <line number="36" hits="0" branch="false" />
            <line number="37" hits="0" branch="true" condition-coverage="0% (0/4)" />
            <line number="38" hits="0" branch="false" />
            <line number="39" hits="0" branch="false" />
            <line number="41" hits="0" branch="false" />
            <line number="42" hits="0" branch="false" />
            <line number="46" hits="0" branch="false" />
            <line number="48" hits="0" branch="false" />
            <line number="49" hits="0" branch="false" />
            <line number="50" hits="0" branch="false" />
            <line number="52" hits="0" branch="false" />
            <line number="53" hits="0" branch="false" />
            <line number="54" hits="0" branch="false" />
            <line number="57" hits="0" branch="false" />
            <line number="58" hits="0" branch="true" condition-coverage="0% (0/2)" />
            <line number="59" hits="0" branch="false" />
            <line number="61" hits="0" branch="false" />
          </lines>
        </class>
        <class name="ProgesiRepositories.Sqlite.NullLogger" filename="C:\Users\gianl\source\repos\Progesi\src\ProgesiRepositories.Sqlite\Logging.cs" line-rate="0.5714285714285714" branch-rate="1" complexity="7">
          <methods>
            <method name="Debug" signature="(System.String)" line-rate="1" branch-rate="1" complexity="1">
              <lines>
                <line number="19" hits="1452" branch="false" />
              </lines>
            </method>
            <method name="Info" signature="(System.String)" line-rate="1" branch-rate="1" complexity="1">
              <lines>
                <line number="20" hits="60" branch="false" />
              </lines>
            </method>
            <method name="Warn" signature="(System.String)" line-rate="0" branch-rate="1" complexity="1">
              <lines>
                <line number="21" hits="0" branch="false" />
              </lines>
            </method>
            <method name="Error" signature="(System.String)" line-rate="0" branch-rate="1" complexity="1">
              <lines>
                <line number="22" hits="0" branch="false" />
              </lines>
            </method>
            <method name="Error" signature="(System.Exception,System.String)" line-rate="0" branch-rate="1" complexity="1">
              <lines>
                <line number="23" hits="0" branch="false" />
              </lines>
            </method>
            <method name=".ctor" signature="()" line-rate="1" branch-rate="1" complexity="1">
              <lines>
                <line number="17" hits="8" branch="false" />
              </lines>
            </method>
            <method name=".cctor" signature="()" line-rate="1" branch-rate="1" complexity="1">
              <lines>
                <line number="16" hits="4" branch="false" />
              </lines>
            </method>
          </methods>
          <lines>
            <line number="16" hits="4" branch="false" />
            <line number="17" hits="8" branch="false" />
            <line number="19" hits="1452" branch="false" />
            <line number="20" hits="60" branch="false" />
            <line number="21" hits="0" branch="false" />
            <line number="22" hits="0" branch="false" />
            <line number="23" hits="0" branch="false" />
          </lines>
        </class>
        <class name="ProgesiRepositories.Sqlite.RollingFileLogger" filename="C:\Users\gianl\source\repos\Progesi\src\ProgesiRepositories.Sqlite\Logging.ErrorImpl.cs" line-rate="0" branch-rate="1" complexity="2">
          <methods>
            <method name="Error" signature="(System.String)" line-rate="0" branch-rate="1" complexity="1">
              <lines>
                <line number="19" hits="0" branch="false" />
              </lines>
            </method>
            <method name="Error" signature="(System.Exception,System.String)" line-rate="0" branch-rate="1" complexity="1">
              <lines>
                <line number="20" hits="0" branch="false" />
              </lines>
            </method>
          </methods>
          <lines>
            <line number="19" hits="0" branch="false" />
            <line number="20" hits="0" branch="false" />
          </lines>
        </class>
        <class name="ProgesiRepositories.Sqlite.RollingFileLogger" filename="C:\Users\gianl\source\repos\Progesi\src\ProgesiRepositories.Sqlite\Logging.Rolling.cs" line-rate="0" branch-rate="0" complexity="36">
          <methods>
            <method name="Now" signature="()" line-rate="0" branch-rate="1" complexity="1">
              <lines>
                <line number="43" hits="0" branch="false" />
              </lines>
            </method>
            <method name="Prefix" signature="(System.String)" line-rate="0" branch-rate="1" complexity="1">
              <lines>
                <line number="44" hits="0" branch="false" />
              </lines>
            </method>
            <method name="Write" signature="(System.String)" line-rate="0" branch-rate="0" complexity="4">
              <lines>
                <line number="48" hits="0" branch="false" />
                <line number="51" hits="0" branch="false" />
                <line number="56" hits="0" branch="false" />
                <line number="57" hits="0" branch="true" condition-coverage="0% (0/4)" />
                <line number="58" hits="0" branch="false" />
                <line number="59" hits="0" branch="false" />
                <line number="60" hits="0" branch="false" />
                <line number="63" hits="0" branch="false" />
                <line number="65" hits="0" branch="false" />
              </lines>
            </method>
            <method name="RotateLocked" signature="()" line-rate="0" branch-rate="0" complexity="10">
              <lines>
                <line number="70" hits="0" branch="true" condition-coverage="0% (0/2)" />
                <line number="72" hits="0" branch="false" />
                <line number="73" hits="0" branch="false" />
                <line number="74" hits="0" branch="true" condition-coverage="0% (0/2)" />
                <line number="76" hits="0" branch="false" />
                <line number="78" hits="0" branch="true" condition-coverage="0% (0/2)" />
                <line number="80" hits="0" branch="false" />
                <line number="85" hits="0" branch="false" />
                <line number="86" hits="0" branch="true" condition-coverage="0% (0/2)" />
                <line number="88" hits="0" branch="false" />
                <line number="90" hits="0" branch="true" condition-coverage="0% (0/2)" />
                <line number="92" hits="0" branch="false" />
                <line number="93" hits="0" branch="false" />
                <line number="98" hits="0" branch="false" />
                <line number="99" hits="0" branch="false" />
                <line number="102" hits="0" branch="false" />
                <line number="103" hits="0" branch="false" />
                <line number="104" hits="0" branch="false" />
                <line number="105" hits="0" branch="false" />
                <line number="107" hits="0" branch="false" />
              </lines>
            </method>
            <method name="Debug" signature="(System.String)" line-rate="0" branch-rate="1" complexity="1">
              <lines>
                <line number="109" hits="0" branch="false" />
              </lines>
            </method>
            <method name="Info" signature="(System.String)" line-rate="0" branch-rate="1" complexity="1">
              <lines>
                <line number="110" hits="0" branch="false" />
              </lines>
            </method>
            <method name="Warn" signature="(System.String)" line-rate="0" branch-rate="1" complexity="1">
              <lines>
                <line number="111" hits="0" branch="false" />
              </lines>
            </method>
            <method name="Error" signature="(System.String,System.Exception)" line-rate="0" branch-rate="0" complexity="2">
              <lines>
                <line number="114" hits="0" branch="false" />
                <line number="115" hits="0" branch="true" condition-coverage="0% (0/2)" />
                <line number="116" hits="0" branch="false" />
              </lines>
            </method>
            <method name="Dispose" signature="()" line-rate="0" branch-rate="1" complexity="1">
              <lines>
                <line number="118" hits="0" branch="false" />
              </lines>
            </method>
            <method name=".ctor" signature="(System.String,System.Int64,System.Int32,System.Boolean)" line-rate="0" branch-rate="0" complexity="14">
              <lines>
                <line number="19" hits="0" branch="false" />
                <line number="20" hits="0" branch="false" />
                <line number="25" hits="0" branch="false" />
                <line number="27" hits="0" branch="true" condition-coverage="0% (0/2)" />
                <line number="28" hits="0" branch="true" condition-coverage="0% (0/2)" />
                <line number="29" hits="0" branch="true" condition-coverage="0% (0/2)" />
                <line number="31" hits="0" branch="false" />
                <line number="32" hits="0" branch="false" />
                <line number="33" hits="0" branch="false" />
                <line number="35" hits="0" branch="false" />
                <line number="36" hits="0" branch="true" condition-coverage="0% (0/4)" />
                <line number="37" hits="0" branch="false" />
                <line number="39" hits="0" branch="true" condition-coverage="0% (0/4)" />
                <line number="40" hits="0" branch="false" />
                <line number="41" hits="0" branch="false" />
              </lines>
            </method>
          </methods>
          <lines>
            <line number="19" hits="0" branch="false" />
            <line number="20" hits="0" branch="false" />
            <line number="25" hits="0" branch="false" />
            <line number="27" hits="0" branch="true" condition-coverage="0% (0/2)" />
            <line number="28" hits="0" branch="true" condition-coverage="0% (0/2)" />
            <line number="29" hits="0" branch="true" condition-coverage="0% (0/2)" />
            <line number="31" hits="0" branch="false" />
            <line number="32" hits="0" branch="false" />
            <line number="33" hits="0" branch="false" />
            <line number="35" hits="0" branch="false" />
            <line number="36" hits="0" branch="true" condition-coverage="0% (0/4)" />
            <line number="37" hits="0" branch="false" />
            <line number="39" hits="0" branch="true" condition-coverage="0% (0/4)" />
            <line number="40" hits="0" branch="false" />
            <line number="41" hits="0" branch="false" />
            <line number="43" hits="0" branch="false" />
            <line number="44" hits="0" branch="false" />
            <line number="48" hits="0" branch="false" />
            <line number="51" hits="0" branch="false" />
            <line number="56" hits="0" branch="false" />
            <line number="57" hits="0" branch="true" condition-coverage="0% (0/4)" />
            <line number="58" hits="0" branch="false" />
            <line number="59" hits="0" branch="false" />
            <line number="60" hits="0" branch="false" />
            <line number="63" hits="0" branch="false" />
            <line number="65" hits="0" branch="false" />
            <line number="70" hits="0" branch="true" condition-coverage="0% (0/2)" />
            <line number="72" hits="0" branch="false" />
            <line number="73" hits="0" branch="false" />
            <line number="74" hits="0" branch="true" condition-coverage="0% (0/2)" />
            <line number="76" hits="0" branch="false" />
            <line number="78" hits="0" branch="true" condition-coverage="0% (0/2)" />
            <line number="80" hits="0" branch="false" />
            <line number="85" hits="0" branch="false" />
            <line number="86" hits="0" branch="true" condition-coverage="0% (0/2)" />
            <line number="88" hits="0" branch="false" />
            <line number="90" hits="0" branch="true" condition-coverage="0% (0/2)" />
            <line number="92" hits="0" branch="false" />
            <line number="93" hits="0" branch="false" />
            <line number="98" hits="0" branch="false" />
            <line number="99" hits="0" branch="false" />
            <line number="102" hits="0" branch="false" />
            <line number="103" hits="0" branch="false" />
            <line number="104" hits="0" branch="false" />
            <line number="105" hits="0" branch="false" />
            <line number="107" hits="0" branch="false" />
            <line number="109" hits="0" branch="false" />
            <line number="110" hits="0" branch="false" />
            <line number="111" hits="0" branch="false" />
            <line number="114" hits="0" branch="false" />
            <line number="115" hits="0" branch="true" condition-coverage="0% (0/2)" />
            <line number="116" hits="0" branch="false" />
            <line number="118" hits="0" branch="false" />
          </lines>
        </class>
        <class name="ProgesiRepositories.Sqlite.SqliteMetadataRepository" filename="C:\Users\gianl\source\repos\Progesi\src\ProgesiRepositories.Sqlite\SqliteMetadataRepository.cs" line-rate="0.9315068493150684" branch-rate="0.6956521739130435" complexity="60">
          <methods>
            <method name="EnsureSchema" signature="()" line-rate="0.625" branch-rate="0.5" complexity="2">
              <lines>
                <line number="32" hits="48" branch="false" />
                <line number="33" hits="48" branch="false" />
                <line number="35" hits="48" branch="true" condition-coverage="50% (1/2)" />
                <line number="37" hits="48" branch="false" />
                <line number="38" hits="48" branch="false" />
                <line number="39" hits="48" branch="false" />
                <line number="40" hits="48" branch="false" />
                <line number="41" hits="48" branch="false" />
                <line number="42" hits="48" branch="false" />
                <line number="43" hits="48" branch="false" />
                <line number="44" hits="48" branch="false" />
                <line number="45" hits="48" branch="false" />
                <line number="46" hits="48" branch="false" />
                <line number="50" hits="0" branch="false" />
                <line number="51" hits="0" branch="false" />
                <line number="52" hits="0" branch="false" />
                <line number="53" hits="0" branch="false" />
                <line number="54" hits="0" branch="false" />
                <line number="55" hits="0" branch="false" />
                <line number="56" hits="0" branch="false" />
                <line number="57" hits="0" branch="false" />
                <line number="59" hits="0" branch="false" />
                <line number="61" hits="48" branch="false" />
                <line number="62" hits="96" branch="false" />
              </lines>
            </method>
            <method name=".ctor" signature="(System.String,System.Boolean)" line-rate="1" branch-rate="1" complexity="1">
              <lines>
                <line number="18" hits="48" branch="false" />
                <line number="20" hits="48" branch="false" />
                <line number="21" hits="48" branch="false" />
              </lines>
            </method>
            <method name=".ctor" signature="(System.String,System.Boolean,ProgesiRepositories.Sqlite.IProgesiLogger)" line-rate="0" branch-rate="1" complexity="1">
              <lines>
                <line number="25" hits="0" branch="false" />
                <line number="27" hits="0" branch="false" />
                <line number="28" hits="0" branch="false" />
              </lines>
            </method>
            <method name="get_Id" signature="()" line-rate="1" branch-rate="1" complexity="1">
              <lines>
                <line number="255" hits="784" branch="false" />
              </lines>
            </method>
            <method name="get_LastModifiedUtc" signature="()" line-rate="1" branch-rate="1" complexity="1">
              <lines>
                <line number="256" hits="784" branch="false" />
              </lines>
            </method>
            <method name="get_CreatedBy" signature="()" line-rate="1" branch-rate="1" complexity="1">
              <lines>
                <line number="257" hits="936" branch="false" />
              </lines>
            </method>
            <method name="get_AdditionalInfo" signature="()" line-rate="1" branch-rate="1" complexity="1">
              <lines>
                <line number="258" hits="936" branch="false" />
              </lines>
            </method>
            <method name="get_References" signature="()" line-rate="1" branch-rate="1" complexity="1">
              <lines>
                <line number="259" hits="1088" branch="false" />
              </lines>
            </method>
            <method name="get_Snips" signature="()" line-rate="1" branch-rate="1" complexity="1">
              <lines>
                <line number="260" hits="1088" branch="false" />
              </lines>
            </method>
            <method name="FromDomain" signature="(ProgesiCore.ProgesiMetadata)" line-rate="1" branch-rate="0.5" complexity="6">
              <lines>
                <line number="264" hits="316" branch="true" condition-coverage="50% (2/4)" />
                <line number="265" hits="316" branch="false" />
                <line number="266" hits="316" branch="false" />
                <line number="267" hits="316" branch="false" />
                <line number="268" hits="316" branch="false" />
                <line number="269" hits="316" branch="false" />
                <line number="270" hits="620" branch="false" />
                <line number="271" hits="324" branch="true" condition-coverage="50% (1/2)" />
                <line number="272" hits="324" branch="false" />
                <line number="273" hits="324" branch="false" />
                <line number="274" hits="324" branch="false" />
                <line number="275" hits="324" branch="false" />
                <line number="276" hits="324" branch="false" />
                <line number="277" hits="324" branch="false" />
                <line number="278" hits="324" branch="false" />
                <line number="279" hits="316" branch="false" />
              </lines>
            </method>
            <method name="get_Id" signature="()" line-rate="1" branch-rate="1" complexity="1">
              <lines>
                <line number="285" hits="804" branch="false" />
              </lines>
            </method>
            <method name="get_MimeType" signature="()" line-rate="1" branch-rate="1" complexity="1">
              <lines>
                <line number="286" hits="1440" branch="false" />
              </lines>
            </method>
            <method name="get_Caption" signature="()" line-rate="1" branch-rate="1" complexity="1">
              <lines>
                <line number="287" hits="1440" branch="false" />
              </lines>
            </method>
            <method name="get_Source" signature="()" line-rate="1" branch-rate="1" complexity="1">
              <lines>
                <line number="288" hits="964" branch="false" />
              </lines>
            </method>
            <method name="get_ContentBase64" signature="()" line-rate="1" branch-rate="1" complexity="1">
              <lines>
                <line number="289" hits="1440" branch="false" />
              </lines>
            </method>
            <method name="&lt;GetAsync" signature="()" line-rate="1" branch-rate="0.6666666666666666" complexity="10">
              <lines>
                <line number="70" hits="160" branch="false" />
                <line number="71" hits="160" branch="false" />
                <line number="72" hits="160" branch="false" />
                <line number="73" hits="160" branch="false" />
                <line number="74" hits="160" branch="false" />
                <line number="75" hits="160" branch="false" />
                <line number="76" hits="168" branch="true" condition-coverage="100% (2/2)" />
                <line number="77" hits="160" branch="false" />
                <line number="78" hits="152" branch="false" />
                <line number="79" hits="152" branch="false" />
                <line number="80" hits="160" branch="false" />
                <line number="81" hits="152" branch="false" />
                <line number="82" hits="152" branch="true" condition-coverage="50% (1/2)" />
                <line number="83" hits="160" branch="false" />
                <line number="84" hits="152" branch="false" />
                <line number="85" hits="160" branch="false" />
                <line number="86" hits="444" branch="false" />
                <line number="87" hits="308" branch="true" condition-coverage="67% (4/6)" />
                <line number="88" hits="308" branch="false" />
                <line number="89" hits="308" branch="false" />
                <line number="90" hits="308" branch="false" />
                <line number="91" hits="308" branch="false" />
                <line number="92" hits="160" branch="false" />
                <line number="93" hits="152" branch="true" condition-coverage="50% (1/2)" />
                <line number="94" hits="152" branch="false" />
                <line number="95" hits="152" branch="false" />
                <line number="96" hits="152" branch="false" />
                <line number="97" hits="152" branch="false" />
                <line number="98" hits="152" branch="false" />
                <line number="99" hits="152" branch="false" />
                <line number="100" hits="152" branch="false" />
                <line number="101" hits="160" branch="false" />
                <line number="102" hits="152" branch="false" />
                <line number="103" hits="320" branch="false" />
              </lines>
            </method>
            <method name="&lt;UpsertAsync" signature="()" line-rate="0.9444444444444444" branch-rate="0.6666666666666666" complexity="6">
              <lines>
                <line number="112" hits="316" branch="false" />
                <line number="113" hits="316" branch="false" />
                <line number="114" hits="316" branch="false" />
                <line number="115" hits="316" branch="false" />
                <line number="116" hits="316" branch="false" />
                <line number="117" hits="316" branch="false" />
                <line number="118" hits="316" branch="false" />
                <line number="119" hits="316" branch="false" />
                <line number="120" hits="316" branch="false" />
                <line number="121" hits="316" branch="false" />
                <line number="122" hits="316" branch="true" condition-coverage="100% (2/2)" />
                <line number="123" hits="316" branch="false" />
                <line number="124" hits="164" branch="false" />
                <line number="125" hits="316" branch="false" />
                <line number="126" hits="164" branch="false" />
                <line number="127" hits="164" branch="false" />
                <line number="128" hits="164" branch="false" />
                <line number="129" hits="164" branch="false" />
                <line number="130" hits="164" branch="false" />
                <line number="131" hits="164" branch="false" />
                <line number="132" hits="316" branch="false" />
                <line number="133" hits="164" branch="false" />
                <line number="134" hits="164" branch="false" />
                <line number="135" hits="164" branch="false" />
                <line number="136" hits="316" branch="false" />
                <line number="137" hits="316" branch="false" />
                <line number="138" hits="152" branch="false" />
                <line number="139" hits="316" branch="false" />
                <line number="140" hits="152" branch="false" />
                <line number="141" hits="316" branch="false" />
                <line number="142" hits="152" branch="true" condition-coverage="50% (1/2)" />
                <line number="143" hits="316" branch="false" />
                <line number="144" hits="152" branch="false" />
                <line number="145" hits="152" branch="false" />
                <line number="146" hits="152" branch="false" />
                <line number="147" hits="152" branch="false" />
                <line number="148" hits="316" branch="false" />
                <line number="149" hits="316" branch="false" />
                <line number="150" hits="316" branch="false" />
                <line number="151" hits="0" branch="false" />
                <line number="152" hits="0" branch="false" />
                <line number="153" hits="0" branch="false" />
                <line number="154" hits="316" branch="false" />
                <line number="155" hits="316" branch="false" />
                <line number="156" hits="152" branch="false" />
                <line number="157" hits="152" branch="false" />
                <line number="158" hits="152" branch="false" />
                <line number="159" hits="316" branch="false" />
                <line number="160" hits="152" branch="false" />
                <line number="161" hits="152" branch="false" />
                <line number="162" hits="316" branch="false" />
                <line number="163" hits="152" branch="true" condition-coverage="50% (1/2)" />
                <line number="164" hits="152" branch="false" />
                <line number="165" hits="632" branch="false" />
              </lines>
            </method>
            <method name="&lt;UpsertAndGetIdAsync" signature="()" line-rate="1" branch-rate="0.75" complexity="4">
              <lines>
                <line number="175" hits="116" branch="false" />
                <line number="176" hits="116" branch="false" />
                <line number="177" hits="116" branch="false" />
                <line number="178" hits="116" branch="false" />
                <line number="179" hits="116" branch="false" />
                <line number="180" hits="116" branch="true" condition-coverage="100% (2/2)" />
                <line number="181" hits="116" branch="false" />
                <line number="182" hits="4" branch="false" />
                <line number="183" hits="4" branch="false" />
                <line number="184" hits="116" branch="false" />
                <line number="185" hits="112" branch="false" />
                <line number="186" hits="116" branch="false" />
                <line number="187" hits="112" branch="false" />
                <line number="188" hits="116" branch="false" />
                <line number="189" hits="112" branch="false" />
                <line number="190" hits="112" branch="false" />
                <line number="191" hits="112" branch="true" condition-coverage="50% (1/2)" />
                <line number="192" hits="112" branch="false" />
                <line number="193" hits="112" branch="false" />
                <line number="194" hits="232" branch="false" />
              </lines>
            </method>
            <method name="&lt;DeleteAsync" signature="()" line-rate="1" branch-rate="0.5" complexity="2">
              <lines>
                <line number="201" hits="4" branch="false" />
                <line number="202" hits="4" branch="false" />
                <line number="203" hits="4" branch="false" />
                <line number="204" hits="4" branch="false" />
                <line number="205" hits="4" branch="false" />
                <line number="206" hits="4" branch="false" />
                <line number="207" hits="4" branch="true" condition-coverage="50% (1/2)" />
                <line number="208" hits="4" branch="false" />
                <line number="209" hits="8" branch="false" />
              </lines>
            </method>
            <method name="&lt;ListAsync" signature="()" line-rate="1" branch-rate="1" complexity="6">
              <lines>
                <line number="216" hits="32" branch="false" />
                <line number="217" hits="32" branch="false" />
                <line number="218" hits="32" branch="false" />
                <line number="219" hits="32" branch="false" />
                <line number="220" hits="32" branch="false" />
                <line number="221" hits="32" branch="false" />
                <line number="222" hits="32" branch="false" />
                <line number="223" hits="32" branch="false" />
                <line number="224" hits="32" branch="false" />
                <line number="225" hits="32" branch="false" />
                <line number="226" hits="296" branch="true" condition-coverage="100% (2/2)" />
                <line number="227" hits="32" branch="false" />
                <line number="228" hits="32" branch="false" />
                <line number="229" hits="328" branch="true" condition-coverage="100% (2/2)" />
                <line number="230" hits="32" branch="false" />
                <line number="231" hits="132" branch="false" />
                <line number="232" hits="264" branch="true" condition-coverage="100% (2/2)" />
                <line number="233" hits="32" branch="false" />
                <line number="234" hits="32" branch="false" />
                <line number="235" hits="32" branch="false" />
                <line number="236" hits="64" branch="false" />
              </lines>
            </method>
            <method name="DeleteAsync" signature="()" line-rate="1" branch-rate="0.5" complexity="1">
              <lines>
                <line number="199" hits="4" branch="false" />
                <line number="200" hits="4" branch="false" />
                <line number="201" hits="4" branch="false" />
                <line number="202" hits="4" branch="false" />
                <line number="203" hits="4" branch="false" />
                <line number="204" hits="4" branch="false" />
                <line number="205" hits="4" branch="false" />
                <line number="206" hits="4" branch="false" />
                <line number="207" hits="4" branch="true" condition-coverage="50% (1/2)" />
                <line number="208" hits="4" branch="false" />
                <line number="209" hits="8" branch="false" />
                <line number="210" hits="4" branch="false" />
              </lines>
            </method>
[...]
                <line number="164" hits="56" branch="false" />
                <line number="165" hits="56" branch="false" />
                <line number="166" hits="56" branch="false" />
                <line number="167" hits="112" branch="false" />
                <line number="168" hits="56" branch="false" />
              </lines>
            </method>
            <method name="SaveInternalAsync" signature="()" line-rate="0.9838709677419355" branch-rate="0.7857142857142857" complexity="1">
              <lines>
                <line number="76" hits="44" branch="false" />
                <line number="77" hits="44" branch="false" />
                <line number="78" hits="44" branch="false" />
                <line number="79" hits="44" branch="false" />
                <line number="80" hits="44" branch="false" />
                <line number="81" hits="44" branch="false" />
                <line number="82" hits="44" branch="false" />
                <line number="83" hits="44" branch="false" />
                <line number="84" hits="44" branch="false" />
                <line number="85" hits="44" branch="false" />
                <line number="86" hits="44" branch="false" />
                <line number="87" hits="44" branch="false" />
                <line number="88" hits="44" branch="false" />
                <line number="89" hits="44" branch="false" />
                <line number="90" hits="44" branch="true" condition-coverage="100% (4/4)" />
                <line number="91" hits="32" branch="false" />
                <line number="92" hits="44" branch="false" />
                <line number="93" hits="44" branch="false" />
                <line number="94" hits="44" branch="true" condition-coverage="100% (4/4)" />
                <line number="95" hits="44" branch="false" />
                <line number="96" hits="32" branch="false" />
                <line number="97" hits="32" branch="false" />
                <line number="98" hits="44" branch="false" />
                <line number="99" hits="32" branch="false" />
                <line number="100" hits="44" branch="false" />
                <line number="101" hits="44" branch="false" />
                <line number="102" hits="44" branch="false" />
                <line number="103" hits="12" branch="true" condition-coverage="50% (1/2)" />
                <line number="104" hits="12" branch="false" />
                <line number="105" hits="44" branch="false" />
                <line number="106" hits="12" branch="false" />
                <line number="107" hits="44" branch="false" />
                <line number="108" hits="12" branch="false" />
                <line number="109" hits="12" branch="false" />
                <line number="110" hits="12" branch="false" />
                <line number="111" hits="12" branch="false" />
                <line number="112" hits="12" branch="false" />
                <line number="113" hits="12" branch="false" />
                <line number="114" hits="12" branch="false" />
                <line number="115" hits="12" branch="false" />
                <line number="116" hits="12" branch="false" />
                <line number="117" hits="12" branch="false" />
                <line number="118" hits="12" branch="false" />
                <line number="119" hits="12" branch="false" />
                <line number="120" hits="12" branch="true" condition-coverage="50% (1/2)" />
                <line number="121" hits="12" branch="false" />
                <line number="122" hits="12" branch="false" />
                <line number="123" hits="24" branch="true" condition-coverage="50% (1/2)" />
                <line number="124" hits="0" branch="false" />
                <line number="125" hits="12" branch="false" />
                <line number="126" hits="12" branch="false" />
                <line number="127" hits="12" branch="false" />
                <line number="128" hits="12" branch="false" />
                <line number="129" hits="12" branch="false" />
                <line number="130" hits="44" branch="false" />
                <line number="131" hits="12" branch="false" />
                <line number="132" hits="44" branch="false" />
                <line number="133" hits="12" branch="false" />
                <line number="134" hits="44" branch="false" />
                <line number="135" hits="12" branch="false" />
                <line number="136" hits="88" branch="false" />
                <line number="137" hits="44" branch="false" />
              </lines>
            </method>
          </methods>
          <lines>
            <line number="16" hits="12" branch="false" />
            <line number="18" hits="12" branch="false" />
            <line number="19" hits="12" branch="false" />
            <line number="23" hits="0" branch="false" />
            <line number="25" hits="0" branch="false" />
            <line number="26" hits="0" branch="false" />
            <line number="30" hits="12" branch="false" />
            <line number="31" hits="12" branch="false" />
            <line number="33" hits="12" branch="true" condition-coverage="50% (1/2)" />
            <line number="35" hits="12" branch="false" />
            <line number="36" hits="12" branch="false" />
            <line number="37" hits="12" branch="false" />
            <line number="38" hits="12" branch="false" />
            <line number="39" hits="12" branch="false" />
            <line number="40" hits="12" branch="false" />
            <line number="41" hits="12" branch="false" />
            <line number="42" hits="12" branch="false" />
            <line number="43" hits="12" branch="false" />
            <line number="44" hits="12" branch="false" />
            <line number="45" hits="12" branch="false" />
            <line number="46" hits="12" branch="false" />
            <line number="47" hits="12" branch="false" />
            <line number="48" hits="12" branch="false" />
            <line number="52" hits="0" branch="false" />
            <line number="53" hits="0" branch="false" />
            <line number="54" hits="0" branch="false" />
            <line number="55" hits="0" branch="false" />
            <line number="56" hits="0" branch="false" />
            <line number="57" hits="0" branch="false" />
            <line number="58" hits="0" branch="false" />
            <line number="59" hits="0" branch="false" />
            <line number="60" hits="0" branch="false" />
            <line number="61" hits="0" branch="false" />
            <line number="62" hits="0" branch="false" />
            <line number="65" hits="0" branch="false" />
            <line number="67" hits="0" branch="false" />
            <line number="68" hits="12" branch="false" />
            <line number="69" hits="24" branch="false" />
            <line number="72" hits="44" branch="false" />
            <line number="76" hits="44" branch="false" />
            <line number="77" hits="44" branch="false" />
            <line number="78" hits="44" branch="false" />
            <line number="79" hits="44" branch="false" />
            <line number="80" hits="44" branch="false" />
            <line number="81" hits="44" branch="false" />
            <line number="82" hits="44" branch="false" />
            <line number="83" hits="44" branch="false" />
            <line number="84" hits="44" branch="false" />
            <line number="85" hits="44" branch="false" />
            <line number="86" hits="44" branch="false" />
            <line number="87" hits="44" branch="false" />
            <line number="88" hits="44" branch="false" />
            <line number="89" hits="44" branch="false" />
            <line number="90" hits="44" branch="true" condition-coverage="100% (4/4)" />
            <line number="91" hits="32" branch="false" />
            <line number="92" hits="44" branch="false" />
            <line number="93" hits="44" branch="false" />
            <line number="94" hits="44" branch="true" condition-coverage="100% (4/4)" />
            <line number="95" hits="44" branch="false" />
            <line number="96" hits="32" branch="false" />
            <line number="97" hits="32" branch="false" />
            <line number="98" hits="44" branch="false" />
            <line number="99" hits="32" branch="false" />
            <line number="100" hits="44" branch="false" />
            <line number="101" hits="44" branch="false" />
            <line number="102" hits="44" branch="false" />
            <line number="103" hits="12" branch="true" condition-coverage="50% (1/2)" />
            <line number="104" hits="12" branch="false" />
            <line number="105" hits="44" branch="false" />
            <line number="106" hits="12" branch="false" />
            <line number="107" hits="44" branch="false" />
            <line number="108" hits="12" branch="false" />
            <line number="109" hits="12" branch="false" />
            <line number="110" hits="12" branch="false" />
            <line number="111" hits="12" branch="false" />
            <line number="112" hits="12" branch="false" />
            <line number="113" hits="12" branch="false" />
            <line number="114" hits="12" branch="false" />
            <line number="115" hits="12" branch="false" />
            <line number="116" hits="12" branch="false" />
            <line number="117" hits="12" branch="false" />
            <line number="118" hits="12" branch="false" />
            <line number="119" hits="12" branch="false" />
            <line number="120" hits="12" branch="true" condition-coverage="50% (1/2)" />
            <line number="121" hits="12" branch="false" />
            <line number="122" hits="12" branch="false" />
            <line number="123" hits="24" branch="true" condition-coverage="50% (1/2)" />
            <line number="124" hits="0" branch="false" />
            <line number="125" hits="12" branch="false" />
            <line number="126" hits="12" branch="false" />
            <line number="127" hits="12" branch="false" />
            <line number="128" hits="12" branch="false" />
            <line number="129" hits="12" branch="false" />
            <line number="130" hits="44" branch="false" />
            <line number="131" hits="12" branch="false" />
            <line number="132" hits="44" branch="false" />
            <line number="133" hits="12" branch="false" />
            <line number="134" hits="44" branch="false" />
            <line number="135" hits="12" branch="false" />
            <line number="136" hits="88" branch="false" />
            <line number="137" hits="44" branch="false" />
            <line number="142" hits="56" branch="false" />
            <line number="143" hits="56" branch="false" />
            <line number="144" hits="56" branch="false" />
            <line number="145" hits="56" branch="false" />
            <line number="146" hits="56" branch="false" />
            <line number="147" hits="56" branch="false" />
            <line number="148" hits="56" branch="false" />
            <line number="149" hits="56" branch="false" />
            <line number="150" hits="56" branch="true" condition-coverage="50% (1/2)" />
            <line number="151" hits="56" branch="false" />
            <line number="152" hits="0" branch="false" />
            <line number="153" hits="0" branch="false" />
            <line number="154" hits="56" branch="false" />
            <line number="155" hits="56" branch="false" />
            <line number="156" hits="56" branch="false" />
            <line number="157" hits="56" branch="false" />
            <line number="158" hits="56" branch="false" />
            <line number="159" hits="56" branch="false" />
            <line number="160" hits="56" branch="true" condition-coverage="50% (1/2)" />
            <line number="161" hits="56" branch="true" condition-coverage="50% (1/2)" />
            <line number="162" hits="56" branch="true" condition-coverage="50% (1/2)" />
            <line number="163" hits="56" branch="false" />
            <line number="164" hits="56" branch="false" />
            <line number="165" hits="56" branch="false" />
            <line number="166" hits="56" branch="false" />
            <line number="167" hits="112" branch="false" />
            <line number="168" hits="56" branch="false" />
            <line number="173" hits="8" branch="false" />
            <line number="174" hits="8" branch="false" />
            <line number="175" hits="8" branch="false" />
            <line number="176" hits="8" branch="false" />
            <line number="177" hits="8" branch="true" condition-coverage="100% (2/2)" />
            <line number="178" hits="8" branch="false" />
            <line number="179" hits="8" branch="false" />
            <line number="180" hits="8" branch="false" />
            <line number="181" hits="8" branch="false" />
            <line number="182" hits="24" branch="true" condition-coverage="100% (2/2)" />
            <line number="183" hits="8" branch="false" />
            <line number="184" hits="32" branch="true" condition-coverage="100% (2/2)" />
            <line number="185" hits="8" branch="false" />
            <line number="186" hits="8" branch="false" />
            <line number="187" hits="8" branch="false" />
            <line number="188" hits="8" branch="false" />
            <line number="189" hits="16" branch="true" condition-coverage="100% (2/2)" />
            <line number="190" hits="8" branch="false" />
            <line number="191" hits="8" branch="false" />
            <line number="192" hits="8" branch="false" />
            <line number="193" hits="8" branch="false" />
            <line number="194" hits="16" branch="false" />
            <line number="195" hits="8" branch="false" />
            <line number="199" hits="0" branch="false" />
            <line number="200" hits="0" branch="false" />
            <line number="201" hits="0" branch="false" />
            <line number="202" hits="0" branch="false" />
            <line number="203" hits="0" branch="false" />
            <line number="204" hits="0" branch="false" />
            <line number="205" hits="0" branch="false" />
            <line number="206" hits="0" branch="false" />
            <line number="207" hits="0" branch="true" condition-coverage="0% (0/2)" />
            <line number="208" hits="0" branch="false" />
            <line number="209" hits="0" branch="false" />
            <line number="210" hits="0" branch="false" />
            <line number="214" hits="0" branch="true" condition-coverage="0% (0/2)" />
            <line number="215" hits="0" branch="false" />
            <line number="216" hits="0" branch="true" condition-coverage="0% (0/2)" />
            <line number="218" hits="0" branch="false" />
            <line number="219" hits="0" branch="false" />
            <line number="220" hits="0" branch="false" />
            <line number="221" hits="0" branch="false" />
            <line number="222" hits="0" branch="false" />
            <line number="223" hits="0" branch="true" condition-coverage="0% (0/2)" />
            <line number="224" hits="0" branch="false" />
            <line number="225" hits="0" branch="false" />
            <line number="226" hits="0" branch="false" />
            <line number="227" hits="0" branch="false" />
            <line number="228" hits="0" branch="false" />
            <line number="229" hits="0" branch="false" />
            <line number="230" hits="0" branch="false" />
            <line number="231" hits="0" branch="false" />
            <line number="232" hits="0" branch="false" />
            <line number="233" hits="0" branch="false" />
            <line number="234" hits="0" branch="false" />
            <line number="235" hits="0" branch="false" />
          </lines>
        </class>
        <class name="ProgesiRepositories.Sqlite.SqliteVariableRepositoryLegacyExtensions" filename="C:\Users\gianl\source\repos\Progesi\src\ProgesiRepositories.Sqlite\SqliteVariableRepository.LegacyExtensions.cs" line-rate="0" branch-rate="1" complexity="1">
          <methods>
            <method name="GetById" signature="(ProgesiRepositories.Sqlite.SqliteVariableRepository,System.Int32)" line-rate="0" branch-rate="1" complexity="1">
              <lines>
                <line number="7" hits="0" branch="false" />
              </lines>
            </method>
          </methods>
          <lines>
            <line number="7" hits="0" branch="false" />
          </lines>
        </class>
        <class name="ProgesiRepositories.Sqlite.TraceLogger" filename="C:\Users\gianl\source\repos\Progesi\src\ProgesiRepositories.Sqlite\Logging.ErrorImpl.cs" line-rate="0" branch-rate="1" complexity="2">
          <methods>
            <method name="Error" signature="(System.String)" line-rate="0" branch-rate="1" complexity="1">
              <lines>
                <line number="7" hits="0" branch="false" />
              </lines>
            </method>
            <method name="Error" signature="(System.Exception,System.String)" line-rate="0" branch-rate="1" complexity="1">
              <lines>
                <line number="8" hits="0" branch="false" />
              </lines>
            </method>
          </methods>
          <lines>
            <line number="7" hits="0" branch="false" />
            <line number="8" hits="0" branch="false" />
          </lines>
        </class>
        <class name="ProgesiRepositories.Sqlite.TraceLogger" filename="C:\Users\gianl\source\repos\Progesi\src\ProgesiRepositories.Sqlite\Logging.Extras.cs" line-rate="0" branch-rate="0" complexity="7">
          <methods>
            <method name="Now" signature="()" line-rate="0" branch-rate="1" complexity="1">
              <lines>
                <line number="13" hits="0" branch="false" />
              </lines>
            </method>
            <method name="Prefix" signature="(System.String)" line-rate="0" branch-rate="1" complexity="1">
              <lines>
                <line number="14" hits="0" branch="false" />
              </lines>
            </method>
            <method name="Debug" signature="(System.String)" line-rate="0" branch-rate="1" complexity="1">
              <lines>
                <line number="16" hits="0" branch="false" />
              </lines>
            </method>
            <method name="Info" signature="(System.String)" line-rate="0" branch-rate="1" complexity="1">
              <lines>
                <line number="17" hits="0" branch="false" />
              </lines>
            </method>
            <method name="Warn" signature="(System.String)" line-rate="0" branch-rate="1" complexity="1">
              <lines>
                <line number="18" hits="0" branch="false" />
              </lines>
            </method>
            <method name="Error" signature="(System.String,System.Exception)" line-rate="0" branch-rate="0" complexity="2">
              <lines>
                <line number="21" hits="0" branch="false" />
                <line number="22" hits="0" branch="true" condition-coverage="0% (0/2)" />
                <line number="23" hits="0" branch="false" />
              </lines>
            </method>
          </methods>
          <lines>
            <line number="13" hits="0" branch="false" />
            <line number="14" hits="0" branch="false" />
            <line number="16" hits="0" branch="false" />
            <line number="17" hits="0" branch="false" />
            <line number="18" hits="0" branch="false" />
            <line number="21" hits="0" branch="false" />
            <line number="22" hits="0" branch="true" condition-coverage="0% (0/2)" />
            <line number="23" hits="0" branch="false" />
          </lines>
        </class>
      </classes>
    </package>
  </packages>
</coverage>