<?xml version="1.0" encoding="utf-8"?>
<coverage line-rate="0.7942" branch-rate="0.5259" version="1.9" timestamp="1758261228" lines-covered="193" lines-valid="243" branches-covered="81" branches-valid="154">
  <sources>
    <source>C:\Users\gianl\source\repos\Progesi\src\ProgesiCore\</source>
  </sources>
  <packages>
    <package name="ProgesiCore" line-rate="0.7942" branch-rate="0.5259" complexity="178">
      <classes>
        <class name="ProgesiCore.ProgesiHash" filename="ProgesiHash.cs" line-rate="0.9253" branch-rate="0.5434" complexity="47">
          <methods>
            <method name="CanonicalValue" signature="(System.Object)" line-rate="0.6923" branch-rate="0.55" complexity="20">
              <lines>
                <line number="19" hits="18" branch="True" condition-coverage="62.5% (10/16)">
                  <conditions>
                    <condition number="1" type="jump" coverage="100%" />
                    <condition number="22" type="jump" coverage="100%" />
                    <condition number="30" type="jump" coverage="100%" />
                    <condition number="47" type="jump" coverage="100%" />
                    <condition number="64" type="jump" coverage="50%" />
                    <condition number="82" type="jump" coverage="50%" />
                    <condition number="100" type="jump" coverage="0%" />
                    <condition number="118" type="jump" coverage="0%" />
                  </conditions>
                </line>
                <line number="20" hits="18" branch="False" />
                <line number="21" hits="18" branch="False" />
                <line number="22" hits="18" branch="False" />
                <line number="23" hits="2" branch="False" />
                <line number="24" hits="1" branch="True" condition-coverage="50% (1/2)">
                  <conditions>
                    <condition number="136" type="jump" coverage="50%" />
                  </conditions>
                </line>
                <line number="25" hits="7" branch="False" />
                <line number="26" hits="0" branch="False" />
                <line number="27" hits="1" branch="False" />
                <line number="28" hits="0" branch="False" />
                <line number="29" hits="0" branch="False" />
                <line number="30" hits="0" branch="True" condition-coverage="0% (0/2)">
                  <conditions>
                    <condition number="236" type="jump" coverage="0%" />
                  </conditions>
                </line>
                <line number="31" hits="18" branch="False" />
              </lines>
            </method>
            <method name="Sha256Hex" signature="(System.String)" line-rate="1" branch-rate="0.5" complexity="2">
              <lines>
                <line number="36" hits="14" branch="False" />
                <line number="37" hits="14" branch="True" condition-coverage="50% (1/2)">
                  <conditions>
                    <condition number="13" type="jump" coverage="50%" />
                  </conditions>
                </line>
                <line number="38" hits="14" branch="False" />
                <line number="39" hits="462" branch="False" />
                <line number="40" hits="14" branch="False" />
              </lines>
            </method>
            <method name="Sha256Hex" signature="(System.Byte[])" line-rate="1" branch-rate="0.5" complexity="2">
              <lines>
                <line number="44" hits="8" branch="False" />
                <line number="45" hits="8" branch="True" condition-coverage="50% (1/2)">
                  <conditions>
                    <condition number="9" type="jump" coverage="50%" />
                  </conditions>
                </line>
                <line number="46" hits="264" branch="False" />
                <line number="47" hits="8" branch="False" />
              </lines>
            </method>
            <method name="NormalizeUri" signature="(System.Uri)" line-rate="0.8571" branch-rate="0.75" complexity="4">
              <lines>
                <line number="52" hits="8" branch="False" />
                <line number="53" hits="8" branch="True" condition-coverage="100% (2/2)">
                  <conditions>
                    <condition number="13" type="jump" coverage="100%" />
                  </conditions>
                </line>
                <line number="55" hits="8" branch="False" />
                <line number="56" hits="8" branch="False" />
                <line number="58" hits="8" branch="True" condition-coverage="50% (1/2)">
                  <conditions>
                    <condition number="60" type="jump" coverage="50%" />
                  </conditions>
                </line>
                <line number="60" hits="0" branch="False" />
                <line number="63" hits="8" branch="False" />
              </lines>
            </method>
            <method name="Compute" signature="(ProgesiCore.ProgesiVariable)" line-rate="1" branch-rate="0.5" complexity="4">
              <lines>
                <line number="69" hits="24" branch="True" condition-coverage="50% (1/2)">
                  <conditions>
                    <condition number="7" type="jump" coverage="50%" />
                  </conditions>
                </line>
                <line number="70" hits="6" branch="False" />
                <line number="71" hits="6" branch="False" />
                <line number="72" hits="6" branch="False" />
                <line number="73" hits="6" branch="False" />
                <line number="74" hits="6" branch="False" />
                <line number="75" hits="6" branch="False" />
                <line number="76" hits="6" branch="False" />
                <line number="77" hits="6" branch="True" condition-coverage="50% (1/2)">
                  <conditions>
                    <condition number="97" type="jump" coverage="50%" />
                  </conditions>
                </line>
                <line number="78" hits="6" branch="False" />
              </lines>
            </method>
            <method name="Compute" signature="(ProgesiCore.ProgesiMetadata)" line-rate="1" branch-rate="0.5" complexity="14">
              <lines>
                <line number="84" hits="8" branch="True" condition-coverage="50% (1/2)">
                  <conditions>
                    <condition number="7" type="jump" coverage="50%" />
                  </conditions>
                </line>
                <line number="85" hits="8" branch="False" />
                <line number="86" hits="8" branch="False" />
                <line number="87" hits="8" branch="False" />
                <line number="89" hits="8" branch="True" condition-coverage="50% (1/2)">
                  <conditions>
                    <condition number="86" type="jump" coverage="50%" />
                  </conditions>
                </line>
                <line number="90" hits="8" branch="True" condition-coverage="50% (3/6)">
                  <conditions>
                    <condition number="7" type="jump" coverage="50%" />
                    <condition number="27" type="jump" coverage="50%" />
                    <condition number="42" type="jump" coverage="50%" />
                  </conditions>
                </line>
                <line number="91" hits="8" branch="False" />
                <line number="92" hits="8" branch="False" />
                <line number="93" hits="8" branch="False" />
                <line number="94" hits="8" branch="False" />
                <line number="95" hits="8" branch="False" />
                <line number="96" hits="8" branch="False" />
                <line number="97" hits="8" branch="False" />
                <line number="98" hits="8" branch="False" />
                <line number="99" hits="8" branch="False" />
                <line number="101" hits="8" branch="True" condition-coverage="50% (1/2)">
                  <conditions>
                    <condition number="272" type="jump" coverage="50%" />
                  </conditions>
                </line>
                <line number="102" hits="8" branch="False" />
                <line number="103" hits="8" branch="False" />
                <line number="104" hits="8" branch="False" />
                <line number="105" hits="8" branch="False" />
                <line number="106" hits="8" branch="False" />
                <line number="107" hits="8" branch="False" />
                <line number="109" hits="8" branch="True" condition-coverage="50% (1/2)">
                  <conditions>
                    <condition number="298" type="jump" coverage="50%" />
                  </conditions>
                </line>
                <line number="110" hits="8" branch="False" />
              </lines>
            </method>
            <method name=".cctor" signature="()" line-rate="1" branch-rate="1" complexity="1">
              <lines>
                <line number="11" hits="1" branch="False" />
                <line number="12" hits="1" branch="False" />
                <line number="13" hits="1" branch="False" />
                <line number="14" hits="1" branch="False" />
              </lines>
            </method>
          </methods>
          <lines>
            <line number="19" hits="18" branch="True" condition-coverage="62.5% (10/16)">
              <conditions>
                <condition number="1" type="jump" coverage="100%" />
                <condition number="22" type="jump" coverage="100%" />
                <condition number="30" type="jump" coverage="100%" />
                <condition number="47" type="jump" coverage="100%" />
                <condition number="64" type="jump" coverage="50%" />
                <condition number="82" type="jump" coverage="50%" />
                <condition number="100" type="jump" coverage="0%" />
                <condition number="118" type="jump" coverage="0%" />
              </conditions>
            </line>
            <line number="20" hits="18" branch="False" />
            <line number="21" hits="18" branch="False" />
            <line number="22" hits="18" branch="False" />
            <line number="23" hits="2" branch="False" />
            <line number="24" hits="1" branch="True" condition-coverage="50% (1/2)">
              <conditions>
                <condition number="136" type="jump" coverage="50%" />
              </conditions>
            </line>
            <line number="25" hits="7" branch="False" />
            <line number="26" hits="0" branch="False" />
            <line number="27" hits="1" branch="False" />
            <line number="28" hits="0" branch="False" />
            <line number="29" hits="0" branch="False" />
            <line number="30" hits="0" branch="True" condition-coverage="0% (0/2)">
              <conditions>
                <condition number="236" type="jump" coverage="0%" />
              </conditions>
            </line>
            <line number="31" hits="18" branch="False" />
            <line number="36" hits="14" branch="False" />
            <line number="37" hits="14" branch="True" condition-coverage="50% (1/2)">
              <conditions>
                <condition number="13" type="jump" coverage="50%" />
              </conditions>
            </line>
            <line number="38" hits="14" branch="False" />
            <line number="39" hits="462" branch="False" />
            <line number="40" hits="14" branch="False" />
            <line number="44" hits="8" branch="False" />
            <line number="45" hits="8" branch="True" condition-coverage="50% (1/2)">
              <conditions>
                <condition number="9" type="jump" coverage="50%" />
              </conditions>
            </line>
            <line number="46" hits="264" branch="False" />
            <line number="47" hits="8" branch="False" />
            <line number="52" hits="8" branch="False" />
            <line number="53" hits="8" branch="True" condition-coverage="100% (2/2)">
              <conditions>
                <condition number="13" type="jump" coverage="100%" />
              </conditions>
            </line>
            <line number="55" hits="8" branch="False" />
            <line number="56" hits="8" branch="False" />
            <line number="58" hits="8" branch="True" condition-coverage="50% (1/2)">
              <conditions>
                <condition number="60" type="jump" coverage="50%" />
              </conditions>
            </line>
            <line number="60" hits="0" branch="False" />
            <line number="63" hits="8" branch="False" />
            <line number="69" hits="24" branch="True" condition-coverage="50% (1/2)">
              <conditions>
                <condition number="7" type="jump" coverage="50%" />
              </conditions>
            </line>
            <line number="70" hits="6" branch="False" />
            <line number="71" hits="6" branch="False" />
            <line number="72" hits="6" branch="False" />
            <line number="73" hits="6" branch="False" />
            <line number="74" hits="6" branch="False" />
            <line number="75" hits="6" branch="False" />
            <line number="76" hits="6" branch="False" />
            <line number="77" hits="6" branch="True" condition-coverage="50% (1/2)">
              <conditions>
                <condition number="97" type="jump" coverage="50%" />
              </conditions>
            </line>
            <line number="78" hits="6" branch="False" />
            <line number="84" hits="8" branch="True" condition-coverage="50% (1/2)">
              <conditions>
                <condition number="7" type="jump" coverage="50%" />
              </conditions>
            </line>
            <line number="85" hits="8" branch="False" />
            <line number="86" hits="8" branch="False" />
            <line number="87" hits="8" branch="False" />
            <line number="89" hits="8" branch="True" condition-coverage="50% (1/2)">
              <conditions>
                <condition number="86" type="jump" coverage="50%" />
              </conditions>
            </line>
            <line number="90" hits="8" branch="True" condition-coverage="50% (3/6)">
              <conditions>
                <condition number="7" type="jump" coverage="50%" />
                <condition number="27" type="jump" coverage="50%" />
                <condition number="42" type="jump" coverage="50%" />
              </conditions>
            </line>
            <line number="91" hits="8" branch="False" />
            <line number="92" hits="8" branch="False" />
            <line number="93" hits="8" branch="False" />
            <line number="94" hits="8" branch="False" />
            <line number="95" hits="8" branch="False" />
            <line number="96" hits="8" branch="False" />
            <line number="97" hits="8" branch="False" />
            <line number="98" hits="8" branch="False" />
            <line number="99" hits="8" branch="False" />
            <line number="101" hits="8" branch="True" condition-coverage="50% (1/2)">
              <conditions>
                <condition number="272" type="jump" coverage="50%" />
              </conditions>
            </line>
            <line number="102" hits="8" branch="False" />
            <line number="103" hits="8" branch="False" />
            <line number="104" hits="8" branch="False" />
            <line number="105" hits="8" branch="False" />
            <line number="106" hits="8" branch="False" />
            <line number="107" hits="8" branch="False" />
            <line number="109" hits="8" branch="True" condition-coverage="50% (1/2)">
              <conditions>
                <condition number="298" type="jump" coverage="50%" />
              </conditions>
            </line>
            <line number="110" hits="8" branch="False" />
            <line number="11" hits="1" branch="False" />
            <line number="12" hits="1" branch="False" />
            <line number="13" hits="1" branch="False" />
            <line number="14" hits="1" branch="False" />
          </lines>
        </class>
        <class name="ProgesiCore.ProgesiMetadata" filename="ProgesiMetadata.cs" line-rate="0.7066" branch-rate="0.375" complexity="49">
          <methods>
            <method name="Create" signature="(System.String,System.String,System.Collections.Generic.IEnumerable`1&lt;System.Uri&gt;,System.Collections.Generic.IEnumerable`1&lt;ProgesiCore.ProgesiSnip&gt;,System.Nullable`1&lt;System.DateTime&gt;,System.Nullable`1&lt;System.Int32&gt;)" line-rate="1" branch-rate="0.5" complexity="2">
              <lines>
                <line number="66" hits="9" branch="True" condition-coverage="50% (1/2)">
                  <conditions>
                    <condition number="17" type="jump" coverage="50%" />
                  </conditions>
                </line>
                <line number="67" hits="9" branch="False" />
                <line number="68" hits="9" branch="False" />
                <line number="69" hits="9" branch="False" />
                <line number="70" hits="9" branch="False" />
                <line number="71" hits="9" branch="False" />
                <line number="72" hits="9" branch="False" />
              </lines>
            </method>
            <method name="get_Id" signature="()" line-rate="1" branch-rate="1" complexity="1">
              <lines>
                <line number="78" hits="10" branch="False" />
              </lines>
            </method>
            <method name="get_LastModified" signature="()" line-rate="1" branch-rate="1" complexity="1">
              <lines>
                <line number="80" hits="29" branch="False" />
              </lines>
            </method>
            <method name="get_CreatedBy" signature="()" line-rate="1" branch-rate="1" complexity="1">
              <lines>
                <line number="81" hits="26" branch="False" />
              </lines>
            </method>
            <method name="get_AdditionalInfo" signature="()" line-rate="1" branch-rate="1" complexity="1">
              <lines>
                <line number="82" hits="26" branch="False" />
              </lines>
            </method>
            <method name="get_References" signature="()" line-rate="1" branch-rate="1" complexity="1">
              <lines>
                <line number="85" hits="19" branch="False" />
              </lines>
            </method>
            <method name="get_Snips" signature="()" line-rate="1" branch-rate="1" complexity="1">
              <lines>
                <line number="87" hits="9" branch="False" />
              </lines>
            </method>
            <method name="UpdateAdditionalInfo" signature="(System.String)" line-rate="0" branch-rate="0" complexity="2">
              <lines>
                <line number="91" hits="0" branch="True" condition-coverage="0% (0/2)">
                  <conditions>
                    <condition number="3" type="jump" coverage="0%" />
                  </conditions>
                </line>
                <line number="92" hits="0" branch="False" />
                <line number="93" hits="0" branch="False" />
              </lines>
            </method>
            <method name="AddReference" signature="(System.Uri)" line-rate="0.8571" branch-rate="0.75" complexity="4">
              <lines>
                <line number="97" hits="8" branch="True" condition-coverage="50% (1/2)">
                  <conditions>
                    <condition number="7" type="jump" coverage="50%" />
                  </conditions>
                </line>
                <line number="99" hits="0" branch="False" />
                <line number="102" hits="8" branch="False" />
                <line number="103" hits="8" branch="True" condition-coverage="100% (2/2)">
                  <conditions>
                    <condition number="29" type="jump" coverage="100%" />
                  </conditions>
                </line>
                <line number="105" hits="7" branch="False" />
                <line number="108" hits="8" branch="False" />
                <line number="109" hits="8" branch="False" />
              </lines>
            </method>
            <method name="AddReferences" signature="(System.Collections.Generic.IEnumerable`1&lt;System.Uri&gt;)" line-rate="0" branch-rate="0" complexity="8">
              <lines>
                <line number="113" hits="0" branch="True" condition-coverage="0% (0/2)">
                  <conditions>
                    <condition number="1" type="jump" coverage="0%" />
                  </conditions>
                </line>
                <line number="115" hits="0" branch="False" />
                <line number="118" hits="0" branch="True" condition-coverage="0% (0/2)">
                  <conditions>
                    <condition number="68" type="jump" coverage="0%" />
                  </conditions>
                </line>
                <line number="120" hits="0" branch="True" condition-coverage="0% (0/2)">
                  <conditions>
                    <condition number="27" type="jump" coverage="0%" />
                  </conditions>
                </line>
                <line number="125" hits="0" branch="False" />
                <line number="126" hits="0" branch="True" condition-coverage="0% (0/2)">
                  <conditions>
                    <condition number="48" type="jump" coverage="0%" />
                  </conditions>
                </line>
                <line number="128" hits="0" branch="False" />
                <line number="131" hits="0" branch="False" />
                <line number="132" hits="0" branch="False" />
              </lines>
            </method>
            <method name="RemoveReference" signature="(System.Uri)" line-rate="0.8332999999999999" branch-rate="0.75" complexity="4">
              <lines>
                <line number="136" hits="1" branch="True" condition-coverage="50% (1/2)">
                  <conditions>
                    <condition number="7" type="jump" coverage="50%" />
                  </conditions>
                </line>
                <line number="138" hits="0" branch="False" />
                <line number="141" hits="1" branch="False" />
                <line number="142" hits="1" branch="True" condition-coverage="100% (2/2)">
                  <conditions>
                    <condition number="29" type="jump" coverage="100%" />
                  </conditions>
                </line>
                <line number="144" hits="1" branch="False" />
                <line number="147" hits="1" branch="False" />
              </lines>
            </method>
            <method name="AddSnip" signature="(System.Byte[],System.String,System.String,System.Uri)" line-rate="1" branch-rate="1" complexity="1">
              <lines>
                <line number="152" hits="9" branch="False" />
                <line number="153" hits="7" branch="False" />
                <line number="154" hits="7" branch="False" />
                <line number="155" hits="7" branch="False" />
              </lines>
            </method>
            <method name="RemoveSnip" signature="(System.Guid)" line-rate="1" branch-rate="1" complexity="2">
              <lines>
                <line number="160" hits="4" branch="False" />
                <line number="161" hits="2" branch="True" condition-coverage="100% (2/2)">
                  <conditions>
                    <condition number="39" type="jump" coverage="100%" />
                  </conditions>
                </line>
                <line number="163" hits="1" branch="False" />
                <line number="166" hits="1" branch="False" />
                <line number="167" hits="1" branch="False" />
                <line number="168" hits="1" branch="False" />
              </lines>
            </method>
            <method name="Touch" signature="()" line-rate="1" branch-rate="1" complexity="1">
              <lines>
                <line number="173" hits="18" branch="False" />
                <line number="174" hits="18" branch="False" />
              </lines>
            </method>
            <method name=".ctor" signature="()" line-rate="0.6666" branch-rate="1" complexity="1">
              <lines>
                <line number="9" hits="9" branch="False" />
                <line number="10" hits="9" branch="False" />
                <line number="12" hits="0" branch="False" />
              </lines>
            </method>
            <method name=".ctor" signature="(System.Int32,System.DateTime,System.String,System.String,System.Collections.Generic.IEnumerable`1&lt;System.Uri&gt;,System.Collections.Generic.IEnumerable`1&lt;ProgesiCore.ProgesiSnip&gt;)" line-rate="0.6818000000000001" branch-rate="0.3333" complexity="18">
              <lines>
                <line number="14" hits="9" branch="False" />
                <line number="15" hits="9" branch="False" />
                <line number="16" hits="9" branch="False" />
                <line number="17" hits="9" branch="False" />
                <line number="18" hits="9" branch="False" />
                <line number="19" hits="9" branch="False" />
                <line number="20" hits="9" branch="False" />
                <line number="22" hits="9" branch="True" condition-coverage="50% (1/2)">
                  <conditions>
                    <condition number="52" type="jump" coverage="50%" />
                  </conditions>
                </line>
                <line number="24" hits="0" branch="False" />
                <line number="27" hits="9" branch="False" />
                <line number="28" hits="9" branch="False" />
                <line number="29" hits="9" branch="True" condition-coverage="50% (1/2)">
                  <conditions>
                    <condition number="91" type="jump" coverage="50%" />
                  </conditions>
                </line>
                <line number="30" hits="9" branch="True" condition-coverage="100% (2/2)">
                  <conditions>
                    <condition number="114" type="jump" coverage="100%" />
                  </conditions>
                </line>
                <line number="32" hits="9" branch="True" condition-coverage="50% (1/2)">
                  <conditions>
                    <condition number="129" type="jump" coverage="50%" />
                  </conditions>
                </line>
                <line number="34" hits="0" branch="True" condition-coverage="0% (0/2)">
                  <conditions>
                    <condition number="180" type="jump" coverage="0%" />
                  </conditions>
                </line>
                <line number="36" hits="0" branch="True" condition-coverage="0% (0/2)">
                  <conditions>
                    <condition number="155" type="jump" coverage="0%" />
                  </conditions>
                </line>
                <line number="41" hits="0" branch="False" />
                <line number="45" hits="9" branch="True" condition-coverage="50% (1/2)">
                  <conditions>
                    <condition number="196" type="jump" coverage="50%" />
                  </conditions>
                </line>
                <line number="47" hits="0" branch="True" condition-coverage="0% (0/2)">
                  <conditions>
                    <condition number="236" type="jump" coverage="0%" />
                  </conditions>
                </line>
                <line number="50" hits="0" branch="True" condition-coverage="0% (0/2)">
                  <conditions>
                    <condition number="216" type="jump" coverage="0%" />
                  </conditions>
                </line>
                <line number="52" hits="0" branch="False" />
                <line number="56" hits="9" branch="False" />
              </lines>
            </method>
          </methods>
          <lines>
            <line number="66" hits="9" branch="True" condition-coverage="50% (1/2)">
              <conditions>
                <condition number="17" type="jump" coverage="50%" />
              </conditions>
            </line>
            <line number="67" hits="9" branch="False" />
            <line number="68" hits="9" branch="False" />
            <line number="69" hits="9" branch="False" />
            <line number="70" hits="9" branch="False" />
            <line number="71" hits="9" branch="False" />
            <line number="72" hits="9" branch="False" />
            <line number="78" hits="10" branch="False" />
            <line number="80" hits="29" branch="False" />
            <line number="81" hits="26" branch="False" />
            <line number="82" hits="26" branch="False" />
            <line number="85" hits="19" branch="False" />
            <line number="87" hits="9" branch="False" />
            <line number="91" hits="0" branch="True" condition-coverage="0% (0/2)">
              <conditions>
                <condition number="3" type="jump" coverage="0%" />
              </conditions>
            </line>
            <line number="92" hits="0" branch="False" />
            <line number="93" hits="0" branch="False" />
            <line number="97" hits="8" branch="True" condition-coverage="50% (1/2)">
              <conditions>
                <condition number="7" type="jump" coverage="50%" />
              </conditions>
            </line>
            <line number="99" hits="0" branch="False" />
            <line number="102" hits="8" branch="False" />
            <line number="103" hits="8" branch="True" condition-coverage="100% (2/2)">
              <conditions>
                <condition number="29" type="jump" coverage="100%" />
              </conditions>
            </line>
            <line number="105" hits="7" branch="False" />
            <line number="108" hits="8" branch="False" />
            <line number="109" hits="8" branch="False" />
            <line number="113" hits="0" branch="True" condition-coverage="0% (0/2)">
              <conditions>
                <condition number="1" type="jump" coverage="0%" />
              </conditions>
            </line>
            <line number="115" hits="0" branch="False" />
            <line number="118" hits="0" branch="True" condition-coverage="0% (0/2)">
              <conditions>
                <condition number="68" type="jump" coverage="0%" />
              </conditions>
            </line>
            <line number="120" hits="0" branch="True" condition-coverage="0% (0/2)">
              <conditions>
                <condition number="27" type="jump" coverage="0%" />
              </conditions>
            </line>
            <line number="125" hits="0" branch="False" />
            <line number="126" hits="0" branch="True" condition-coverage="0% (0/2)">
              <conditions>
                <condition number="48" type="jump" coverage="0%" />
              </conditions>
            </line>
            <line number="128" hits="0" branch="False" />
            <line number="131" hits="0" branch="False" />
            <line number="132" hits="0" branch="False" />
            <line number="136" hits="1" branch="True" condition-coverage="50% (1/2)">
              <conditions>
                <condition number="7" type="jump" coverage="50%" />
              </conditions>
            </line>
            <line number="138" hits="0" branch="False" />
            <line number="141" hits="1" branch="False" />
            <line number="142" hits="1" branch="True" condition-coverage="100% (2/2)">
              <conditions>
                <condition number="29" type="jump" coverage="100%" />
              </conditions>
            </line>
            <line number="144" hits="1" branch="False" />
            <line number="147" hits="1" branch="False" />
            <line number="152" hits="9" branch="False" />
            <line number="153" hits="7" branch="False" />
            <line number="154" hits="7" branch="False" />
            <line number="155" hits="7" branch="False" />
            <line number="160" hits="4" branch="False" />
            <line number="161" hits="2" branch="True" condition-coverage="100% (2/2)">
              <conditions>
                <condition number="39" type="jump" coverage="100%" />
              </conditions>
            </line>
            <line number="163" hits="1" branch="False" />
            <line number="166" hits="1" branch="False" />
            <line number="167" hits="1" branch="False" />
            <line number="168" hits="1" branch="False" />
            <line number="173" hits="18" branch="False" />
            <line number="174" hits="18" branch="False" />
            <line number="9" hits="9" branch="False" />
            <line number="10" hits="9" branch="False" />
            <line number="12" hits="0" branch="False" />
            <line number="14" hits="9" branch="False" />
            <line number="15" hits="9" branch="False" />
            <line number="16" hits="9" branch="False" />
            <line number="17" hits="9" branch="False" />
            <line number="18" hits="9" branch="False" />
            <line number="19" hits="9" branch="False" />
            <line number="20" hits="9" branch="False" />
            <line number="22" hits="9" branch="True" condition-coverage="50% (1/2)">
              <conditions>
                <condition number="52" type="jump" coverage="50%" />
              </conditions>
            </line>
            <line number="24" hits="0" branch="False" />
            <line number="27" hits="9" branch="False" />
            <line number="28" hits="9" branch="False" />
            <line number="29" hits="9" branch="True" condition-coverage="50% (1/2)">
              <conditions>
                <condition number="91" type="jump" coverage="50%" />
              </conditions>
            </line>
            <line number="30" hits="9" branch="True" condition-coverage="100% (2/2)">
              <conditions>
                <condition number="114" type="jump" coverage="100%" />
              </conditions>
            </line>
            <line number="32" hits="9" branch="True" condition-coverage="50% (1/2)">
              <conditions>
                <condition number="129" type="jump" coverage="50%" />
              </conditions>
            </line>
            <line number="34" hits="0" branch="True" condition-coverage="0% (0/2)">
              <conditions>
                <condition number="180" type="jump" coverage="0%" />
              </conditions>
            </line>
            <line number="36" hits="0" branch="True" condition-coverage="0% (0/2)">
              <conditions>
                <condition number="155" type="jump" coverage="0%" />
              </conditions>
            </line>
            <line number="41" hits="0" branch="False" />
            <line number="45" hits="9" branch="True" condition-coverage="50% (1/2)">
              <conditions>
                <condition number="196" type="jump" coverage="50%" />
              </conditions>
            </line>
            <line number="47" hits="0" branch="True" condition-coverage="0% (0/2)">
              <conditions>
                <condition number="236" type="jump" coverage="0%" />
              </conditions>
            </line>
            <line number="50" hits="0" branch="True" condition-coverage="0% (0/2)">
              <conditions>
                <condition number="216" type="jump" coverage="0%" />
              </conditions>
            </line>
            <line number="52" hits="0" branch="False" />
            <line number="56" hits="9" branch="False" />
          </lines>
        </class>
        <class name="ProgesiCore.ProgesiMetadata/&lt;GetEqualityComponents&gt;d__32" filename="ProgesiMetadata.cs" line-rate="0" branch-rate="0" complexity="4">
          <methods>
            <method name="MoveNext" signature="()" line-rate="0" branch-rate="0" complexity="4">
              <lines>
                <line number="178" hits="0" branch="False" />
                <line number="179" hits="0" branch="False" />
                <line number="180" hits="0" branch="False" />
                <line number="182" hits="0" branch="True" condition-coverage="0% (0/2)">
                  <conditions>
                    <condition number="245" type="jump" coverage="0%" />
                  </conditions>
                </line>
                <line number="184" hits="0" branch="False" />
                <line number="187" hits="0" branch="True" condition-coverage="0% (0/2)">
                  <conditions>
                    <condition number="343" type="jump" coverage="0%" />
                  </conditions>
                </line>
                <line number="189" hits="0" branch="False" />
                <line number="192" hits="0" branch="False" />
                <line number="193" hits="0" branch="False" />
              </lines>
            </method>
          </methods>
          <lines>
            <line number="178" hits="0" branch="False" />
            <line number="179" hits="0" branch="False" />
            <line number="180" hits="0" branch="False" />
            <line number="182" hits="0" branch="True" condition-coverage="0% (0/2)">
              <conditions>
                <condition number="245" type="jump" coverage="0%" />
              </conditions>
            </line>
            <line number="184" hits="0" branch="False" />
            <line number="187" hits="0" branch="True" condition-coverage="0% (0/2)">
              <conditions>
                <condition number="343" type="jump" coverage="0%" />
              </conditions>
            </line>
            <line number="189" hits="0" branch="False" />
            <line number="192" hits="0" branch="False" />
            <line number="193" hits="0" branch="False" />
          </lines>
        </class>
        <class name="ProgesiCore.ProgesiSnip" filename="ProgesiMetadata.cs" line-rate="0.9" branch-rate="0.8332999999999999" complexity="18">
          <methods>
            <method name="Create" signature="(System.Byte[],System.String,System.String,System.Uri)" line-rate="1" branch-rate="1" complexity="2">
              <lines>
                <line number="226" hits="9" branch="True" condition-coverage="100% (2/2)">
                  <conditions>
                    <condition number="9" type="jump" coverage="100%" />
                  </conditions>
                </line>
              </lines>
            </method>
            <method name="get_Id" signature="()" line-rate="1" branch-rate="1" complexity="1">
              <lines>
                <line number="229" hits="10" branch="False" />
              </lines>
            </method>
            <method name="get_Content" signature="()" line-rate="1" branch-rate="1" complexity="1">
              <lines>
                <line number="230" hits="24" branch="False" />
              </lines>
            </method>
            <method name="get_MimeType" signature="()" line-rate="1" branch-rate="1" complexity="1">
              <lines>
                <line number="231" hits="24" branch="False" />
              </lines>
            </method>
            <method name="get_Caption" signature="()" line-rate="1" branch-rate="1" complexity="1">
              <lines>
                <line number="232" hits="16" branch="False" />
              </lines>
            </method>
            <method name="get_Source" signature="()" line-rate="1" branch-rate="1" complexity="1">
              <lines>
                <line number="233" hits="15" branch="False" />
              </lines>
            </method>
            <method name=".ctor" signature="()" line-rate="0" branch-rate="1" complexity="1">
              <lines>
                <line number="198" hits="0" branch="False" />
              </lines>
            </method>
            <method name=".ctor" signature="(System.Guid,System.Byte[],System.String,System.String,System.String)" line-rate="0.9229999999999999" branch-rate="0.8" complexity="10">
              <lines>
                <line number="200" hits="9" branch="False" />
                <line number="202" hits="9" branch="True" condition-coverage="50% (1/2)">
                  <conditions>
                    <condition number="50" type="jump" coverage="50%" />
                  </conditions>
                </line>
                <line number="204" hits="0" branch="False" />
                <line number="207" hits="9" branch="True" condition-coverage="100% (4/4)">
                  <conditions>
                    <condition number="69" type="jump" coverage="100%" />
                    <condition number="73" type="jump" coverage="100%" />
                  </conditions>
                </line>
                <line number="209" hits="1" branch="False" />
                <line number="212" hits="8" branch="True" condition-coverage="100% (2/2)">
                  <conditions>
                    <condition number="97" type="jump" coverage="100%" />
                  </conditions>
                </line>
                <line number="214" hits="1" branch="False" />
                <line number="217" hits="7" branch="False" />
                <line number="218" hits="7" branch="False" />
                <line number="219" hits="7" branch="False" />
                <line number="220" hits="7" branch="True" condition-coverage="50% (1/2)">
                  <conditions>
                    <condition number="135" type="jump" coverage="50%" />
                  </conditions>
                </line>
                <line number="221" hits="7" branch="False" />
                <line number="222" hits="7" branch="False" />
              </lines>
            </method>
          </methods>
          <lines>
            <line number="226" hits="9" branch="True" condition-coverage="100% (2/2)">
              <conditions>
                <condition number="9" type="jump" coverage="100%" />
              </conditions>
            </line>
            <line number="229" hits="10" branch="False" />
            <line number="230" hits="24" branch="False" />
            <line number="231" hits="24" branch="False" />
            <line number="232" hits="16" branch="False" />
            <line number="233" hits="15" branch="False" />
            <line number="198" hits="0" branch="False" />
            <line number="200" hits="9" branch="False" />
            <line number="202" hits="9" branch="True" condition-coverage="50% (1/2)">
              <conditions>
                <condition number="50" type="jump" coverage="50%" />
              </conditions>
            </line>
            <line number="204" hits="0" branch="False" />
            <line number="207" hits="9" branch="True" condition-coverage="100% (4/4)">
              <conditions>
                <condition number="69" type="jump" coverage="100%" />
                <condition number="73" type="jump" coverage="100%" />
              </conditions>
            </line>
            <line number="209" hits="1" branch="False" />
            <line number="212" hits="8" branch="True" condition-coverage="100% (2/2)">
              <conditions>
                <condition number="97" type="jump" coverage="100%" />
              </conditions>
            </line>
            <line number="214" hits="1" branch="False" />
            <line number="217" hits="7" branch="False" />
            <line number="218" hits="7" branch="False" />
            <line number="219" hits="7" branch="False" />
            <line number="220" hits="7" branch="True" condition-coverage="50% (1/2)">
              <conditions>
                <condition number="135" type="jump" coverage="50%" />
              </conditions>
            </line>
            <line number="221" hits="7" branch="False" />
            <line number="222" hits="7" branch="False" />
          </lines>
        </class>
        <class name="ProgesiCore.ProgesiSnip/&lt;GetEqualityComponents&gt;d__23" filename="ProgesiMetadata.cs" line-rate="0" branch-rate="0" complexity="2">
          <methods>
            <method name="MoveNext" signature="()" line-rate="0" branch-rate="0" complexity="2">
              <lines>
                <line number="237" hits="0" branch="False" />
                <line number="238" hits="0" branch="False" />
                <line number="239" hits="0" branch="False" />
                <line number="240" hits="0" branch="True" condition-coverage="0% (0/2)">
                  <conditions>
                    <condition number="146" type="jump" coverage="0%" />
                  </conditions>
                </line>
                <line number="241" hits="0" branch="False" />
              </lines>
            </method>
          </methods>
          <lines>
            <line number="237" hits="0" branch="False" />
            <line number="238" hits="0" branch="False" />
            <line number="239" hits="0" branch="False" />
            <line number="240" hits="0" branch="True" condition-coverage="0% (0/2)">
              <conditions>
                <condition number="146" type="jump" coverage="0%" />
              </conditions>
            </line>
            <line number="241" hits="0" branch="False" />
          </lines>
        </class>
        <class name="ProgesiCore.ValueObject" filename="ProgesiValuesObject.cs" line-rate="0.8443999999999999" branch-rate="0.6" complexity="42">
          <methods>
            <method name="Equals" signature="(System.Object)" line-rate="0.8332999999999999" branch-rate="0.75" complexity="4">
              <lines>
                <line number="19" hits="7" branch="True" condition-coverage="50% (1/2)">
                  <conditions>
                    <condition number="1" type="jump" coverage="50%" />
                  </conditions>
                </line>
                <line number="21" hits="0" branch="False" />
                <line number="24" hits="7" branch="True" condition-coverage="100% (2/2)">
                  <conditions>
                    <condition number="22" type="jump" coverage="100%" />
                  </conditions>
                </line>
                <line number="26" hits="1" branch="False" />
                <line number="29" hits="6" branch="False" />
                <line number="31" hits="6" branch="False" />
              </lines>
            </method>
            <method name="GetHashCode" signature="()" line-rate="1" branch-rate="0.75" complexity="4">
              <lines>
                <line number="36" hits="9" branch="True" condition-coverage="100% (2/2)">
                  <conditions>
                    <condition number="11" type="jump" coverage="100%" />
                  </conditions>
                </line>
                <line number="38" hits="6" branch="False" />
                <line number="39" hits="6" branch="False" />
                <line number="40" hits="6" branch="False" />
                <line number="41" hits="6" branch="False" />
                <line number="42" hits="6" branch="False" />
                <line number="43" hits="24" branch="True" condition-coverage="50% (1/2)">
                  <conditions>
                    <condition number="5" type="jump" coverage="50%" />
                  </conditions>
                </line>
                <line number="44" hits="6" branch="False" />
                <line number="45" hits="6" branch="False" />
                <line number="48" hits="9" branch="False" />
              </lines>
            </method>
            <method name="CompareTo" signature="(System.Object)" line-rate="0.8332999999999999" branch-rate="0.6666" complexity="6">
              <lines>
                <line number="53" hits="1" branch="False" />
                <line number="54" hits="1" branch="False" />
                <line number="56" hits="1" branch="True" condition-coverage="50% (1/2)">
                  <conditions>
                    <condition number="21" type="jump" coverage="50%" />
                  </conditions>
                </line>
                <line number="58" hits="0" branch="False" />
                <line number="61" hits="1" branch="False" />
                <line number="63" hits="1" branch="False" />
                <line number="64" hits="1" branch="False" />
                <line number="66" hits="6" branch="True" condition-coverage="100% (2/2)">
                  <conditions>
                    <condition number="110" type="jump" coverage="100%" />
                  </conditions>
                </line>
                <line number="68" hits="2" branch="False" />
                <line number="69" hits="2" branch="True" condition-coverage="50% (1/2)">
                  <conditions>
                    <condition number="94" type="jump" coverage="50%" />
                  </conditions>
                </line>
                <line number="71" hits="0" branch="False" />
                <line number="75" hits="1" branch="False" />
              </lines>
            </method>
            <method name="CompareComponents" signature="(System.Object,System.Object)" line-rate="0.6666" branch-rate="0.4285" complexity="14">
              <lines>
                <line number="80" hits="2" branch="True" condition-coverage="50% (2/4)">
                  <conditions>
                    <condition number="1" type="jump" coverage="50%" />
                    <condition number="4" type="jump" coverage="50%" />
                  </conditions>
                </line>
                <line number="82" hits="0" branch="False" />
                <line number="85" hits="2" branch="True" condition-coverage="50% (1/2)">
                  <conditions>
                    <condition number="9" type="jump" coverage="50%" />
                  </conditions>
                </line>
                <line number="87" hits="0" branch="False" />
                <line number="90" hits="2" branch="True" condition-coverage="50% (1/2)">
                  <conditions>
                    <condition number="14" type="jump" coverage="50%" />
                  </conditions>
                </line>
                <line number="92" hits="0" branch="False" />
                <line number="95" hits="2" branch="True" condition-coverage="33.33% (2/6)">
                  <conditions>
                    <condition number="26" type="jump" coverage="50%" />
                    <condition number="36" type="jump" coverage="50%" />
                    <condition number="45" type="jump" coverage="0%" />
                  </conditions>
                </line>
                <line number="96" hits="2" branch="False" />
                <line number="97" hits="2" branch="False" />
              </lines>
            </method>
            <method name="CompareTo" signature="(ProgesiCore.ValueObject)" line-rate="1" branch-rate="1" complexity="1">
              <lines>
                <line number="102" hits="1" branch="False" />
              </lines>
            </method>
            <method name="op_Equality" signature="(ProgesiCore.ValueObject,ProgesiCore.ValueObject)" line-rate="0.6666" branch-rate="0.75" complexity="8">
              <lines>
                <line number="107" hits="4" branch="True" condition-coverage="75% (3/4)">
                  <conditions>
                    <condition number="1" type="jump" coverage="100%" />
                    <condition number="4" type="jump" coverage="50%" />
                  </conditions>
                </line>
                <line number="109" hits="0" branch="False" />
                <line number="112" hits="4" branch="True" condition-coverage="75% (3/4)">
                  <conditions>
                    <condition number="9" type="jump" coverage="100%" />
                    <condition number="12" type="jump" coverage="50%" />
                  </conditions>
                </line>
              </lines>
            </method>
            <method name="op_Inequality" signature="(ProgesiCore.ValueObject,ProgesiCore.ValueObject)" line-rate="1" branch-rate="1" complexity="1">
              <lines>
                <line number="117" hits="2" branch="False" />
              </lines>
            </method>
            <method name="GetUnproxiedType" signature="(System.Object)" line-rate="1" branch-rate="0.5" complexity="4">
              <lines>
                <line number="125" hits="16" branch="False" />
                <line number="126" hits="16" branch="False" />
                <line number="128" hits="16" branch="True" condition-coverage="50% (2/4)">
                  <conditions>
                    <condition number="25" type="jump" coverage="50%" />
                    <condition number="38" type="jump" coverage="50%" />
                  </conditions>
                </line>
              </lines>
            </method>
          </methods>
          <lines>
            <line number="19" hits="7" branch="True" condition-coverage="50% (1/2)">
              <conditions>
                <condition number="1" type="jump" coverage="50%" />
              </conditions>
            </line>
            <line number="21" hits="0" branch="False" />
            <line number="24" hits="7" branch="True" condition-coverage="100% (2/2)">
              <conditions>
                <condition number="22" type="jump" coverage="100%" />
              </conditions>
            </line>
            <line number="26" hits="1" branch="False" />
            <line number="29" hits="6" branch="False" />
            <line number="31" hits="6" branch="False" />
            <line number="36" hits="9" branch="True" condition-coverage="100% (2/2)">
              <conditions>
                <condition number="11" type="jump" coverage="100%" />
              </conditions>
            </line>
            <line number="38" hits="6" branch="False" />
            <line number="39" hits="6" branch="False" />
            <line number="40" hits="6" branch="False" />
            <line number="41" hits="6" branch="False" />
            <line number="42" hits="6" branch="False" />
            <line number="43" hits="24" branch="True" condition-coverage="50% (1/2)">
              <conditions>
                <condition number="5" type="jump" coverage="50%" />
              </conditions>
            </line>
            <line number="44" hits="6" branch="False" />
            <line number="45" hits="6" branch="False" />
            <line number="48" hits="9" branch="False" />
            <line number="53" hits="1" branch="False" />
            <line number="54" hits="1" branch="False" />
            <line number="56" hits="1" branch="True" condition-coverage="50% (1/2)">
              <conditions>
                <condition number="21" type="jump" coverage="50%" />
              </conditions>
            </line>
            <line number="58" hits="0" branch="False" />
            <line number="61" hits="1" branch="False" />
            <line number="63" hits="1" branch="False" />
            <line number="64" hits="1" branch="False" />
            <line number="66" hits="6" branch="True" condition-coverage="100% (2/2)">
              <conditions>
                <condition number="110" type="jump" coverage="100%" />
              </conditions>
            </line>
            <line number="68" hits="2" branch="False" />
            <line number="69" hits="2" branch="True" condition-coverage="50% (1/2)">
              <conditions>
                <condition number="94" type="jump" coverage="50%" />
              </conditions>
            </line>
            <line number="71" hits="0" branch="False" />
            <line number="75" hits="1" branch="False" />
            <line number="80" hits="2" branch="True" condition-coverage="50% (2/4)">
              <conditions>
                <condition number="1" type="jump" coverage="50%" />
                <condition number="4" type="jump" coverage="50%" />
              </conditions>
            </line>
            <line number="82" hits="0" branch="False" />
            <line number="85" hits="2" branch="True" condition-coverage="50% (1/2)">
              <conditions>
                <condition number="9" type="jump" coverage="50%" />
              </conditions>
            </line>
            <line number="87" hits="0" branch="False" />
            <line number="90" hits="2" branch="True" condition-coverage="50% (1/2)">
              <conditions>
                <condition number="14" type="jump" coverage="50%" />
              </conditions>
            </line>
            <line number="92" hits="0" branch="False" />
            <line number="95" hits="2" branch="True" condition-coverage="33.33% (2/6)">
              <conditions>
                <condition number="26" type="jump" coverage="50%" />
                <condition number="36" type="jump" coverage="50%" />
                <condition number="45" type="jump" coverage="0%" />
              </conditions>
            </line>
            <line number="96" hits="2" branch="False" />
            <line number="97" hits="2" branch="False" />
            <line number="102" hits="1" branch="False" />
            <line number="107" hits="4" branch="True" condition-coverage="75% (3/4)">
              <conditions>
                <condition number="1" type="jump" coverage="100%" />
                <condition number="4" type="jump" coverage="50%" />
              </conditions>
            </line>
            <line number="109" hits="0" branch="False" />
            <line number="112" hits="4" branch="True" condition-coverage="75% (3/4)">
              <conditions>
                <condition number="9" type="jump" coverage="100%" />
                <condition number="12" type="jump" coverage="50%" />
              </conditions>
            </line>
            <line number="117" hits="2" branch="False" />
            <line number="125" hits="16" branch="False" />
            <line number="126" hits="16" branch="False" />
            <line number="128" hits="16" branch="True" condition-coverage="50% (2/4)">
              <conditions>
                <condition number="25" type="jump" coverage="50%" />
                <condition number="38" type="jump" coverage="50%" />
              </conditions>
            </line>
          </lines>
        </class>
        <class name="ProgesiCore.ProgesiVariable" filename="ProgesiVariable.cs" line-rate="1" branch-rate="0.5" complexity="9">
          <methods>
            <method name="get_Id" signature="()" line-rate="1" branch-rate="1" complexity="1">
              <lines>
                <line number="10" hits="16" branch="False" />
              </lines>
            </method>
            <method name="get_Name" signature="()" line-rate="1" branch-rate="1" complexity="1">
              <lines>
                <line number="11" hits="30" branch="False" />
              </lines>
            </method>
            <method name="get_Value" signature="()" line-rate="1" branch-rate="1" complexity="1">
              <lines>
                <line number="12" hits="30" branch="False" />
              </lines>
            </method>
            <method name="get_DependsFrom" signature="()" line-rate="1" branch-rate="1" complexity="1">
              <lines>
                <line number="13" hits="28" branch="False" />
              </lines>
            </method>
            <method name="get_MetadataId" signature="()" line-rate="1" branch-rate="1" complexity="1">
              <lines>
                <line number="14" hits="26" branch="False" />
              </lines>
            </method>
            <method name=".ctor" signature="(System.Int32,System.String,System.Object,System.Collections.Generic.IEnumerable`1&lt;System.Int32&gt;,System.Nullable`1&lt;System.Int32&gt;)" line-rate="1" branch-rate="0.5" complexity="4">
              <lines>
                <line number="16" hits="8" branch="False" />
                <line number="18" hits="8" branch="False" />
                <line number="19" hits="8" branch="False" />
                <line number="21" hits="8" branch="False" />
                <line number="22" hits="8" branch="False" />
                <line number="23" hits="8" branch="False" />
                <line number="24" hits="8" branch="True" condition-coverage="50% (2/4)">
                  <conditions>
                    <condition number="90" type="jump" coverage="50%" />
                    <condition number="103" type="jump" coverage="50%" />
                  </conditions>
                </line>
                <line number="25" hits="8" branch="False" />
                <line number="26" hits="8" branch="False" />
              </lines>
            </method>
          </methods>
          <lines>
            <line number="10" hits="16" branch="False" />
            <line number="11" hits="30" branch="False" />
            <line number="12" hits="30" branch="False" />
            <line number="13" hits="28" branch="False" />
            <line number="14" hits="26" branch="False" />
            <line number="16" hits="8" branch="False" />
            <line number="18" hits="8" branch="False" />
            <line number="19" hits="8" branch="False" />
            <line number="21" hits="8" branch="False" />
            <line number="22" hits="8" branch="False" />
            <line number="23" hits="8" branch="False" />
            <line number="24" hits="8" branch="True" condition-coverage="50% (2/4)">
              <conditions>
                <condition number="90" type="jump" coverage="50%" />
                <condition number="103" type="jump" coverage="50%" />
              </conditions>
            </line>
            <line number="25" hits="8" branch="False" />
            <line number="26" hits="8" branch="False" />
          </lines>
        </class>
        <class name="ProgesiCore.ProgesiVariable/&lt;&gt;c" filename="ProgesiVariable.cs" line-rate="1" branch-rate="1" complexity="1">
          <methods>
            <method name="&lt;GetEqualityComponents&gt;b__21_0" signature="(System.Int32)" line-rate="1" branch-rate="1" complexity="1">
              <lines>
                <line number="36" hits="66" branch="False" />
              </lines>
            </method>
          </methods>
          <lines>
            <line number="36" hits="66" branch="False" />
          </lines>
        </class>
        <class name="ProgesiCore.ProgesiVariable/&lt;GetEqualityComponents&gt;d__21" filename="ProgesiVariable.cs" line-rate="1" branch-rate="0.8332999999999999" complexity="6">
          <methods>
            <method name="MoveNext" signature="()" line-rate="1" branch-rate="0.8332999999999999" complexity="6">
              <lines>
                <line number="31" hits="8" branch="False" />
                <line number="32" hits="8" branch="False" />
                <line number="34" hits="8" branch="True" condition-coverage="100% (2/2)">
                  <conditions>
                    <condition number="140" type="jump" coverage="100%" />
                  </conditions>
                </line>
                <line number="35" hits="6" branch="False" />
                <line number="38" hits="18" branch="False" />
                <line number="41" hits="6" branch="True" condition-coverage="50% (1/2)">
                  <conditions>
                    <condition number="377" type="jump" coverage="50%" />
                  </conditions>
                </line>
                <line number="42" hits="6" branch="False" />
              </lines>
            </method>
          </methods>
          <lines>
            <line number="31" hits="8" branch="False" />
            <line number="32" hits="8" branch="False" />
            <line number="34" hits="8" branch="True" condition-coverage="100% (2/2)">
              <conditions>
                <condition number="140" type="jump" coverage="100%" />
              </conditions>
            </line>
            <line number="35" hits="6" branch="False" />
            <line number="38" hits="18" branch="False" />
            <line number="41" hits="6" branch="True" condition-coverage="50% (1/2)">
              <conditions>
                <condition number="377" type="jump" coverage="50%" />
              </conditions>
            </line>
            <line number="42" hits="6" branch="False" />
          </lines>
        </class>
      </classes>
    </package>
  </packages>
</coverage>