<?xml version="1.0" encoding="utf-8"?>
<!DOCTYPE coverage SYSTEM "http://cobertura.sourceforge.net/xml/coverage-04.dtd">
<coverage line-rate="0.7282352941176471" branch-rate="0.49707602339181284" lines-covered="619" lines-valid="850" branches-covered="170" branches-valid="342" complexity="426" version="0" timestamp="1758345100">
  <sources>
    <source>D:\a\Progesi\Progesi\src\ProgesiCore\</source>
    <source>D:\a\Progesi\Progesi\src\</source>
  </sources>
  <packages>
    <package name="ProgesiCore" line-rate="0.823045267489712" branch-rate="0.6052631578947368" complexity="177">
      <classes>
        <class name="ProgesiCore.ProgesiHash" filename="D:\a\Progesi\Progesi\src\ProgesiCore\ProgesiHash.cs" line-rate="0.9402985074626866" branch-rate="0.5869565217391305" complexity="47">
          <methods>
            <method name="CanonicalValue" signature="(System.Object)" line-rate="0.6923076923076923" branch-rate="0.55" complexity="20">
              <lines>
                <line number="19" hits="58" branch="true" condition-coverage="63% (10/16)" />
                <line number="20" hits="58" branch="false" />
                <line number="21" hits="58" branch="false" />
                <line number="22" hits="58" branch="false" />
                <line number="23" hits="4" branch="false" />
                <line number="24" hits="2" branch="true" condition-coverage="50% (1/2)" />
                <line number="25" hits="36" branch="false" />
                <line number="26" hits="0" branch="false" />
                <line number="27" hits="2" branch="false" />
                <line number="28" hits="0" branch="false" />
                <line number="29" hits="0" branch="false" />
                <line number="30" hits="0" branch="true" condition-coverage="0% (0/2)" />
                <line number="31" hits="58" branch="false" />
              </lines>
            </method>
            <method name="Sha256Hex" signature="(System.String)" line-rate="1" branch-rate="0.5" complexity="2">
              <lines>
                <line number="36" hits="266" branch="false" />
                <line number="37" hits="266" branch="true" condition-coverage="50% (1/2)" />
                <line number="38" hits="266" branch="false" />
                <line number="39" hits="8778" branch="false" />
                <line number="40" hits="266" branch="false" />
              </lines>
            </method>
            <method name="Sha256Hex" signature="(System.Byte[])" line-rate="1" branch-rate="0.5" complexity="2">
              <lines>
                <line number="44" hits="236" branch="false" />
                <line number="45" hits="236" branch="true" condition-coverage="50% (1/2)" />
                <line number="46" hits="7788" branch="false" />
                <line number="47" hits="236" branch="false" />
              </lines>
            </method>
            <method name="NormalizeUri" signature="(System.Uri)" line-rate="1" branch-rate="1" complexity="4">
              <lines>
                <line number="52" hits="442" branch="false" />
                <line number="53" hits="442" branch="true" condition-coverage="100% (2/2)" />
                <line number="55" hits="442" branch="false" />
                <line number="56" hits="442" branch="false" />
                <line number="58" hits="442" branch="true" condition-coverage="100% (2/2)" />
                <line number="60" hits="416" branch="false" />
                <line number="63" hits="442" branch="false" />
              </lines>
            </method>
            <method name="Compute" signature="(ProgesiCore.ProgesiVariable)" line-rate="1" branch-rate="0.5" complexity="4">
              <lines>
                <line number="69" hits="136" branch="true" condition-coverage="50% (1/2)" />
                <line number="70" hits="34" branch="false" />
                <line number="71" hits="34" branch="false" />
                <line number="72" hits="34" branch="false" />
                <line number="73" hits="34" branch="false" />
                <line number="74" hits="34" branch="false" />
                <line number="75" hits="34" branch="false" />
                <line number="76" hits="34" branch="false" />
                <line number="77" hits="34" branch="true" condition-coverage="50% (1/2)" />
                <line number="78" hits="34" branch="false" />
              </lines>
            </method>
            <method name="Compute" signature="(ProgesiCore.ProgesiMetadata)" line-rate="1" branch-rate="0.5714285714285714" complexity="14">
              <lines>
                <line number="84" hits="232" branch="true" condition-coverage="50% (1/2)" />
                <line number="85" hits="232" branch="false" />
                <line number="86" hits="442" branch="false" />
                <line number="87" hits="232" branch="false" />
                <line number="89" hits="232" branch="true" condition-coverage="50% (1/2)" />
                <line number="90" hits="236" branch="true" condition-coverage="67% (4/6)" />
                <line number="91" hits="236" branch="false" />
                <line number="92" hits="236" branch="false" />
                <line number="93" hits="236" branch="false" />
                <line number="94" hits="236" branch="false" />
                <line number="95" hits="236" branch="false" />
                <line number="96" hits="236" branch="false" />
                <line number="97" hits="236" branch="false" />
                <line number="98" hits="236" branch="false" />
                <line number="99" hits="232" branch="false" />
                <line number="101" hits="232" branch="true" condition-coverage="50% (1/2)" />
                <line number="102" hits="232" branch="false" />
                <line number="103" hits="232" branch="false" />
                <line number="104" hits="232" branch="false" />
                <line number="105" hits="232" branch="false" />
                <line number="106" hits="232" branch="false" />
                <line number="107" hits="232" branch="false" />
                <line number="109" hits="232" branch="true" condition-coverage="50% (1/2)" />
                <line number="110" hits="232" branch="false" />
              </lines>
            </method>
            <method name=".cctor" signature="()" line-rate="1" branch-rate="1" complexity="1">
              <lines>
                <line number="11" hits="4" branch="false" />
                <line number="12" hits="4" branch="false" />
                <line number="13" hits="4" branch="false" />
                <line number="14" hits="4" branch="false" />
              </lines>
            </method>
          </methods>
          <lines>
            <line number="11" hits="4" branch="false" />
            <line number="12" hits="4" branch="false" />
            <line number="13" hits="4" branch="false" />
            <line number="14" hits="4" branch="false" />
            <line number="19" hits="58" branch="true" condition-coverage="63% (10/16)" />
            <line number="20" hits="58" branch="false" />
            <line number="21" hits="58" branch="false" />
            <line number="22" hits="58" branch="false" />
            <line number="23" hits="4" branch="false" />
            <line number="24" hits="2" branch="true" condition-coverage="50% (1/2)" />
            <line number="25" hits="36" branch="false" />
            <line number="26" hits="0" branch="false" />
            <line number="27" hits="2" branch="false" />
            <line number="28" hits="0" branch="false" />
            <line number="29" hits="0" branch="false" />
            <line number="30" hits="0" branch="true" condition-coverage="0% (0/2)" />
            <line number="31" hits="58" branch="false" />
            <line number="36" hits="266" branch="false" />
            <line number="37" hits="266" branch="true" condition-coverage="50% (1/2)" />
            <line number="38" hits="266" branch="false" />
            <line number="39" hits="8778" branch="false" />
            <line number="40" hits="266" branch="false" />
            <line number="44" hits="236" branch="false" />
            <line number="45" hits="236" branch="true" condition-coverage="50% (1/2)" />
            <line number="46" hits="7788" branch="false" />
            <line number="47" hits="236" branch="false" />
            <line number="52" hits="442" branch="false" />
            <line number="53" hits="442" branch="true" condition-coverage="100% (2/2)" />
            <line number="55" hits="442" branch="false" />
            <line number="56" hits="442" branch="false" />
            <line number="58" hits="442" branch="true" condition-coverage="100% (2/2)" />
            <line number="60" hits="416" branch="false" />
            <line number="63" hits="442" branch="false" />
            <line number="69" hits="136" branch="true" condition-coverage="50% (1/2)" />
            <line number="70" hits="34" branch="false" />
            <line number="71" hits="34" branch="false" />
            <line number="72" hits="34" branch="false" />
            <line number="73" hits="34" branch="false" />
            <line number="74" hits="34" branch="false" />
            <line number="75" hits="34" branch="false" />
            <line number="76" hits="34" branch="false" />
            <line number="77" hits="34" branch="true" condition-coverage="50% (1/2)" />
            <line number="78" hits="34" branch="false" />
            <line number="84" hits="232" branch="true" condition-coverage="50% (1/2)" />
            <line number="85" hits="232" branch="false" />
            <line number="86" hits="442" branch="false" />
            <line number="87" hits="232" branch="false" />
            <line number="89" hits="232" branch="true" condition-coverage="50% (1/2)" />
            <line number="90" hits="236" branch="true" condition-coverage="67% (4/6)" />
            <line number="91" hits="236" branch="false" />
            <line number="92" hits="236" branch="false" />
            <line number="93" hits="236" branch="false" />
            <line number="94" hits="236" branch="false" />
            <line number="95" hits="236" branch="false" />
            <line number="96" hits="236" branch="false" />
            <line number="97" hits="236" branch="false" />
            <line number="98" hits="236" branch="false" />
            <line number="99" hits="232" branch="false" />
            <line number="101" hits="232" branch="true" condition-coverage="50% (1/2)" />
            <line number="102" hits="232" branch="false" />
            <line number="103" hits="232" branch="false" />
            <line number="104" hits="232" branch="false" />
            <line number="105" hits="232" branch="false" />
            <line number="106" hits="232" branch="false" />
            <line number="107" hits="232" branch="false" />
            <line number="109" hits="232" branch="true" condition-coverage="50% (1/2)" />
            <line number="110" hits="232" branch="false" />
          </lines>
        </class>
        <class name="ProgesiCore.ProgesiMetadata" filename="D:\a\Progesi\Progesi\src\ProgesiCore\ProgesiMetadata.cs" line-rate="0.7023809523809523" branch-rate="0.5909090909090909" complexity="53">
          <methods>
            <method name="Create" signature="(System.String,System.String,System.Collections.Generic.IEnumerable`1&lt;System.Uri&gt;,System.Collections.Generic.IEnumerable`1&lt;ProgesiCore.ProgesiSnip&gt;,System.Nullable`1&lt;System.DateTime&gt;,System.Nullable`1&lt;System.Int32&gt;)" line-rate="1" branch-rate="1" complexity="2">
              <lines>
                <line number="66" hits="254" branch="true" condition-coverage="100% (2/2)" />
                <line number="67" hits="254" branch="false" />
                <line number="68" hits="254" branch="false" />
                <line number="69" hits="254" branch="false" />
                <line number="70" hits="254" branch="false" />
                <line number="71" hits="254" branch="false" />
                <line number="72" hits="254" branch="false" />
              </lines>
            </method>
            <method name="get_Id" signature="()" line-rate="1" branch-rate="1" complexity="1">
              <lines>
                <line number="78" hits="722" branch="false" />
              </lines>
            </method>
            <method name="get_LastModified" signature="()" line-rate="1" branch-rate="1" complexity="1">
              <lines>
                <line number="80" hits="636" branch="false" />
              </lines>
            </method>
            <method name="get_CreatedBy" signature="()" line-rate="1" branch-rate="1" complexity="1">
              <lines>
                <line number="81" hits="906" branch="false" />
              </lines>
            </method>
            <method name="get_AdditionalInfo" signature="()" line-rate="1" branch-rate="1" complexity="1">
              <lines>
                <line number="82" hits="900" branch="false" />
              </lines>
            </method>
            <method name="get_References" signature="()" line-rate="1" branch-rate="1" complexity="1">
              <lines>
                <line number="85" hits="1152" branch="false" />
              </lines>
            </method>
            <method name="get_Snips" signature="()" line-rate="1" branch-rate="1" complexity="1">
              <lines>
                <line number="87" hits="398" branch="false" />
              </lines>
            </method>
            <method name="UpdateAdditionalInfo" signature="(System.String)" line-rate="0" branch-rate="0" complexity="2">
              <lines>
                <line number="91" hits="0" branch="true" condition-coverage="0% (0/2)" />
                <line number="92" hits="0" branch="false" />
                <line number="93" hits="0" branch="false" />
              </lines>
            </method>
            <method name="AddReference" signature="(System.Uri)" line-rate="0.8571428571428571" branch-rate="0.75" complexity="4">
              <lines>
                <line number="97" hits="16" branch="true" condition-coverage="50% (1/2)" />
                <line number="99" hits="0" branch="false" />
                <line number="102" hits="16" branch="false" />
                <line number="103" hits="16" branch="true" condition-coverage="100% (2/2)" />
                <line number="105" hits="14" branch="false" />
                <line number="108" hits="16" branch="false" />
                <line number="109" hits="16" branch="false" />
              </lines>
            </method>
            <method name="AddReferences" signature="(System.Collections.Generic.IEnumerable`1&lt;System.Uri&gt;)" line-rate="0" branch-rate="0" complexity="8">
              <lines>
                <line number="113" hits="0" branch="true" condition-coverage="0% (0/2)" />
                <line number="115" hits="0" branch="false" />
                <line number="118" hits="0" branch="true" condition-coverage="0% (0/2)" />
                <line number="120" hits="0" branch="true" condition-coverage="0% (0/2)" />
                <line number="125" hits="0" branch="false" />
                <line number="126" hits="0" branch="true" condition-coverage="0% (0/2)" />
                <line number="128" hits="0" branch="false" />
                <line number="131" hits="0" branch="false" />
                <line number="132" hits="0" branch="false" />
              </lines>
            </method>
            <method name="RemoveReference" signature="(System.Uri)" line-rate="0.8333333333333334" branch-rate="0.75" complexity="4">
              <lines>
                <line number="136" hits="2" branch="true" condition-coverage="50% (1/2)" />
                <line number="138" hits="0" branch="false" />
                <line number="141" hits="2" branch="false" />
                <line number="142" hits="2" branch="true" condition-coverage="100% (2/2)" />
                <line number="144" hits="2" branch="false" />
                <line number="147" hits="2" branch="false" />
              </lines>
            </method>
            <method name="AddSnip" signature="(System.Byte[],System.String,System.String,System.Uri)" line-rate="1" branch-rate="1" complexity="1">
              <lines>
                <line number="152" hits="40" branch="false" />
                <line number="153" hits="36" branch="false" />
                <line number="154" hits="36" branch="false" />
                <line number="155" hits="36" branch="false" />
              </lines>
            </method>
            <method name="RemoveSnip" signature="(System.Guid)" line-rate="1" branch-rate="1" complexity="2">
              <lines>
                <line number="160" hits="8" branch="false" />
                <line number="161" hits="4" branch="true" condition-coverage="100% (2/2)" />
                <line number="163" hits="2" branch="false" />
                <line number="166" hits="2" branch="false" />
                <line number="167" hits="2" branch="false" />
                <line number="168" hits="2" branch="false" />
              </lines>
            </method>
            <method name="Touch" signature="()" line-rate="1" branch-rate="1" complexity="1">
              <lines>
                <line number="173" hits="58" branch="false" />
                <line number="174" hits="58" branch="false" />
              </lines>
            </method>
            <method name=".ctor" signature="()" line-rate="0.6666666666666666" branch-rate="1" complexity="1">
              <lines>
                <line number="9" hits="254" branch="false" />
                <line number="10" hits="254" branch="false" />
                <line number="12" hits="0" branch="false" />
              </lines>
            </method>
            <method name=".ctor" signature="(System.Int32,System.DateTime,System.String,System.String,System.Collections.Generic.IEnumerable`1&lt;System.Uri&gt;,System.Collections.Generic.IEnumerable`1&lt;ProgesiCore.ProgesiSnip&gt;)" line-rate="0.9545454545454546" branch-rate="0.8888888888888888" complexity="18">
              <lines>
                <line number="14" hits="254" branch="false" />
                <line number="15" hits="254" branch="false" />
                <line number="16" hits="254" branch="false" />
                <line number="17" hits="254" branch="false" />
                <line number="18" hits="254" branch="false" />
                <line number="19" hits="254" branch="false" />
                <line number="20" hits="254" branch="false" />
                <line number="22" hits="254" branch="true" condition-coverage="50% (1/2)" />
                <line number="24" hits="0" branch="false" />
                <line number="27" hits="254" branch="false" />
                <line number="28" hits="254" branch="false" />
                <line number="29" hits="254" branch="true" condition-coverage="50% (1/2)" />
                <line number="30" hits="254" branch="true" condition-coverage="100% (2/2)" />
                <line number="32" hits="254" branch="true" condition-coverage="100% (2/2)" />
                <line number="34" hits="1392" branch="true" condition-coverage="100% (2/2)" />
                <line number="36" hits="460" branch="true" condition-coverage="100% (2/2)" />
                <line number="41" hits="460" branch="false" />
                <line number="45" hits="254" branch="true" condition-coverage="100% (2/2)" />
                <line number="47" hits="868" branch="true" condition-coverage="100% (2/2)" />
                <line number="50" hits="220" branch="true" condition-coverage="100% (2/2)" />
                <line number="52" hits="220" branch="false" />
                <line number="56" hits="254" branch="false" />
              </lines>
            </method>
            <method name="GetEqualityComponents" signature="()" line-rate="0" branch-rate="0" complexity="4">
              <lines>
                <line number="178" hits="0" branch="false" />
                <line number="179" hits="0" branch="false" />
                <line number="180" hits="0" branch="false" />
                <line number="182" hits="0" branch="true" condition-coverage="0% (0/2)" />
                <line number="184" hits="0" branch="false" />
                <line number="187" hits="0" branch="true" condition-coverage="0% (0/2)" />
                <line number="189" hits="0" branch="false" />
                <line number="192" hits="0" branch="false" />
                <line number="193" hits="0" branch="false" />
              </lines>
            </method>
          </methods>
          <lines>
            <line number="9" hits="254" branch="false" />
            <line number="10" hits="254" branch="false" />
            <line number="12" hits="0" branch="false" />
            <line number="14" hits="254" branch="false" />
            <line number="15" hits="254" branch="false" />
            <line number="16" hits="254" branch="false" />
            <line number="17" hits="254" branch="false" />
            <line number="18" hits="254" branch="false" />
            <line number="19" hits="254" branch="false" />
            <line number="20" hits="254" branch="false" />
            <line number="22" hits="254" branch="true" condition-coverage="50% (1/2)" />
            <line number="24" hits="0" branch="false" />
            <line number="27" hits="254" branch="false" />
            <line number="28" hits="254" branch="false" />
            <line number="29" hits="254" branch="true" condition-coverage="50% (1/2)" />
            <line number="30" hits="254" branch="true" condition-coverage="100% (2/2)" />
            <line number="32" hits="254" branch="true" condition-coverage="100% (2/2)" />
            <line number="34" hits="1392" branch="true" condition-coverage="100% (2/2)" />
            <line number="36" hits="460" branch="true" condition-coverage="100% (2/2)" />
            <line number="41" hits="460" branch="false" />
            <line number="45" hits="254" branch="true" condition-coverage="100% (2/2)" />
            <line number="47" hits="868" branch="true" condition-coverage="100% (2/2)" />
            <line number="50" hits="220" branch="true" condition-coverage="100% (2/2)" />
            <line number="52" hits="220" branch="false" />
            <line number="56" hits="254" branch="false" />
            <line number="66" hits="254" branch="true" condition-coverage="100% (2/2)" />
            <line number="67" hits="254" branch="false" />
            <line number="68" hits="254" branch="false" />
            <line number="69" hits="254" branch="false" />
            <line number="70" hits="254" branch="false" />
            <line number="71" hits="254" branch="false" />
            <line number="72" hits="254" branch="false" />
            <line number="78" hits="722" branch="false" />
            <line number="80" hits="636" branch="false" />
            <line number="81" hits="906" branch="false" />
            <line number="82" hits="900" branch="false" />
            <line number="85" hits="1152" branch="false" />
            <line number="87" hits="398" branch="false" />
            <line number="91" hits="0" branch="true" condition-coverage="0% (0/2)" />
            <line number="92" hits="0" branch="false" />
            <line number="93" hits="0" branch="false" />
            <line number="97" hits="16" branch="true" condition-coverage="50% (1/2)" />
            <line number="99" hits="0" branch="false" />
            <line number="102" hits="16" branch="false" />
            <line number="103" hits="16" branch="true" condition-coverage="100% (2/2)" />
            <line number="105" hits="14" branch="false" />
            <line number="108" hits="16" branch="false" />
            <line number="109" hits="16" branch="false" />
            <line number="113" hits="0" branch="true" condition-coverage="0% (0/2)" />
            <line number="115" hits="0" branch="false" />
            <line number="118" hits="0" branch="true" condition-coverage="0% (0/2)" />
            <line number="120" hits="0" branch="true" condition-coverage="0% (0/2)" />
            <line number="125" hits="0" branch="false" />
            <line number="126" hits="0" branch="true" condition-coverage="0% (0/2)" />
            <line number="128" hits="0" branch="false" />
            <line number="131" hits="0" branch="false" />
            <line number="132" hits="0" branch="false" />
            <line number="136" hits="2" branch="true" condition-coverage="50% (1/2)" />
            <line number="138" hits="0" branch="false" />
            <line number="141" hits="2" branch="false" />
            <line number="142" hits="2" branch="true" condition-coverage="100% (2/2)" />
            <line number="144" hits="2" branch="false" />
            <line number="147" hits="2" branch="false" />
            <line number="152" hits="40" branch="false" />
            <line number="153" hits="36" branch="false" />
            <line number="154" hits="36" branch="false" />
            <line number="155" hits="36" branch="false" />
            <line number="160" hits="8" branch="false" />
            <line number="161" hits="4" branch="true" condition-coverage="100% (2/2)" />
            <line number="163" hits="2" branch="false" />
            <line number="166" hits="2" branch="false" />
            <line number="167" hits="2" branch="false" />
            <line number="168" hits="2" branch="false" />
            <line number="173" hits="58" branch="false" />
            <line number="174" hits="58" branch="false" />
            <line number="178" hits="0" branch="false" />
            <line number="179" hits="0" branch="false" />
            <line number="180" hits="0" branch="false" />
            <line number="182" hits="0" branch="true" condition-coverage="0% (0/2)" />
            <line number="184" hits="0" branch="false" />
            <line number="187" hits="0" branch="true" condition-coverage="0% (0/2)" />
            <line number="189" hits="0" branch="false" />
            <line number="192" hits="0" branch="false" />
            <line number="193" hits="0" branch="false" />
          </lines>
        </class>
        <class name="ProgesiCore.ProgesiSnip" filename="D:\a\Progesi\Progesi\src\ProgesiCore\ProgesiMetadata.cs" line-rate="0.72" branch-rate="0.7142857142857143" complexity="20">
          <methods>
            <method name="Create" signature="(System.Byte[],System.String,System.String,System.Uri)" line-rate="1" branch-rate="1" complexity="2">
              <lines>
                <line number="226" hits="256" branch="true" condition-coverage="100% (2/2)" />
              </lines>
            </method>
            <method name="get_Id" signature="()" line-rate="1" branch-rate="1" complexity="1">
              <lines>
                <line number="229" hits="420" branch="false" />
              </lines>
            </method>
            <method name="get_Content" signature="()" line-rate="1" branch-rate="1" complexity="1">
              <lines>
                <line number="230" hits="908" branch="false" />
              </lines>
            </method>
            <method name="get_MimeType" signature="()" line-rate="1" branch-rate="1" complexity="1">
              <lines>
                <line number="231" hits="906" branch="false" />
              </lines>
            </method>
            <method name="get_Caption" signature="()" line-rate="1" branch-rate="1" complexity="1">
              <lines>
                <line number="232" hits="674" branch="false" />
              </lines>
            </method>
            <method name="get_Source" signature="()" line-rate="1" branch-rate="1" complexity="1">
              <lines>
                <line number="233" hits="654" branch="false" />
              </lines>
            </method>
            <method name=".ctor" signature="()" line-rate="0" branch-rate="1" complexity="1">
              <lines>
                <line number="198" hits="0" branch="false" />
              </lines>
            </method>
            <method name=".ctor" signature="(System.Guid,System.Byte[],System.String,System.String,System.String)" line-rate="0.9230769230769231" branch-rate="0.8" complexity="10">
              <lines>
                <line number="200" hits="256" branch="false" />
                <line number="202" hits="256" branch="true" condition-coverage="50% (1/2)" />
                <line number="204" hits="0" branch="false" />
                <line number="207" hits="256" branch="true" condition-coverage="100% (4/4)" />
                <line number="209" hits="2" branch="false" />
                <line number="212" hits="254" branch="true" condition-coverage="100% (2/2)" />
                <line number="214" hits="2" branch="false" />
                <line number="217" hits="252" branch="false" />
                <line number="218" hits="252" branch="false" />
                <line number="219" hits="252" branch="false" />
                <line number="220" hits="252" branch="true" condition-coverage="50% (1/2)" />
                <line number="221" hits="252" branch="false" />
                <line number="222" hits="252" branch="false" />
              </lines>
            </method>
            <method name="GetEqualityComponents" signature="()" line-rate="0" branch-rate="0" complexity="2">
              <lines>
                <line number="237" hits="0" branch="false" />
                <line number="238" hits="0" branch="false" />
                <line number="239" hits="0" branch="false" />
                <line number="240" hits="0" branch="true" condition-coverage="0% (0/2)" />
                <line number="241" hits="0" branch="false" />
              </lines>
            </method>
          </methods>
          <lines>
            <line number="198" hits="0" branch="false" />
            <line number="200" hits="256" branch="false" />
            <line number="202" hits="256" branch="true" condition-coverage="50% (1/2)" />
            <line number="204" hits="0" branch="false" />
            <line number="207" hits="256" branch="true" condition-coverage="100% (4/4)" />
            <line number="209" hits="2" branch="false" />
            <line number="212" hits="254" branch="true" condition-coverage="100% (2/2)" />
            <line number="214" hits="2" branch="false" />
            <line number="217" hits="252" branch="false" />
            <line number="218" hits="252" branch="false" />
            <line number="219" hits="252" branch="false" />
            <line number="220" hits="252" branch="true" condition-coverage="50% (1/2)" />
            <line number="221" hits="252" branch="false" />
            <line number="222" hits="252" branch="false" />
            <line number="226" hits="256" branch="true" condition-coverage="100% (2/2)" />
            <line number="229" hits="420" branch="false" />
            <line number="230" hits="908" branch="false" />
            <line number="231" hits="906" branch="false" />
            <line number="232" hits="674" branch="false" />
            <line number="233" hits="654" branch="false" />
            <line number="237" hits="0" branch="false" />
            <line number="238" hits="0" branch="false" />
            <line number="239" hits="0" branch="false" />
            <line number="240" hits="0" branch="true" condition-coverage="0% (0/2)" />
            <line number="241" hits="0" branch="false" />
          </lines>
        </class>
        <class name="ProgesiCore.ProgesiVariable" filename="D:\a\Progesi\Progesi\src\ProgesiCore\ProgesiVariable.cs" line-rate="1" branch-rate="0.625" complexity="15">
          <methods>
            <method name="get_Id" signature="()" line-rate="1" branch-rate="1" complexity="1">
              <lines>
                <line number="10" hits="124" branch="false" />
              </lines>
            </method>
            <method name="get_Name" signature="()" line-rate="1" branch-rate="1" complexity="1">
              <lines>
                <line number="11" hits="192" branch="false" />
              </lines>
            </method>
            <method name="get_Value" signature="()" line-rate="1" branch-rate="1" complexity="1">
              <lines>
                <line number="12" hits="146" branch="false" />
              </lines>
            </method>
            <method name="get_DependsFrom" signature="()" line-rate="1" branch-rate="1" complexity="1">
              <lines>
                <line number="13" hits="186" branch="false" />
              </lines>
            </method>
            <method name="get_MetadataId" signature="()" line-rate="1" branch-rate="1" complexity="1">
              <lines>
                <line number="14" hits="136" branch="false" />
              </lines>
            </method>
            <method name=".ctor" signature="(System.Int32,System.String,System.Object,System.Collections.Generic.IEnumerable`1&lt;System.Int32&gt;,System.Nullable`1&lt;System.Int32&gt;)" line-rate="1" branch-rate="0.5" complexity="4">
              <lines>
                <line number="16" hits="66" branch="false" />
                <line number="18" hits="66" branch="false" />
                <line number="19" hits="66" branch="false" />
                <line number="21" hits="66" branch="false" />
                <line number="22" hits="66" branch="false" />
                <line number="23" hits="66" branch="false" />
                <line number="24" hits="66" branch="true" condition-coverage="50% (2/4)" />
                <line number="25" hits="66" branch="false" />
                <line number="26" hits="66" branch="false" />
              </lines>
            </method>
            <method name="GetEqualityComponents" signature="()" line-rate="1" branch-rate="0.75" complexity="6">
              <lines>
                <line number="31" hits="16" branch="false" />
                <line number="32" hits="16" branch="false" />
                <line number="34" hits="16" branch="true" condition-coverage="100% (2/2)" />
                <line number="35" hits="12" branch="false" />
                <line number="36" hits="132" branch="false" />
                <line number="38" hits="36" branch="false" />
                <line number="41" hits="12" branch="true" condition-coverage="50% (1/2)" />
                <line number="42" hits="12" branch="false" />
              </lines>
            </method>
          </methods>
          <lines>
            <line number="10" hits="124" branch="false" />
            <line number="11" hits="192" branch="false" />
            <line number="12" hits="146" branch="false" />
            <line number="13" hits="186" branch="false" />
            <line number="14" hits="136" branch="false" />
            <line number="16" hits="66" branch="false" />
            <line number="18" hits="66" branch="false" />
            <line number="19" hits="66" branch="false" />
            <line number="21" hits="66" branch="false" />
            <line number="22" hits="66" branch="false" />
            <line number="23" hits="66" branch="false" />
            <line number="24" hits="66" branch="true" condition-coverage="50% (2/4)" />
            <line number="25" hits="66" branch="false" />
            <line number="26" hits="66" branch="false" />
            <line number="31" hits="16" branch="false" />
            <line number="32" hits="16" branch="false" />
            <line number="34" hits="16" branch="true" condition-coverage="100% (2/2)" />
            <line number="35" hits="12" branch="false" />
            <line number="36" hits="132" branch="false" />
            <line number="38" hits="36" branch="false" />
            <line number="41" hits="12" branch="true" condition-coverage="50% (1/2)" />
            <line number="42" hits="12" branch="false" />
          </lines>
        </class>
        <class name="ProgesiCore.ValueObject" filename="D:\a\Progesi\Progesi\src\ProgesiCore\ProgesiValuesObject.cs" line-rate="0.8444444444444444" branch-rate="0.6" complexity="42">
          <methods>
            <method name="Equals" signature="(System.Object)" line-rate="0.8333333333333334" branch-rate="0.75" complexity="4">
              <lines>
                <line number="19" hits="14" branch="true" condition-coverage="50% (1/2)" />
                <line number="21" hits="0" branch="false" />
                <line number="24" hits="14" branch="true" condition-coverage="100% (2/2)" />
                <line number="26" hits="2" branch="false" />
                <line number="29" hits="12" branch="false" />
                <line number="31" hits="12" branch="false" />
              </lines>
            </method>
            <method name="GetHashCode" signature="()" line-rate="1" branch-rate="0.75" complexity="4">
              <lines>
                <line number="36" hits="18" branch="true" condition-coverage="100% (2/2)" />
                <line number="38" hits="12" branch="false" />
                <line number="39" hits="12" branch="false" />
                <line number="40" hits="12" branch="false" />
                <line number="41" hits="12" branch="false" />
                <line number="42" hits="12" branch="false" />
                <line number="43" hits="48" branch="true" condition-coverage="50% (1/2)" />
                <line number="44" hits="12" branch="false" />
                <line number="45" hits="12" branch="false" />
                <line number="48" hits="18" branch="false" />
              </lines>
            </method>
            <method name="CompareTo" signature="(System.Object)" line-rate="0.8333333333333334" branch-rate="0.6666666666666666" complexity="6">
              <lines>
                <line number="53" hits="2" branch="false" />
                <line number="54" hits="2" branch="false" />
                <line number="56" hits="2" branch="true" condition-coverage="50% (1/2)" />
                <line number="58" hits="0" branch="false" />
                <line number="61" hits="2" branch="false" />
                <line number="63" hits="2" branch="false" />
                <line number="64" hits="2" branch="false" />
                <line number="66" hits="12" branch="true" condition-coverage="100% (2/2)" />
                <line number="68" hits="4" branch="false" />
                <line number="69" hits="4" branch="true" condition-coverage="50% (1/2)" />
                <line number="71" hits="0" branch="false" />
                <line number="75" hits="2" branch="false" />
              </lines>
            </method>
            <method name="CompareComponents" signature="(System.Object,System.Object)" line-rate="0.6666666666666666" branch-rate="0.42857142857142855" complexity="14">
              <lines>
                <line number="80" hits="4" branch="true" condition-coverage="50% (2/4)" />
                <line number="82" hits="0" branch="false" />
                <line number="85" hits="4" branch="true" condition-coverage="50% (1/2)" />
                <line number="87" hits="0" branch="false" />
                <line number="90" hits="4" branch="true" condition-coverage="50% (1/2)" />
                <line number="92" hits="0" branch="false" />
                <line number="95" hits="4" branch="true" condition-coverage="33% (2/6)" />
                <line number="96" hits="4" branch="false" />
                <line number="97" hits="4" branch="false" />
              </lines>
            </method>
            <method name="CompareTo" signature="(ProgesiCore.ValueObject)" line-rate="1" branch-rate="1" complexity="1">
              <lines>
                <line number="102" hits="2" branch="false" />
              </lines>
            </method>
            <method name="op_Equality" signature="(ProgesiCore.ValueObject,ProgesiCore.ValueObject)" line-rate="0.6666666666666666" branch-rate="0.75" complexity="8">
              <lines>
                <line number="107" hits="78" branch="true" condition-coverage="75% (3/4)" />
                <line number="109" hits="0" branch="false" />
                <line number="112" hits="78" branch="true" condition-coverage="75% (3/4)" />
              </lines>
            </method>
            <method name="op_Inequality" signature="(ProgesiCore.ValueObject,ProgesiCore.ValueObject)" line-rate="1" branch-rate="1" complexity="1">
              <lines>
                <line number="117" hits="74" branch="false" />
              </lines>
            </method>
            <method name="GetUnproxiedType" signature="(System.Object)" line-rate="1" branch-rate="0.5" complexity="4">
              <lines>
                <line number="125" hits="32" branch="false" />
                <line number="126" hits="32" branch="false" />
                <line number="128" hits="32" branch="true" condition-coverage="50% (2/4)" />
              </lines>
            </method>
          </methods>
          <lines>
            <line number="19" hits="14" branch="true" condition-coverage="50% (1/2)" />
            <line number="21" hits="0" branch="false" />
            <line number="24" hits="14" branch="true" condition-coverage="100% (2/2)" />
            <line number="26" hits="2" branch="false" />
            <line number="29" hits="12" branch="false" />
            <line number="31" hits="12" branch="false" />
            <line number="36" hits="18" branch="true" condition-coverage="100% (2/2)" />
            <line number="38" hits="12" branch="false" />
            <line number="39" hits="12" branch="false" />
            <line number="40" hits="12" branch="false" />
            <line number="41" hits="12" branch="false" />
            <line number="42" hits="12" branch="false" />
            <line number="43" hits="48" branch="true" condition-coverage="50% (1/2)" />
            <line number="44" hits="12" branch="false" />
            <line number="45" hits="12" branch="false" />
            <line number="48" hits="18" branch="false" />
            <line number="53" hits="2" branch="false" />
            <line number="54" hits="2" branch="false" />
            <line number="56" hits="2" branch="true" condition-coverage="50% (1/2)" />
            <line number="58" hits="0" branch="false" />
            <line number="61" hits="2" branch="false" />
            <line number="63" hits="2" branch="false" />
            <line number="64" hits="2" branch="false" />
            <line number="66" hits="12" branch="true" condition-coverage="100% (2/2)" />
            <line number="68" hits="4" branch="false" />
            <line number="69" hits="4" branch="true" condition-coverage="50% (1/2)" />
            <line number="71" hits="0" branch="false" />
            <line number="75" hits="2" branch="false" />
            <line number="80" hits="4" branch="true" condition-coverage="50% (2/4)" />
            <line number="82" hits="0" branch="false" />
            <line number="85" hits="4" branch="true" condition-coverage="50% (1/2)" />
            <line number="87" hits="0" branch="false" />
            <line number="90" hits="4" branch="true" condition-coverage="50% (1/2)" />
            <line number="92" hits="0" branch="false" />
            <line number="95" hits="4" branch="true" condition-coverage="33% (2/6)" />
            <line number="96" hits="4" branch="false" />
            <line number="97" hits="4" branch="false" />
            <line number="102" hits="2" branch="false" />
            <line number="107" hits="78" branch="true" condition-coverage="75% (3/4)" />
            <line number="109" hits="0" branch="false" />
            <line number="112" hits="78" branch="true" condition-coverage="75% (3/4)" />
            <line number="117" hits="74" branch="false" />
            <line number="125" hits="32" branch="false" />
            <line number="126" hits="32" branch="false" />
            <line number="128" hits="32" branch="true" condition-coverage="50% (2/4)" />
          </lines>
        </class>
      </classes>
    </package>
    <package name="ProgesiRepositories.Sqlite" line-rate="0.6902800658978583" branch-rate="0.4105263157894737" complexity="249">
      <classes>
        <class name="ProgesiRepositories.Sqlite.FileLogger" filename="D:\a\Progesi\Progesi\src\ProgesiRepositories.Sqlite\Logging.ErrorImpl.cs" line-rate="0" branch-rate="1" complexity="2">
          <methods>
            <method name="Error" signature="(System.String)" line-rate="0" branch-rate="1" complexity="1">
              <lines>
                <line number="13" hits="0" branch="false" />
              </lines>
            </method>
            <method name="Error" signature="(System.Exception,System.String)" line-rate="0" branch-rate="1" complexity="1">
              <lines>
                <line number="14" hits="0" branch="false" />
              </lines>
            </method>
          </methods>
          <lines>
            <line number="13" hits="0" branch="false" />
            <line number="14" hits="0" branch="false" />
          </lines>
        </class>
        <class name="ProgesiRepositories.Sqlite.FileLogger" filename="D:\a\Progesi\Progesi\src\ProgesiRepositories.Sqlite\Logging.Extras.cs" line-rate="0" branch-rate="0" complexity="15">
          <methods>
            <method name="Now" signature="()" line-rate="0" branch-rate="1" complexity="1">
              <lines>
                <line number="41" hits="0" branch="false" />
              </lines>
            </method>
            <method name="Prefix" signature="(System.String)" line-rate="0" branch-rate="1" complexity="1">
              <lines>
                <line number="42" hits="0" branch="false" />
              </lines>
            </method>
            <method name="WriteLine" signature="(System.String)" line-rate="0" branch-rate="1" complexity="1">
              <lines>
                <line number="46" hits="0" branch="false" />
                <line number="48" hits="0" branch="false" />
                <line number="49" hits="0" branch="false" />
                <line number="50" hits="0" branch="false" />
              </lines>
            </method>
            <method name="Debug" signature="(System.String)" line-rate="0" branch-rate="1" complexity="1">
              <lines>
                <line number="52" hits="0" branch="false" />
              </lines>
            </method>
            <method name="Info" signature="(System.String)" line-rate="0" branch-rate="1" complexity="1">
              <lines>
                <line number="53" hits="0" branch="false" />
              </lines>
            </method>
            <method name="Warn" signature="(System.String)" line-rate="0" branch-rate="1" complexity="1">
              <lines>
                <line number="54" hits="0" branch="false" />
              </lines>
            </method>
            <method name="Error" signature="(System.String,System.Exception)" line-rate="0" branch-rate="0" complexity="2">
              <lines>
                <line number="57" hits="0" branch="false" />
                <line number="58" hits="0" branch="true" condition-coverage="0% (0/2)" />
                <line number="59" hits="0" branch="false" />
              </lines>
            </method>
            <method name="Dispose" signature="()" line-rate="0" branch-rate="1" complexity="1">
              <lines>
                <line number="61" hits="0" branch="false" />
              </lines>
            </method>
            <method name=".ctor" signature="(System.String)" line-rate="0" branch-rate="0" complexity="6">
              <lines>
                <line number="30" hits="0" branch="false" />
                <line number="31" hits="0" branch="false" />
                <line number="33" hits="0" branch="false" />
                <line number="35" hits="0" branch="true" condition-coverage="0% (0/2)" />
                <line number="36" hits="0" branch="false" />
                <line number="37" hits="0" branch="true" condition-coverage="0% (0/4)" />
                <line number="38" hits="0" branch="false" />
                <line number="39" hits="0" branch="false" />
              </lines>
            </method>
          </methods>
          <lines>
            <line number="30" hits="0" branch="false" />
            <line number="31" hits="0" branch="false" />
            <line number="33" hits="0" branch="false" />
            <line number="35" hits="0" branch="true" condition-coverage="0% (0/2)" />
            <line number="36" hits="0" branch="false" />
            <line number="37" hits="0" branch="true" condition-coverage="0% (0/4)" />
            <line number="38" hits="0" branch="false" />
            <line number="39" hits="0" branch="false" />
            <line number="41" hits="0" branch="false" />
            <line number="42" hits="0" branch="false" />
            <line number="46" hits="0" branch="false" />
            <line number="48" hits="0" branch="false" />
            <line number="49" hits="0" branch="false" />
            <line number="50" hits="0" branch="false" />
            <line number="52" hits="0" branch="false" />
            <line number="53" hits="0" branch="false" />
            <line number="54" hits="0" branch="false" />
            <line number="57" hits="0" branch="false" />
            <line number="58" hits="0" branch="true" condition-coverage="0% (0/2)" />
            <line number="59" hits="0" branch="false" />
            <line number="61" hits="0" branch="false" />
          </lines>
        </class>
        <class name="ProgesiRepositories.Sqlite.NullLogger" filename="D:\a\Progesi\Progesi\src\ProgesiRepositories.Sqlite\Logging.cs" line-rate="0.5714285714285714" branch-rate="1" complexity="7">
          <methods>
            <method name="Debug" signature="(System.String)" line-rate="1" branch-rate="1" complexity="1">
              <lines>
                <line number="19" hits="726" branch="false" />
              </lines>
            </method>
            <method name="Info" signature="(System.String)" line-rate="1" branch-rate="1" complexity="1">
              <lines>
                <line number="20" hits="30" branch="false" />
              </lines>
            </method>
            <method name="Warn" signature="(System.String)" line-rate="0" branch-rate="1" complexity="1">
              <lines>
                <line number="21" hits="0" branch="false" />
              </lines>
            </method>
            <method name="Error" signature="(System.String)" line-rate="0" branch-rate="1" complexity="1">
              <lines>
                <line number="22" hits="0" branch="false" />
              </lines>
            </method>
            <method name="Error" signature="(System.Exception,System.String)" line-rate="0" branch-rate="1" complexity="1">
              <lines>
                <line number="23" hits="0" branch="false" />
              </lines>
            </method>
            <method name=".ctor" signature="()" line-rate="1" branch-rate="1" complexity="1">
              <lines>
                <line number="17" hits="4" branch="false" />
              </lines>
            </method>
            <method name=".cctor" signature="()" line-rate="1" branch-rate="1" complexity="1">
              <lines>
                <line number="16" hits="2" branch="false" />
              </lines>
            </method>
          </methods>
          <lines>
            <line number="16" hits="2" branch="false" />
            <line number="17" hits="4" branch="false" />
            <line number="19" hits="726" branch="false" />
            <line number="20" hits="30" branch="false" />
            <line number="21" hits="0" branch="false" />
            <line number="22" hits="0" branch="false" />
            <line number="23" hits="0" branch="false" />
          </lines>
        </class>
        <class name="ProgesiRepositories.Sqlite.RollingFileLogger" filename="D:\a\Progesi\Progesi\src\ProgesiRepositories.Sqlite\Logging.ErrorImpl.cs" line-rate="0" branch-rate="1" complexity="2">
          <methods>
            <method name="Error" signature="(System.String)" line-rate="0" branch-rate="1" complexity="1">
              <lines>
                <line number="19" hits="0" branch="false" />
              </lines>
            </method>
            <method name="Error" signature="(System.Exception,System.String)" line-rate="0" branch-rate="1" complexity="1">
              <lines>
                <line number="20" hits="0" branch="false" />
              </lines>
            </method>
          </methods>
          <lines>
            <line number="19" hits="0" branch="false" />
            <line number="20" hits="0" branch="false" />
          </lines>
        </class>
        <class name="ProgesiRepositories.Sqlite.RollingFileLogger" filename="D:\a\Progesi\Progesi\src\ProgesiRepositories.Sqlite\Logging.Rolling.cs" line-rate="0" branch-rate="0" complexity="36">
          <methods>
            <method name="Now" signature="()" line-rate="0" branch-rate="1" complexity="1">
              <lines>
                <line number="43" hits="0" branch="false" />
              </lines>
            </method>
            <method name="Prefix" signature="(System.String)" line-rate="0" branch-rate="1" complexity="1">
              <lines>
                <line number="44" hits="0" branch="false" />
              </lines>
            </method>
            <method name="Write" signature="(System.String)" line-rate="0" branch-rate="0" complexity="4">
              <lines>
                <line number="48" hits="0" branch="false" />
                <line number="51" hits="0" branch="false" />
                <line number="56" hits="0" branch="false" />
                <line number="57" hits="0" branch="true" condition-coverage="0% (0/4)" />
                <line number="58" hits="0" branch="false" />
                <line number="59" hits="0" branch="false" />
                <line number="60" hits="0" branch="false" />
                <line number="63" hits="0" branch="false" />
                <line number="65" hits="0" branch="false" />
              </lines>
            </method>
            <method name="RotateLocked" signature="()" line-rate="0" branch-rate="0" complexity="10">
              <lines>
                <line number="70" hits="0" branch="true" condition-coverage="0% (0/2)" />
                <line number="72" hits="0" branch="false" />
                <line number="73" hits="0" branch="false" />
                <line number="74" hits="0" branch="true" condition-coverage="0% (0/2)" />
                <line number="76" hits="0" branch="false" />
                <line number="78" hits="0" branch="true" condition-coverage="0% (0/2)" />
                <line number="80" hits="0" branch="false" />
                <line number="85" hits="0" branch="false" />
                <line number="86" hits="0" branch="true" condition-coverage="0% (0/2)" />
                <line number="88" hits="0" branch="false" />
                <line number="90" hits="0" branch="true" condition-coverage="0% (0/2)" />
                <line number="92" hits="0" branch="false" />
                <line number="93" hits="0" branch="false" />
                <line number="98" hits="0" branch="false" />
                <line number="99" hits="0" branch="false" />
                <line number="102" hits="0" branch="false" />
                <line number="103" hits="0" branch="false" />
                <line number="104" hits="0" branch="false" />
                <line number="105" hits="0" branch="false" />
                <line number="107" hits="0" branch="false" />
              </lines>
            </method>
            <method name="Debug" signature="(System.String)" line-rate="0" branch-rate="1" complexity="1">
              <lines>
                <line number="109" hits="0" branch="false" />
              </lines>
            </method>
            <method name="Info" signature="(System.String)" line-rate="0" branch-rate="1" complexity="1">
              <lines>
                <line number="110" hits="0" branch="false" />
              </lines>
            </method>
            <method name="Warn" signature="(System.String)" line-rate="0" branch-rate="1" complexity="1">
              <lines>
                <line number="111" hits="0" branch="false" />
              </lines>
            </method>
            <method name="Error" signature="(System.String,System.Exception)" line-rate="0" branch-rate="0" complexity="2">
              <lines>
                <line number="114" hits="0" branch="false" />
                <line number="115" hits="0" branch="true" condition-coverage="0% (0/2)" />
                <line number="116" hits="0" branch="false" />
              </lines>
            </method>
            <method name="Dispose" signature="()" line-rate="0" branch-rate="1" complexity="1">
              <lines>
                <line number="118" hits="0" branch="false" />
              </lines>
            </method>
            <method name=".ctor" signature="(System.String,System.Int64,System.Int32,System.Boolean)" line-rate="0" branch-rate="0" complexity="14">
              <lines>
                <line number="19" hits="0" branch="false" />
                <line number="20" hits="0" branch="false" />
                <line number="25" hits="0" branch="false" />
                <line number="27" hits="0" branch="true" condition-coverage="0% (0/2)" />
                <line number="28" hits="0" branch="true" condition-coverage="0% (0/2)" />
                <line number="29" hits="0" branch="true" condition-coverage="0% (0/2)" />
                <line number="31" hits="0" branch="false" />
                <line number="32" hits="0" branch="false" />
                <line number="33" hits="0" branch="false" />
                <line number="35" hits="0" branch="false" />
                <line number="36" hits="0" branch="true" condition-coverage="0% (0/4)" />
                <line number="37" hits="0" branch="false" />
                <line number="39" hits="0" branch="true" condition-coverage="0% (0/4)" />
                <line number="40" hits="0" branch="false" />
                <line number="41" hits="0" branch="false" />
              </lines>
            </method>
          </methods>
          <lines>
            <line number="19" hits="0" branch="false" />
            <line number="20" hits="0" branch="false" />
            <line number="25" hits="0" branch="false" />
            <line number="27" hits="0" branch="true" condition-coverage="0% (0/2)" />
            <line number="28" hits="0" branch="true" condition-coverage="0% (0/2)" />
            <line number="29" hits="0" branch="true" condition-coverage="0% (0/2)" />
            <line number="31" hits="0" branch="false" />
            <line number="32" hits="0" branch="false" />
            <line number="33" hits="0" branch="false" />
            <line number="35" hits="0" branch="false" />
            <line number="36" hits="0" branch="true" condition-coverage="0% (0/4)" />
            <line number="37" hits="0" branch="false" />
            <line number="39" hits="0" branch="true" condition-coverage="0% (0/4)" />
            <line number="40" hits="0" branch="false" />
            <line number="41" hits="0" branch="false" />
            <line number="43" hits="0" branch="false" />
            <line number="44" hits="0" branch="false" />
            <line number="48" hits="0" branch="false" />
            <line number="51" hits="0" branch="false" />
            <line number="56" hits="0" branch="false" />
            <line number="57" hits="0" branch="true" condition-coverage="0% (0/4)" />
            <line number="58" hits="0" branch="false" />
            <line number="59" hits="0" branch="false" />
            <line number="60" hits="0" branch="false" />
            <line number="63" hits="0" branch="false" />
            <line number="65" hits="0" branch="false" />
            <line number="70" hits="0" branch="true" condition-coverage="0% (0/2)" />
            <line number="72" hits="0" branch="false" />
            <line number="73" hits="0" branch="false" />
            <line number="74" hits="0" branch="true" condition-coverage="0% (0/2)" />
            <line number="76" hits="0" branch="false" />
            <line number="78" hits="0" branch="true" condition-coverage="0% (0/2)" />
            <line number="80" hits="0" branch="false" />
            <line number="85" hits="0" branch="false" />
            <line number="86" hits="0" branch="true" condition-coverage="0% (0/2)" />
            <line number="88" hits="0" branch="false" />
            <line number="90" hits="0" branch="true" condition-coverage="0% (0/2)" />
            <line number="92" hits="0" branch="false" />
            <line number="93" hits="0" branch="false" />
            <line number="98" hits="0" branch="false" />
            <line number="99" hits="0" branch="false" />
            <line number="102" hits="0" branch="false" />
            <line number="103" hits="0" branch="false" />
            <line number="104" hits="0" branch="false" />
            <line number="105" hits="0" branch="false" />
            <line number="107" hits="0" branch="false" />
            <line number="109" hits="0" branch="false" />
            <line number="110" hits="0" branch="false" />
            <line number="111" hits="0" branch="false" />
            <line number="114" hits="0" branch="false" />
            <line number="115" hits="0" branch="true" condition-coverage="0% (0/2)" />
            <line number="116" hits="0" branch="false" />
            <line number="118" hits="0" branch="false" />
          </lines>
        </class>
        <class name="ProgesiRepositories.Sqlite.SqliteMetadataRepository" filename="D:\a\Progesi\Progesi\src\ProgesiRepositories.Sqlite\SqliteMetadataRepository.cs" line-rate="0.9315068493150684" branch-rate="0.6956521739130435" complexity="60">
          <methods>
            <method name="EnsureSchema" signature="()" line-rate="0.625" branch-rate="0.5" complexity="2">
              <lines>
                <line number="32" hits="24" branch="false" />
                <line number="33" hits="24" branch="false" />
                <line number="35" hits="24" branch="true" condition-coverage="50% (1/2)" />
                <line number="37" hits="24" branch="false" />
                <line number="38" hits="24" branch="false" />
                <line number="39" hits="24" branch="false" />
                <line number="40" hits="24" branch="false" />
                <line number="41" hits="24" branch="false" />
                <line number="42" hits="24" branch="false" />
                <line number="43" hits="24" branch="false" />
                <line number="44" hits="24" branch="false" />
                <line number="45" hits="24" branch="false" />
                <line number="46" hits="24" branch="false" />
                <line number="50" hits="0" branch="false" />
                <line number="51" hits="0" branch="false" />
                <line number="52" hits="0" branch="false" />
                <line number="53" hits="0" branch="false" />
                <line number="54" hits="0" branch="false" />
                <line number="55" hits="0" branch="false" />
                <line number="56" hits="0" branch="false" />
                <line number="57" hits="0" branch="false" />
                <line number="59" hits="0" branch="false" />
                <line number="61" hits="24" branch="false" />
                <line number="62" hits="48" branch="false" />
              </lines>
            </method>
            <method name=".ctor" signature="(System.String,System.Boolean)" line-rate="1" branch-rate="1" complexity="1">
              <lines>
                <line number="18" hits="24" branch="false" />
                <line number="20" hits="24" branch="false" />
                <line number="21" hits="24" branch="false" />
              </lines>
            </method>
            <method name=".ctor" signature="(System.String,System.Boolean,ProgesiRepositories.Sqlite.IProgesiLogger)" line-rate="0" branch-rate="1" complexity="1">
              <lines>
                <line number="25" hits="0" branch="false" />
                <line number="27" hits="0" branch="false" />
                <line number="28" hits="0" branch="false" />
              </lines>
            </method>
            <method name="get_Id" signature="()" line-rate="1" branch-rate="1" complexity="1">
              <lines>
                <line number="255" hits="392" branch="false" />
              </lines>
            </method>
            <method name="get_LastModifiedUtc" signature="()" line-rate="1" branch-rate="1" complexity="1">
              <lines>
                <line number="256" hits="392" branch="false" />
              </lines>
            </method>
            <method name="get_CreatedBy" signature="()" line-rate="1" branch-rate="1" complexity="1">
              <lines>
                <line number="257" hits="468" branch="false" />
              </lines>
            </method>
            <method name="get_AdditionalInfo" signature="()" line-rate="1" branch-rate="1" complexity="1">
              <lines>
                <line number="258" hits="468" branch="false" />
              </lines>
            </method>
            <method name="get_References" signature="()" line-rate="1" branch-rate="1" complexity="1">
              <lines>
                <line number="259" hits="544" branch="false" />
              </lines>
            </method>
            <method name="get_Snips" signature="()" line-rate="1" branch-rate="1" complexity="1">
              <lines>
                <line number="260" hits="544" branch="false" />
              </lines>
            </method>
            <method name="FromDomain" signature="(ProgesiCore.ProgesiMetadata)" line-rate="1" branch-rate="0.5" complexity="6">
              <lines>
                <line number="264" hits="158" branch="true" condition-coverage="50% (2/4)" />
                <line number="265" hits="158" branch="false" />
                <line number="266" hits="158" branch="false" />
                <line number="267" hits="158" branch="false" />
                <line number="268" hits="158" branch="false" />
                <line number="269" hits="158" branch="false" />
                <line number="270" hits="310" branch="false" />
                <line number="271" hits="162" branch="true" condition-coverage="50% (1/2)" />
                <line number="272" hits="162" branch="false" />
                <line number="273" hits="162" branch="false" />
                <line number="274" hits="162" branch="false" />
                <line number="275" hits="162" branch="false" />
                <line number="276" hits="162" branch="false" />
                <line number="277" hits="162" branch="false" />
                <line number="278" hits="162" branch="false" />
                <line number="279" hits="158" branch="false" />
              </lines>
            </method>
            <method name="get_Id" signature="()" line-rate="1" branch-rate="1" complexity="1">
              <lines>
                <line number="285" hits="402" branch="false" />
              </lines>
            </method>
            <method name="get_MimeType" signature="()" line-rate="1" branch-rate="1" complexity="1">
              <lines>
                <line number="286" hits="720" branch="false" />
              </lines>
            </method>
            <method name="get_Caption" signature="()" line-rate="1" branch-rate="1" complexity="1">
              <lines>
                <line number="287" hits="720" branch="false" />
              </lines>
            </method>
            <method name="get_Source" signature="()" line-rate="1" branch-rate="1" complexity="1">
              <lines>
                <line number="288" hits="482" branch="false" />
              </lines>
            </method>
            <method name="get_ContentBase64" signature="()" line-rate="1" branch-rate="1" complexity="1">
              <lines>
                <line number="289" hits="720" branch="false" />
              </lines>
            </method>
            <method name="&lt;GetAsync" signature="()" line-rate="1" branch-rate="0.6666666666666666" complexity="10">
              <lines>
                <line number="70" hits="80" branch="false" />
                <line number="71" hits="80" branch="false" />
                <line number="72" hits="80" branch="false" />
                <line number="73" hits="80" branch="false" />
                <line number="74" hits="80" branch="false" />
                <line number="75" hits="80" branch="false" />
                <line number="76" hits="84" branch="true" condition-coverage="100% (2/2)" />
                <line number="77" hits="80" branch="false" />
                <line number="78" hits="76" branch="false" />
                <line number="79" hits="76" branch="false" />
                <line number="80" hits="80" branch="false" />
                <line number="81" hits="76" branch="false" />
                <line number="82" hits="76" branch="true" condition-coverage="50% (1/2)" />
                <line number="83" hits="80" branch="false" />
                <line number="84" hits="76" branch="false" />
                <line number="85" hits="80" branch="false" />
                <line number="86" hits="222" branch="false" />
                <line number="87" hits="154" branch="true" condition-coverage="67% (4/6)" />
                <line number="88" hits="154" branch="false" />
                <line number="89" hits="154" branch="false" />
                <line number="90" hits="154" branch="false" />
                <line number="91" hits="154" branch="false" />
                <line number="92" hits="80" branch="false" />
                <line number="93" hits="76" branch="true" condition-coverage="50% (1/2)" />
                <line number="94" hits="76" branch="false" />
                <line number="95" hits="76" branch="false" />
                <line number="96" hits="76" branch="false" />
                <line number="97" hits="76" branch="false" />
                <line number="98" hits="76" branch="false" />
                <line number="99" hits="76" branch="false" />
                <line number="100" hits="76" branch="false" />
                <line number="101" hits="80" branch="false" />
                <line number="102" hits="76" branch="false" />
                <line number="103" hits="160" branch="false" />
              </lines>
            </method>
            <method name="&lt;UpsertAsync" signature="()" line-rate="0.9444444444444444" branch-rate="0.6666666666666666" complexity="6">
              <lines>
                <line number="112" hits="158" branch="false" />
                <line number="113" hits="158" branch="false" />
                <line number="114" hits="158" branch="false" />
                <line number="115" hits="158" branch="false" />
                <line number="116" hits="158" branch="false" />
                <line number="117" hits="158" branch="false" />
                <line number="118" hits="158" branch="false" />
                <line number="119" hits="158" branch="false" />
                <line number="120" hits="158" branch="false" />
                <line number="121" hits="158" branch="false" />
                <line number="122" hits="158" branch="true" condition-coverage="100% (2/2)" />
                <line number="123" hits="158" branch="false" />
                <line number="124" hits="82" branch="false" />
                <line number="125" hits="158" branch="false" />
                <line number="126" hits="82" branch="false" />
                <line number="127" hits="82" branch="false" />
                <line number="128" hits="82" branch="false" />
                <line number="129" hits="82" branch="false" />
                <line number="130" hits="82" branch="false" />
                <line number="131" hits="82" branch="false" />
                <line number="132" hits="158" branch="false" />
                <line number="133" hits="82" branch="false" />
                <line number="134" hits="82" branch="false" />
                <line number="135" hits="82" branch="false" />
                <line number="136" hits="158" branch="false" />
                <line number="137" hits="158" branch="false" />
                <line number="138" hits="76" branch="false" />
                <line number="139" hits="158" branch="false" />
                <line number="140" hits="76" branch="false" />
                <line number="141" hits="158" branch="false" />
                <line number="142" hits="76" branch="true" condition-coverage="50% (1/2)" />
                <line number="143" hits="158" branch="false" />
                <line number="144" hits="76" branch="false" />
                <line number="145" hits="76" branch="false" />
                <line number="146" hits="76" branch="false" />
                <line number="147" hits="76" branch="false" />
                <line number="148" hits="158" branch="false" />
                <line number="149" hits="158" branch="false" />
                <line number="150" hits="158" branch="false" />
                <line number="151" hits="0" branch="false" />
                <line number="152" hits="0" branch="false" />
                <line number="153" hits="0" branch="false" />
                <line number="154" hits="158" branch="false" />
                <line number="155" hits="158" branch="false" />
                <line number="156" hits="76" branch="false" />
                <line number="157" hits="76" branch="false" />
                <line number="158" hits="76" branch="false" />
                <line number="159" hits="158" branch="false" />
                <line number="160" hits="76" branch="false" />
                <line number="161" hits="76" branch="false" />
                <line number="162" hits="158" branch="false" />
                <line number="163" hits="76" branch="true" condition-coverage="50% (1/2)" />
                <line number="164" hits="76" branch="false" />
                <line number="165" hits="316" branch="false" />
              </lines>
            </method>
            <method name="&lt;UpsertAndGetIdAsync" signature="()" line-rate="1" branch-rate="0.75" complexity="4">
              <lines>
                <line number="175" hits="58" branch="false" />
                <line number="176" hits="58" branch="false" />
                <line number="177" hits="58" branch="false" />
                <line number="178" hits="58" branch="false" />
                <line number="179" hits="58" branch="false" />
                <line number="180" hits="58" branch="true" condition-coverage="100% (2/2)" />
                <line number="181" hits="58" branch="false" />
                <line number="182" hits="2" branch="false" />
                <line number="183" hits="2" branch="false" />
                <line number="184" hits="58" branch="false" />
                <line number="185" hits="56" branch="false" />
                <line number="186" hits="58" branch="false" />
                <line number="187" hits="56" branch="false" />
                <line number="188" hits="58" branch="false" />
                <line number="189" hits="56" branch="false" />
                <line number="190" hits="56" branch="false" />
                <line number="191" hits="56" branch="true" condition-coverage="50% (1/2)" />
                <line number="192" hits="56" branch="false" />
                <line number="193" hits="56" branch="false" />
                <line number="194" hits="116" branch="false" />
              </lines>
            </method>
            <method name="&lt;DeleteAsync" signature="()" line-rate="1" branch-rate="0.5" complexity="2">
              <lines>
                <line number="201" hits="2" branch="false" />
                <line number="202" hits="2" branch="false" />
                <line number="203" hits="2" branch="false" />
                <line number="204" hits="2" branch="false" />
                <line number="205" hits="2" branch="false" />
                <line number="206" hits="2" branch="false" />
                <line number="207" hits="2" branch="true" condition-coverage="50% (1/2)" />
                <line number="208" hits="2" branch="false" />
                <line number="209" hits="4" branch="false" />
              </lines>
            </method>
            <method name="&lt;ListAsync" signature="()" line-rate="1" branch-rate="1" complexity="6">
              <lines>
                <line number="216" hits="16" branch="false" />
                <line number="217" hits="16" branch="false" />
                <line number="218" hits="16" branch="false" />
                <line number="219" hits="16" branch="false" />
                <line number="220" hits="16" branch="false" />
                <line number="221" hits="16" branch="false" />
                <line number="222" hits="16" branch="false" />
                <line number="223" hits="16" branch="false" />
                <line number="224" hits="16" branch="false" />
                <line number="225" hits="16" branch="false" />
                <line number="226" hits="148" branch="true" condition-coverage="100% (2/2)" />
                <line number="227" hits="16" branch="false" />
                <line number="228" hits="16" branch="false" />
                <line number="229" hits="164" branch="true" condition-coverage="100% (2/2)" />
                <line number="230" hits="16" branch="false" />
                <line number="231" hits="66" branch="false" />
                <line number="232" hits="132" branch="true" condition-coverage="100% (2/2)" />
                <line number="233" hits="16" branch="false" />
                <line number="234" hits="16" branch="false" />
                <line number="235" hits="16" branch="false" />
                <line number="236" hits="32" branch="false" />
              </lines>
            </method>
            <method name="DeleteAsync" signature="()" line-rate="1" branch-rate="0.5" complexity="1">
              <lines>
                <line number="199" hits="2" branch="false" />
                <line number="200" hits="2" branch="false" />
                <line number="201" hits="2" branch="false" />
                <line number="202" hits="2" branch="false" />
                <line number="203" hits="2" branch="false" />
                <line number="204" hits="2" branch="false" />
                <line number="205" hits="2" branch="false" />
                <line number="206" hits="2" branch="false" />
                <line number="207" hits="2" branch="true" condition-coverage="50% (1/2)" />
                <line number="208" hits="2" branch="false" />
                <line number="209" hits="4" branch="false" />
                <line number="210" hits="2" branch="false" />
              </lines>
            </method>
            <method name="GetAsync" signature="()" line-rate="1" branch-rate="0.6666666666666666" complexity="1">
              <lines>
                <line number="68" hits="80" branch="false" />
                <line number="69" hits="80" branch="false" />
                <line number="70" hits="80" branch="false" />
[...]
                <line number="162" hits="28" branch="true" condition-coverage="50% (1/2)" />
                <line number="163" hits="28" branch="false" />
                <line number="164" hits="28" branch="false" />
                <line number="165" hits="28" branch="false" />
                <line number="166" hits="28" branch="false" />
                <line number="167" hits="56" branch="false" />
                <line number="168" hits="28" branch="false" />
              </lines>
            </method>
            <method name="SaveInternalAsync" signature="()" line-rate="0.9838709677419355" branch-rate="0.7857142857142857" complexity="1">
              <lines>
                <line number="76" hits="22" branch="false" />
                <line number="77" hits="22" branch="false" />
                <line number="78" hits="22" branch="false" />
                <line number="79" hits="22" branch="false" />
                <line number="80" hits="22" branch="false" />
                <line number="81" hits="22" branch="false" />
                <line number="82" hits="22" branch="false" />
                <line number="83" hits="22" branch="false" />
                <line number="84" hits="22" branch="false" />
                <line number="85" hits="22" branch="false" />
                <line number="86" hits="22" branch="false" />
                <line number="87" hits="22" branch="false" />
                <line number="88" hits="22" branch="false" />
                <line number="89" hits="22" branch="false" />
                <line number="90" hits="22" branch="true" condition-coverage="100% (4/4)" />
                <line number="91" hits="16" branch="false" />
                <line number="92" hits="22" branch="false" />
                <line number="93" hits="22" branch="false" />
                <line number="94" hits="22" branch="true" condition-coverage="100% (4/4)" />
                <line number="95" hits="22" branch="false" />
                <line number="96" hits="16" branch="false" />
                <line number="97" hits="16" branch="false" />
                <line number="98" hits="22" branch="false" />
                <line number="99" hits="16" branch="false" />
                <line number="100" hits="22" branch="false" />
                <line number="101" hits="22" branch="false" />
                <line number="102" hits="22" branch="false" />
                <line number="103" hits="6" branch="true" condition-coverage="50% (1/2)" />
                <line number="104" hits="6" branch="false" />
                <line number="105" hits="22" branch="false" />
                <line number="106" hits="6" branch="false" />
                <line number="107" hits="22" branch="false" />
                <line number="108" hits="6" branch="false" />
                <line number="109" hits="6" branch="false" />
                <line number="110" hits="6" branch="false" />
                <line number="111" hits="6" branch="false" />
                <line number="112" hits="6" branch="false" />
                <line number="113" hits="6" branch="false" />
                <line number="114" hits="6" branch="false" />
                <line number="115" hits="6" branch="false" />
                <line number="116" hits="6" branch="false" />
                <line number="117" hits="6" branch="false" />
                <line number="118" hits="6" branch="false" />
                <line number="119" hits="6" branch="false" />
                <line number="120" hits="6" branch="true" condition-coverage="50% (1/2)" />
                <line number="121" hits="6" branch="false" />
                <line number="122" hits="6" branch="false" />
                <line number="123" hits="12" branch="true" condition-coverage="50% (1/2)" />
                <line number="124" hits="0" branch="false" />
                <line number="125" hits="6" branch="false" />
                <line number="126" hits="6" branch="false" />
                <line number="127" hits="6" branch="false" />
                <line number="128" hits="6" branch="false" />
                <line number="129" hits="6" branch="false" />
                <line number="130" hits="22" branch="false" />
                <line number="131" hits="6" branch="false" />
                <line number="132" hits="22" branch="false" />
                <line number="133" hits="6" branch="false" />
                <line number="134" hits="22" branch="false" />
                <line number="135" hits="6" branch="false" />
                <line number="136" hits="44" branch="false" />
                <line number="137" hits="22" branch="false" />
              </lines>
            </method>
          </methods>
          <lines>
            <line number="16" hits="6" branch="false" />
            <line number="18" hits="6" branch="false" />
            <line number="19" hits="6" branch="false" />
            <line number="23" hits="0" branch="false" />
            <line number="25" hits="0" branch="false" />
            <line number="26" hits="0" branch="false" />
            <line number="30" hits="6" branch="false" />
            <line number="31" hits="6" branch="false" />
            <line number="33" hits="6" branch="true" condition-coverage="50% (1/2)" />
            <line number="35" hits="6" branch="false" />
            <line number="36" hits="6" branch="false" />
            <line number="37" hits="6" branch="false" />
            <line number="38" hits="6" branch="false" />
            <line number="39" hits="6" branch="false" />
            <line number="40" hits="6" branch="false" />
            <line number="41" hits="6" branch="false" />
            <line number="42" hits="6" branch="false" />
            <line number="43" hits="6" branch="false" />
            <line number="44" hits="6" branch="false" />
            <line number="45" hits="6" branch="false" />
            <line number="46" hits="6" branch="false" />
            <line number="47" hits="6" branch="false" />
            <line number="48" hits="6" branch="false" />
            <line number="52" hits="0" branch="false" />
            <line number="53" hits="0" branch="false" />
            <line number="54" hits="0" branch="false" />
            <line number="55" hits="0" branch="false" />
            <line number="56" hits="0" branch="false" />
            <line number="57" hits="0" branch="false" />
            <line number="58" hits="0" branch="false" />
            <line number="59" hits="0" branch="false" />
            <line number="60" hits="0" branch="false" />
            <line number="61" hits="0" branch="false" />
            <line number="62" hits="0" branch="false" />
            <line number="65" hits="0" branch="false" />
            <line number="67" hits="0" branch="false" />
            <line number="68" hits="6" branch="false" />
            <line number="69" hits="12" branch="false" />
            <line number="72" hits="22" branch="false" />
            <line number="76" hits="22" branch="false" />
            <line number="77" hits="22" branch="false" />
            <line number="78" hits="22" branch="false" />
            <line number="79" hits="22" branch="false" />
            <line number="80" hits="22" branch="false" />
            <line number="81" hits="22" branch="false" />
            <line number="82" hits="22" branch="false" />
            <line number="83" hits="22" branch="false" />
            <line number="84" hits="22" branch="false" />
            <line number="85" hits="22" branch="false" />
            <line number="86" hits="22" branch="false" />
            <line number="87" hits="22" branch="false" />
            <line number="88" hits="22" branch="false" />
            <line number="89" hits="22" branch="false" />
            <line number="90" hits="22" branch="true" condition-coverage="100% (4/4)" />
            <line number="91" hits="16" branch="false" />
            <line number="92" hits="22" branch="false" />
            <line number="93" hits="22" branch="false" />
            <line number="94" hits="22" branch="true" condition-coverage="100% (4/4)" />
            <line number="95" hits="22" branch="false" />
            <line number="96" hits="16" branch="false" />
            <line number="97" hits="16" branch="false" />
            <line number="98" hits="22" branch="false" />
            <line number="99" hits="16" branch="false" />
            <line number="100" hits="22" branch="false" />
            <line number="101" hits="22" branch="false" />
            <line number="102" hits="22" branch="false" />
            <line number="103" hits="6" branch="true" condition-coverage="50% (1/2)" />
            <line number="104" hits="6" branch="false" />
            <line number="105" hits="22" branch="false" />
            <line number="106" hits="6" branch="false" />
            <line number="107" hits="22" branch="false" />
            <line number="108" hits="6" branch="false" />
            <line number="109" hits="6" branch="false" />
            <line number="110" hits="6" branch="false" />
            <line number="111" hits="6" branch="false" />
            <line number="112" hits="6" branch="false" />
            <line number="113" hits="6" branch="false" />
            <line number="114" hits="6" branch="false" />
            <line number="115" hits="6" branch="false" />
            <line number="116" hits="6" branch="false" />
            <line number="117" hits="6" branch="false" />
            <line number="118" hits="6" branch="false" />
            <line number="119" hits="6" branch="false" />
            <line number="120" hits="6" branch="true" condition-coverage="50% (1/2)" />
            <line number="121" hits="6" branch="false" />
            <line number="122" hits="6" branch="false" />
            <line number="123" hits="12" branch="true" condition-coverage="50% (1/2)" />
            <line number="124" hits="0" branch="false" />
            <line number="125" hits="6" branch="false" />
            <line number="126" hits="6" branch="false" />
            <line number="127" hits="6" branch="false" />
            <line number="128" hits="6" branch="false" />
            <line number="129" hits="6" branch="false" />
            <line number="130" hits="22" branch="false" />
            <line number="131" hits="6" branch="false" />
            <line number="132" hits="22" branch="false" />
            <line number="133" hits="6" branch="false" />
            <line number="134" hits="22" branch="false" />
            <line number="135" hits="6" branch="false" />
            <line number="136" hits="44" branch="false" />
            <line number="137" hits="22" branch="false" />
            <line number="142" hits="28" branch="false" />
            <line number="143" hits="28" branch="false" />
            <line number="144" hits="28" branch="false" />
            <line number="145" hits="28" branch="false" />
            <line number="146" hits="28" branch="false" />
            <line number="147" hits="28" branch="false" />
            <line number="148" hits="28" branch="false" />
            <line number="149" hits="28" branch="false" />
            <line number="150" hits="28" branch="true" condition-coverage="50% (1/2)" />
            <line number="151" hits="28" branch="false" />
            <line number="152" hits="0" branch="false" />
            <line number="153" hits="0" branch="false" />
            <line number="154" hits="28" branch="false" />
            <line number="155" hits="28" branch="false" />
            <line number="156" hits="28" branch="false" />
            <line number="157" hits="28" branch="false" />
            <line number="158" hits="28" branch="false" />
            <line number="159" hits="28" branch="false" />
            <line number="160" hits="28" branch="true" condition-coverage="50% (1/2)" />
            <line number="161" hits="28" branch="true" condition-coverage="50% (1/2)" />
            <line number="162" hits="28" branch="true" condition-coverage="50% (1/2)" />
            <line number="163" hits="28" branch="false" />
            <line number="164" hits="28" branch="false" />
            <line number="165" hits="28" branch="false" />
            <line number="166" hits="28" branch="false" />
            <line number="167" hits="56" branch="false" />
            <line number="168" hits="28" branch="false" />
            <line number="173" hits="4" branch="false" />
            <line number="174" hits="4" branch="false" />
            <line number="175" hits="4" branch="false" />
            <line number="176" hits="4" branch="false" />
            <line number="177" hits="4" branch="true" condition-coverage="100% (2/2)" />
            <line number="178" hits="4" branch="false" />
            <line number="179" hits="4" branch="false" />
            <line number="180" hits="4" branch="false" />
            <line number="181" hits="4" branch="false" />
            <line number="182" hits="12" branch="true" condition-coverage="100% (2/2)" />
            <line number="183" hits="4" branch="false" />
            <line number="184" hits="16" branch="true" condition-coverage="100% (2/2)" />
            <line number="185" hits="4" branch="false" />
            <line number="186" hits="4" branch="false" />
            <line number="187" hits="4" branch="false" />
            <line number="188" hits="4" branch="false" />
            <line number="189" hits="8" branch="true" condition-coverage="100% (2/2)" />
            <line number="190" hits="4" branch="false" />
            <line number="191" hits="4" branch="false" />
            <line number="192" hits="4" branch="false" />
            <line number="193" hits="4" branch="false" />
            <line number="194" hits="8" branch="false" />
            <line number="195" hits="4" branch="false" />
            <line number="199" hits="0" branch="false" />
            <line number="200" hits="0" branch="false" />
            <line number="201" hits="0" branch="false" />
            <line number="202" hits="0" branch="false" />
            <line number="203" hits="0" branch="false" />
            <line number="204" hits="0" branch="false" />
            <line number="205" hits="0" branch="false" />
            <line number="206" hits="0" branch="false" />
            <line number="207" hits="0" branch="true" condition-coverage="0% (0/2)" />
            <line number="208" hits="0" branch="false" />
            <line number="209" hits="0" branch="false" />
            <line number="210" hits="0" branch="false" />
            <line number="214" hits="0" branch="true" condition-coverage="0% (0/2)" />
            <line number="215" hits="0" branch="false" />
            <line number="216" hits="0" branch="true" condition-coverage="0% (0/2)" />
            <line number="218" hits="0" branch="false" />
            <line number="219" hits="0" branch="false" />
            <line number="220" hits="0" branch="false" />
            <line number="221" hits="0" branch="false" />
            <line number="222" hits="0" branch="false" />
            <line number="223" hits="0" branch="true" condition-coverage="0% (0/2)" />
            <line number="224" hits="0" branch="false" />
            <line number="225" hits="0" branch="false" />
            <line number="226" hits="0" branch="false" />
            <line number="227" hits="0" branch="false" />
            <line number="228" hits="0" branch="false" />
            <line number="229" hits="0" branch="false" />
            <line number="230" hits="0" branch="false" />
            <line number="231" hits="0" branch="false" />
            <line number="232" hits="0" branch="false" />
            <line number="233" hits="0" branch="false" />
            <line number="234" hits="0" branch="false" />
            <line number="235" hits="0" branch="false" />
          </lines>
        </class>
        <class name="ProgesiRepositories.Sqlite.SqliteVariableRepositoryLegacyExtensions" filename="D:\a\Progesi\Progesi\src\ProgesiRepositories.Sqlite\SqliteVariableRepository.LegacyExtensions.cs" line-rate="0" branch-rate="1" complexity="1">
          <methods>
            <method name="GetById" signature="(ProgesiRepositories.Sqlite.SqliteVariableRepository,System.Int32)" line-rate="0" branch-rate="1" complexity="1">
              <lines>
                <line number="7" hits="0" branch="false" />
              </lines>
            </method>
          </methods>
          <lines>
            <line number="7" hits="0" branch="false" />
          </lines>
        </class>
        <class name="ProgesiRepositories.Sqlite.TraceLogger" filename="D:\a\Progesi\Progesi\src\ProgesiRepositories.Sqlite\Logging.ErrorImpl.cs" line-rate="0" branch-rate="1" complexity="2">
          <methods>
            <method name="Error" signature="(System.String)" line-rate="0" branch-rate="1" complexity="1">
              <lines>
                <line number="7" hits="0" branch="false" />
              </lines>
            </method>
            <method name="Error" signature="(System.Exception,System.String)" line-rate="0" branch-rate="1" complexity="1">
              <lines>
                <line number="8" hits="0" branch="false" />
              </lines>
            </method>
          </methods>
          <lines>
            <line number="7" hits="0" branch="false" />
            <line number="8" hits="0" branch="false" />
          </lines>
        </class>
        <class name="ProgesiRepositories.Sqlite.TraceLogger" filename="D:\a\Progesi\Progesi\src\ProgesiRepositories.Sqlite\Logging.Extras.cs" line-rate="0" branch-rate="0" complexity="7">
          <methods>
            <method name="Now" signature="()" line-rate="0" branch-rate="1" complexity="1">
              <lines>
                <line number="13" hits="0" branch="false" />
              </lines>
            </method>
            <method name="Prefix" signature="(System.String)" line-rate="0" branch-rate="1" complexity="1">
              <lines>
                <line number="14" hits="0" branch="false" />
              </lines>
            </method>
            <method name="Debug" signature="(System.String)" line-rate="0" branch-rate="1" complexity="1">
              <lines>
                <line number="16" hits="0" branch="false" />
              </lines>
            </method>
            <method name="Info" signature="(System.String)" line-rate="0" branch-rate="1" complexity="1">
              <lines>
                <line number="17" hits="0" branch="false" />
              </lines>
            </method>
            <method name="Warn" signature="(System.String)" line-rate="0" branch-rate="1" complexity="1">
              <lines>
                <line number="18" hits="0" branch="false" />
              </lines>
            </method>
            <method name="Error" signature="(System.String,System.Exception)" line-rate="0" branch-rate="0" complexity="2">
              <lines>
                <line number="21" hits="0" branch="false" />
                <line number="22" hits="0" branch="true" condition-coverage="0% (0/2)" />
                <line number="23" hits="0" branch="false" />
              </lines>
            </method>
          </methods>
          <lines>
            <line number="13" hits="0" branch="false" />
            <line number="14" hits="0" branch="false" />
            <line number="16" hits="0" branch="false" />
            <line number="17" hits="0" branch="false" />
            <line number="18" hits="0" branch="false" />
            <line number="21" hits="0" branch="false" />
            <line number="22" hits="0" branch="true" condition-coverage="0% (0/2)" />
            <line number="23" hits="0" branch="false" />
          </lines>
        </class>
      </classes>
    </package>
  </packages>
</coverage>